55:15.540004-1155975,DBMSSQL,5,process=rphost,p:processName=AstOffice,OSThread=1068,t:clientID=2223,t:applicationName=WebServerExtension,t:computerName=Ast1COffice,t:connectID=2029,SessionID=37384,Usr=MatrixMechta,DBMS=DBMSSQL,DataBase=ASTSQLOFFICE2\AstOffice,Trans=0,dbpid=79,Sql='SELECT
T1._IDRRef
FROM dbo._Document21650 T1 WITH(NOLOCK)
WHERE T1._Posted = 0x01 AND (T1._Fld21654_TYPE = 0x08 AND T1._Fld21654_RTRef = 0x000000B3) AND (T1._Fld21654_TYPE = 0x08 AND T1._Fld21654_RTRef = 0x000000B3 AND T1._Fld21654_RRRef IN
(SELECT
T2._IDRRef AS Q_001_F_000RRef
FROM dbo._Document179 T2 WITH(NOLOCK)
WHERE (T2._Fld3251_TYPE = 0x08 AND T2._Fld3251_RTRef = 0x000000B3 AND T2._Fld3251_RRRef = ?) AND T2._Posted = 0x01)) AND (T1._Fld21659RRef = ?)
p_0: 0xB6CD005056B63BCB11EDD3F2298E58F9
p_1: 0xB2AD53436D75F68A48CF1D1672BDA9B1
',Rows=0,RowsAffected=0,Context='
HTTPСервис.GetOrderInfo.Модуль : 126 : ЧекЗаДоставку = ЧекЗаДоставкуВыбит(Заказ);
	HTTPСервис.GetOrderInfo.Модуль : 889 : Выборка = Запрос.Выполнить().Выбрать();'
55:16.665004-2155985,DBMSSQL,6,process=rphost,p:processName=AstOffice,OSThread=8876,t:clientID=2610,t:applicationName=WebServerExtension,t:computerName=Ast1COffice,t:connectID=6988,SessionID=37388,Usr=УзлыИБ,DBMS=DBMSSQL,DataBase=ASTSQLOFFICE2\AstOffice,Trans=1,dbpid=104,Sql='SELECT
T1.Fld11324RRef,
T1.Fld11325RRef,
CAST(SUM(T1.Fld11327Balance_) AS NUMERIC(38, 8)),
T13._Fld1303RRef,
T13._Fld1299RRef,
T14._Fld952,
T1.Fld11323RRef,
T1.Fld11322RRef,
T1.Fld11321_TYPE,
T1.Fld11321_RTRef,
T1.Fld11321_RRRef,
MAX(ISNULL(CAST(T5.Fld12124Balance_ AS NUMERIC(33, 3)),0.0)),
MAX(ISNULL(CAST(T9.Fld12211Balance_ AS NUMERIC(33, 3)),0.0))
FROM (SELECT
T2.Fld11324RRef AS Fld11324RRef,
T2.Fld11325RRef AS Fld11325RRef,
T2.Fld11323RRef AS Fld11323RRef,
T2.Fld11322RRef AS Fld11322RRef,
T2.Fld11321_TYPE AS Fld11321_TYPE,
T2.Fld11321_RTRef AS Fld11321_RTRef,
T2.Fld11321_RRRef AS Fld11321_RRRef,
CAST(SUM(T2.Fld11327Balance_) AS NUMERIC(33, 3)) AS Fld11327Balance_
FROM (SELECT
T3._Fld11324RRef AS Fld11324RRef,
T3._Fld11325RRef AS Fld11325RRef,
T3._Fld11323RRef AS Fld11323RRef,
T3._Fld11322RRef AS Fld11322RRef,
T3._Fld11321_TYPE AS Fld11321_TYPE,
T3._Fld11321_RTRef AS Fld11321_RTRef,
T3._Fld11321_RRRef AS Fld11321_RRRef,
CAST(SUM(T3._Fld11327) AS NUMERIC(27, 3)) AS Fld11327Balance_
FROM dbo._AccumRgT11329 T3 WITH(SERIALIZABLE)
WHERE T3._Period = ? AND ((T3._Fld11322RRef = ?) AND (T3._Fld11323RRef IN (?))) AND (T3._Fld11327 <> ?) AND (T3._Fld11327 <> ?)
GROUP BY T3._Fld11324RRef,
T3._Fld11325RRef,
T3._Fld11323RRef,
T3._Fld11322RRef,
T3._Fld11321_TYPE,
T3._Fld11321_RTRef,
T3._Fld11321_RRRef
HAVING (CAST(SUM(T3._Fld11327) AS NUMERIC(27, 3))) <> 0.0
UNION ALL SELECT
T4._Fld11324RRef AS Fld11324RRef,
T4._Fld11325RRef AS Fld11325RRef,
T4._Fld11323RRef AS Fld11323RRef,
T4._Fld11322RRef AS Fld11322RRef,
T4._Fld11321_TYPE AS Fld11321_TYPE,
T4._Fld11321_RTRef AS Fld11321_RTRef,
T4._Fld11321_RRRef AS Fld11321_RRRef,
CAST(CAST(SUM(CASE WHEN T4._RecordKind = 0.0 THEN -T4._Fld11327 ELSE T4._Fld11327 END) AS NUMERIC(21, 3)) AS NUMERIC(27, 3)) AS Fld11327Balance_
FROM dbo._AccumRg11320 T4 WITH(SERIALIZABLE)
WHERE T4._Period >= ? AND T4._Period < ? AND T4._Active = 0x01 AND ((T4._Fld11322RRef = ?) AND (T4._Fld11323RRef IN (?)))
GROUP BY T4._Fld11324RRef,
T4._Fld11325RRef,
T4._Fld11323RRef,
T4._Fld11322RRef,
T4._Fld11321_TYPE,
T4._Fld11321_RTRef,
T4._Fld11321_RRRef
HAVING (CAST(CAST(SUM(CASE WHEN T4._RecordKind = 0.0 THEN -T4._Fld11327 ELSE T4._Fld11327 END) AS NUMERIC(21, 3)) AS NUMERIC(27, 3))) <> 0.0) T2
GROUP BY T2.Fld11324RRef,
T2.Fld11325RRef,
T2.Fld11323RRef,
T2.Fld11322RRef,
T2.Fld11321_TYPE,
T2.Fld11321_RTRef,
T2.Fld11321_RRRef
HAVING (CAST(SUM(T2.Fld11327Balance_) AS NUMERIC(33, 3))) <> 0.0) T1
LEFT OUTER JOIN (SELECT
T6.Fld12121RRef AS Fld12121RRef,
T6.Fld12122RRef AS Fld12122RRef,
CAST(SUM(T6.Fld12124Balance_) AS NUMERIC(33, 3)) AS Fld12124Balance_
FROM (SELECT
T7._Fld12121RRef AS Fld12121RRef,
T7._Fld12122RRef AS Fld12122RRef,
CAST(SUM(T7._Fld12124) AS NUMERIC(27, 3)) AS Fld12124Balance_
FROM dbo._AccumRgT12127 T7 WITH(SERIALIZABLE)
WHERE T7._Period = ? AND ((T7._Fld12119RRef = 0x00000000000000000000000000000000) AND (T7._Fld12120_TYPE = 0x08 AND T7._Fld12120_RTRef = 0x000000A6 AND T7._Fld12120_RRRef = ?)) AND (T7._Fld12124 <> ?) AND (T7._Fld12124 <> ?)
GROUP BY T7._Fld12121RRef,
T7._Fld12122RRef
HAVING (CAST(SUM(T7._Fld12124) AS NUMERIC(27, 3))) <> 0.0
UNION ALL SELECT
T8._Fld12121RRef AS Fld12121RRef,
T8._Fld12122RRef AS Fld12122RRef,
CAST(CAST(SUM(CASE WHEN T8._RecordKind = 0.0 THEN -T8._Fld12124 ELSE T8._Fld12124 END) AS NUMERIC(21, 3)) AS NUMERIC(27, 3)) AS Fld12124Balance_
FROM dbo._AccumRg12118 T8 WITH(SERIALIZABLE)
WHERE T8._Period >= ? AND T8._Period < ? AND T8._Active = 0x01 AND ((T8._Fld12119RRef = 0x00000000000000000000000000000000) AND (T8._Fld12120_TYPE = 0x08 AND T8._Fld12120_RTRef = 0x000000A6 AND T8._Fld12120_RRRef = ?))
GROUP BY T8._Fld12121RRef,
T8._Fld12122RRef
HAVING (CAST(CAST(SUM(CASE WHEN T8._RecordKind = 0.0 THEN -T8._Fld12124 ELSE T8._Fld12124 END) AS NUMERIC(21, 3)) AS NUMERIC(27, 3))) <> 0.0) T6
GROUP BY T6.Fld12121RRef,
T6.Fld12122RRef
HAVING (CAST(SUM(T6.Fld12124Balance_) AS NUMERIC(33, 3))) <> 0.0) T5
ON (T1.Fld11324RRef = T5.Fld12121RRef) AND (T1.Fld11325RRef = T5.Fld12122RRef)
LEFT OUTER JOIN (SELECT
T10.Fld12207RRef AS Fld12207RRef,
T10.Fld12208RRef AS Fld12208RRef,
CAST(SUM(T10.Fld12211Balance_) AS NUMERIC(33, 3)) AS Fld12211Balance_
FROM (SELECT
T11._Fld12207RRef AS Fld12207RRef,
T11._Fld12208RRef AS Fld12208RRef,
CAST(SUM(T11._Fld12211) AS NUMERIC(27, 3)) AS Fld12211Balance_
FROM dbo._AccumRgT12213 T11 WITH(SERIALIZABLE)
WHERE T11._Period = ? AND ((T11._Fld12206RRef = 0x00000000000000000000000000000000)) AND (T11._Fld12211 <> ?) AND (T11._Fld12211 <> ?)
GROUP BY T11._Fld12207RRef,
T11._Fld12208RRef
HAVING (CAST(SUM(T11._Fld12211) AS NUMERIC(27, 3))) <> 0.0
UNION ALL SELECT
T12._Fld12207RRef AS Fld12207RRef,
T12._Fld12208RRef AS Fld12208RRef,
CAST(CAST(SUM(CASE WHEN T12._RecordKind = 0.0 THEN -T12._Fld12211 ELSE T12._Fld12211 END) AS NUMERIC(21, 3)) AS NUMERIC(27, 3)) AS Fld12211Balance_
FROM dbo._AccumRg12205 T12 WITH(SERIALIZABLE)
WHERE T12._Period >= ? AND T12._Period < ? AND T12._Active = 0x01 AND ((T12._Fld12206RRef = 0x00000000000000000000000000000000))
GROUP BY T12._Fld12207RRef,
T12._Fld12208RRef
HAVING (CAST(CAST(SUM(CASE WHEN T12._RecordKind = 0.0 THEN -T12._Fld12211 ELSE T12._Fld12211 END) AS NUMERIC(21, 3)) AS NUMERIC(27, 3))) <> 0.0) T10
GROUP BY T10.Fld12207RRef,
T10.Fld12208RRef
HAVING (CAST(SUM(T10.Fld12211Balance_) AS NUMERIC(33, 3))) <> 0.0) T9
ON (T1.Fld11324RRef = T9.Fld12207RRef) AND (T1.Fld11325RRef = T9.Fld12208RRef)
LEFT OUTER JOIN dbo._Reference84 T13 WITH(REPEATABLEREAD)
ON T1.Fld11324RRef = T13._IDRRef
LEFT OUTER JOIN dbo._Reference58 T14 WITH(REPEATABLEREAD)
ON T13._Fld1299RRef = T14._IDRRef
GROUP BY T1.Fld11324RRef,
T1.Fld11325RRef,
T1.Fld11323RRef,
T1.Fld11322RRef,
T1.Fld11321_TYPE,
T1.Fld11321_RTRef,
T1.Fld11321_RRRef,
T13._Fld1303RRef,
T13._Fld1299RRef,
T14._Fld952
HAVING (MAX(ISNULL(CAST(T9.Fld12211Balance_ AS NUMERIC(33, 3)),0.0)) > 0.0) AND (CAST(SUM(T1.Fld11327Balance_) AS NUMERIC(38, 8)) > 0.0)
p_0: 59991101000000
p_1: 0xB9A0801844E0818D11EDD511399664B3
p_2: 0x8F435A1228BDACD2403F1434B4850FC4
p_3: 0N
p_4: 0N
p_5: 40230407135514
p_6: 59991101000000
p_7: 0xB9A0801844E0818D11EDD511399664B3
p_8: 0x8F435A1228BDACD2403F1434B4850FC4
p_9: 59991101000000
p_10: 0xB9A0801844E0818D11EDD511399664B3
p_11: 0N
p_12: 0N
p_13: 40230407135514
p_14: 59991101000000
p_15: 0xB9A0801844E0818D11EDD511399664B3
p_16: 59991101000000
p_17: 0N
p_18: 0N
p_19: 40230407135514
p_20: 59991101000000
',Rows=0,RowsAffected=0,Context='
WebСервис.GetRegister.Модуль : 239 : Док = МЧТ_МодульСПолнымиПравами.СформироватьПФ(ДокументОснование,Отправитель,Получатель,Действие);
	ОбщийМодуль.МЧТ_МодульСПолнымиПравами.Модуль : 7063 : Док.ЗаполнитьПоДокументуОснования(Основание);
		Документ.РеализацияТоваровУслуг.МодульОбъекта : 5070 : УправлениеЗаказами.ЗаполнитьОстаткамиТоваровСРезервомПоВнутреннемуЗаказу(ЭтотОбъект, Основание, Товары, Склад, ТекущаяДата());
			ОбщийМодуль.УправлениеЗаказами.Модуль : 1330 : ВыборкаПоНоменклатуре = Запрос.Выполнить().Выбрать(ОбходРезультатаЗапроса.ПоГруппировкам);'
55:24.525002-3296996,DBMSSQL,6,process=rphost,p:processName=AstOffice,OSThread=8876,t:clientID=2610,t:applicationName=WebServerExtension,t:computerName=Ast1COffice,t:connectID=6988,SessionID=37388,Usr=УзлыИБ,DBMS=DBMSSQL,DataBase=ASTSQLOFFICE2\AstOffice,Trans=1,dbpid=104,Sql='SELECT
T2.Fld17926_TYPE,
T2.Fld17926_RTRef,
T2.Fld17926_RRRef,
ISNULL(CAST(T2.Fld17930Balance_ AS NUMERIC(33, 2)),?),
T1._Q_000_F_000RRef,
T1._Q_000_F_001,
T1._Q_000_F_002
FROM #tt88 T1 WITH(NOLOCK)
LEFT OUTER JOIN (SELECT
T3.Fld17928RRef AS Fld17928RRef,
T3.Fld17926_TYPE AS Fld17926_TYPE,
T3.Fld17926_RTRef AS Fld17926_RTRef,
T3.Fld17926_RRRef AS Fld17926_RRRef,
CAST(SUM(T3.Fld17930Balance_) AS NUMERIC(33, 2)) AS Fld17930Balance_
FROM (SELECT
T4._Fld17928RRef AS Fld17928RRef,
T4._Fld17926_TYPE AS Fld17926_TYPE,
T4._Fld17926_RTRef AS Fld17926_RTRef,
T4._Fld17926_RRRef AS Fld17926_RRRef,
CAST(SUM(T4._Fld17930) AS NUMERIC(27, 2)) AS Fld17930Balance_
FROM dbo._AccumRgT17931 T4 WITH(SERIALIZABLE, UPDLOCK)
WHERE T4._Period = ? AND ((T4._Fld17927RRef = ?) AND T4._Fld17928RRef IN
(SELECT
T5._Q_000_F_000RRef AS Q_001_F_000RRef
FROM #tt88 T5 WITH(NOLOCK))) AND (T4._Fld17930 <> ?) AND (T4._Fld17930 <> ?)
GROUP BY T4._Fld17928RRef,
T4._Fld17926_TYPE,
T4._Fld17926_RTRef,
T4._Fld17926_RRRef
HAVING (CAST(SUM(T4._Fld17930) AS NUMERIC(27, 2))) <> 0.0
UNION ALL SELECT
T6._Fld17928RRef AS Fld17928RRef,
T6._Fld17926_TYPE AS Fld17926_TYPE,
T6._Fld17926_RTRef AS Fld17926_RTRef,
T6._Fld17926_RRRef AS Fld17926_RRRef,
CAST(CAST(SUM(CASE WHEN T6._RecordKind = 0.0 THEN -T6._Fld17930 ELSE T6._Fld17930 END) AS NUMERIC(21, 2)) AS NUMERIC(27, 2)) AS Fld17930Balance_
FROM dbo._AccumRg17924 T6 WITH(SERIALIZABLE, UPDLOCK)
WHERE T6._Period > ? AND T6._Period < ? AND T6._Active = 0x01 AND ((T6._Fld17927RRef = ?) AND T6._Fld17928RRef IN
(SELECT
T7._Q_000_F_000RRef AS Q_001_F_000RRef
FROM #tt88 T7 WITH(NOLOCK)))
GROUP BY T6._Fld17928RRef,
T6._Fld17926_TYPE,
T6._Fld17926_RTRef,
T6._Fld17926_RRRef
HAVING (CAST(CAST(SUM(CASE WHEN T6._RecordKind = 0.0 THEN -T6._Fld17930 ELSE T6._Fld17930 END) AS NUMERIC(21, 2)) AS NUMERIC(27, 2))) <> 0.0) T3
GROUP BY T3.Fld17928RRef,
T3.Fld17926_TYPE,
T3.Fld17926_RTRef,
T3.Fld17926_RRRef
HAVING (CAST(SUM(T3.Fld17930Balance_) AS NUMERIC(33, 2))) <> 0.0) T2
ON (T1._Q_000_F_000RRef = T2.Fld17928RRef)
ORDER BY (T2.Fld17926_TYPE), (T2.Fld17926_RTRef), (T2.Fld17926_RRRef)
p_0: 0N
p_1: 59991101000000
p_2: 0x958674D02B32993811E47545487BA220
p_3: 0N
p_4: 0N
p_5: 40230407135118
p_6: 59991101000000
p_7: 0x958674D02B32993811E47545487BA220
',Rows=172,RowsAffected=-1,Context='
WebСервис.GetRegister.Модуль : 260 : ОФ.Записать(РежимЗаписиДокумента.Проведение, РежимПроведенияДокумента.Неоперативный);
	Документ.ПоступлениеТоваровУслуг.МодульОбъекта : 6712 : ДвиженияПоРегистрам(РежимПроведения, СтруктураШапкиДокумента,
		Документ.ПоступлениеТоваровУслуг.МодульОбъекта : 4661 : ДвиженияПоРегистрамУпр(РежимПроведения, СтруктураШапкиДокумента,
			Документ.ПоступлениеТоваровУслуг.МодульОбъекта : 5417 : БМ_ОбщийМодуль.ВыполнитьДвижениеПартии(ЭтотОбъект,Отказ);
				ОбщийМодуль.БМ_ОбщийМодуль.Модуль : 714 : ДвиженияПеремещениеПартии(Движения, Источник, СтруктурноеПодразделениеОтправитель,СтруктурноеПодразделениеПолучатель, "Товары", , 1);
					ОбщийМодуль.БМ_ОбщийМодуль.Модуль : 458 : ДвиженияПеремещениеПартииНовый(Движения, Источник, СтруктурноеПодразделениеОтправитель, СтруктурноеПодразделениеПолучатель, Таблица, ТИПНоменклатуры, Ед, ВозвратП);
						ОбщийМодуль.БМ_ОбщийМодуль.Модуль : 527 : РезультатЗапроса = Запрос.Выполнить();'
55:26.384041-1125022,DBMSSQL,5,process=rphost,p:processName=AstOffice,OSThread=8876,t:clientID=2610,t:applicationName=WebServerExtension,t:computerName=Ast1COffice,t:connectID=6988,SessionID=37388,Usr=УзлыИБ,DBMS=DBMSSQL,DataBase=ASTSQLOFFICE2\AstOffice,Trans=1,dbpid=104,Sql=COMMIT TRANSACTION
56:17.257042-1032006,DBMSSQL,5,process=rphost,p:processName=AstOffice,OSThread=10032,t:clientID=2096,t:applicationName=WebServerExtension,t:computerName=Ast1COffice,t:connectID=1911,SessionID=37491,Usr=УзлыИБ,AppID=HTTPServiceConnection,DBMS=DBMSSQL,DataBase=ASTSQLOFFICE2\AstOffice,Trans=0,dbpid=104,Sql="SELECT
T1._Document314_IDRRef,
T1._LineNo9104,
T1._Fld9105,
T1._Fld9106,
T1._Fld9107RRef,
T1._Fld18926RRef,
T1._Fld12723RRef,
T1._Fld17668RRef
FROM dbo._Document314_VT9103 T1 WITH(NOLOCK)
WHERE (T1._Fld9105 = ?)
p_0: '7786607593'
",Rows=0,RowsAffected=0,Context='
HTTPСервис.GetCommand.Модуль : 75 : Выполнить(ТекстКода);
	 : 1 : РезультатОтвета.Значение = mindbox_ВызовСервера.СинхронизацияНоминальныхОбъектовЧерезGetCommand("7786607593","deec1539-cff7-11eb-a23f-005056b6dbd7","400db589-f8d0-11eb-a23f-005056b6dbd7","");
		ОбщийМодуль.mindbox_ВызовСервера.Модуль : 4348 : докВводВОборот= НайтиДокументВводВОборотНО(НомерТелефона);
			ОбщийМодуль.mindbox_ВызовСервера.Модуль : 4602 : РезультатЗапроса = Запрос.Выполнить();'
56:26.710023-1952969,DBMSSQL,5,process=rphost,p:processName=AstOffice,OSThread=8876,t:clientID=2096,t:applicationName=WebServerExtension,t:computerName=Ast1COffice,t:connectID=1911,SessionID=37511,Usr=MatrixMechta,DBMS=DBMSSQL,DataBase=ASTSQLOFFICE2\AstOffice,Trans=0,dbpid=96,Sql='SELECT
T1._IDRRef
FROM dbo._Document21650 T1 WITH(NOLOCK)
WHERE T1._Posted = 0x01 AND (T1._Fld21654_TYPE = 0x08 AND T1._Fld21654_RTRef = 0x000000B3) AND (T1._Fld21654_TYPE = 0x08 AND T1._Fld21654_RTRef = 0x000000B3 AND T1._Fld21654_RRRef IN
(SELECT
T2._IDRRef AS Q_001_F_000RRef
FROM dbo._Document179 T2 WITH(NOLOCK)
WHERE (T2._Fld3251_TYPE = 0x08 AND T2._Fld3251_RTRef = 0x000000B3 AND T2._Fld3251_RRRef = ?) AND T2._Posted = 0x01)) AND (T1._Fld21659RRef = ?)
p_0: 0x93B4B8CB29D980BF11EDD42FC4968DB7
p_1: 0xB2AD53436D75F68A48CF1D1672BDA9B1
',Rows=0,RowsAffected=0,Context='
HTTPСервис.GetOrderInfo.Модуль : 126 : ЧекЗаДоставку = ЧекЗаДоставкуВыбит(Заказ);
	HTTPСервис.GetOrderInfo.Модуль : 889 : Выборка = Запрос.Выполнить().Выбрать();'
56:39.757003-1078922,DBMSSQL,5,process=rphost,p:processName=AstOffice,OSThread=9440,t:clientID=2610,t:applicationName=WebServerExtension,t:computerName=Ast1COffice,t:connectID=6988,SessionID=37530,Usr=MatrixMechta,DBMS=DBMSSQL,DataBase=ASTSQLOFFICE2\AstOffice,Trans=0,dbpid=79,Sql="SELECT TOP 1
T1._IDRRef,
T1._Date_Time
FROM dbo._Document21650 T1 WITH(NOLOCK)
WHERE (T1._Fld21654_TYPE = 0x08 AND T1._Fld21654_RTRef = 0x000000B3 AND T1._Fld21654_RRRef = ?) AND T1._Posted = 0x01 AND (T1._Fld21657 <> ?)
ORDER BY (T1._Date_Time) DESC
p_0: 0x93B4B8CB29D980BF11EDD42C7B9B4963
p_1: ''
",Rows=1,RowsAffected=-1,Context='
HTTPСервис.GetOrderInfo.Модуль : 115 : ФискЧек = ФискальныйЧекВыбит(Заказ);
	HTTPСервис.GetOrderInfo.Модуль : 409 : РезультатЗапроса = Запрос.Выполнить();'
56:46.897009-1094005,DBMSSQL,5,process=rphost,p:processName=AstOffice,OSThread=8876,t:clientID=2610,t:applicationName=WebServerExtension,t:computerName=Ast1COffice,t:connectID=6988,SessionID=37549,Usr=УзлыИБ,DBMS=DBMSSQL,DataBase=ASTSQLOFFICE2\AstOffice,Trans=0,dbpid=96,Sql="SELECT
T1._Document314_IDRRef,
T1._LineNo9104,
T1._Fld9105,
T1._Fld9106,
T1._Fld9107RRef,
T1._Fld18926RRef,
T1._Fld12723RRef,
T1._Fld17668RRef
FROM dbo._Document314_VT9103 T1 WITH(NOLOCK)
WHERE (T1._Fld9105 = ?)
p_0: '7752311093'
",Rows=0,RowsAffected=0,Context='
HTTPСервис.GetCommand.Модуль : 75 : Выполнить(ТекстКода);
	 : 1 : РезультатОтвета.Значение = mindbox_ВызовСервера.СинхронизацияНоминальныхОбъектовЧерезGetCommand("7752311093","0e27c334-4109-11e7-80bd-704d7bb5791d","40964ef8-6075-11e7-80ce-704d7bb700a8","Да");
		ОбщийМодуль.mindbox_ВызовСервера.Модуль : 4348 : докВводВОборот= НайтиДокументВводВОборотНО(НомерТелефона);
			ОбщийМодуль.mindbox_ВызовСервера.Модуль : 4602 : РезультатЗапроса = Запрос.Выполнить();'
56:47.163014-1749954,DBMSSQL,5,process=rphost,p:processName=AstOffice,OSThread=9440,t:clientID=2096,t:applicationName=WebServerExtension,t:computerName=Ast1COffice,t:connectID=1911,SessionID=37545,Usr=MatrixMechta,DBMS=DBMSSQL,DataBase=ASTSQLOFFICE2\AstOffice,Trans=0,dbpid=99,Sql="SELECT TOP 1
T1._IDRRef,
T1._Date_Time
FROM dbo._Document21650 T1 WITH(NOLOCK)
WHERE (T1._Fld21654_TYPE = 0x08 AND T1._Fld21654_RTRef = 0x000000B3 AND T1._Fld21654_RRRef = ?) AND T1._Posted = 0x01 AND (T1._Fld21657 <> ?)
ORDER BY (T1._Date_Time) DESC
p_0: 0x93B4B8CB29D980BF11EDD427361A75F5
p_1: ''
",Rows=1,RowsAffected=-1,Context='
HTTPСервис.GetOrderInfo.Модуль : 115 : ФискЧек = ФискальныйЧекВыбит(Заказ);
	HTTPСервис.GetOrderInfo.Модуль : 409 : РезультатЗапроса = Запрос.Выполнить();'
56:48.585023-2468989,DBMSSQL,4,process=rphost,p:processName=AstOffice,OSThread=13504,t:clientID=2221,t:applicationName=WebServerExtension,t:computerName=Ast1COffice,t:connectID=2027,SessionID=37551,Usr=УзлыИБ,DBMS=DBMSSQL,DataBase=ASTSQLOFFICE2\AstOffice,Trans=0,dbpid=57,Sql='SELECT
T1.Q_001_F_000RRef,
T1.Q_001_F_001RRef,
CAST(SUM(T1.Q_001_F_002_) AS NUMERIC(33, 3)),
CAST(SUM(T1.Q_001_F_003_) AS NUMERIC(33, 3)),
CAST(SUM(T1.Q_001_F_004_) AS NUMERIC(33, 3))
FROM (SELECT
T2.Fld12206RRef AS Q_001_F_000RRef,
T2.Fld12207RRef AS Q_001_F_001RRef,
T2.Fld12211Balance_ AS Q_001_F_002_,
CAST(? AS NUMERIC(27, 3)) AS Q_001_F_003_,
CAST(? AS NUMERIC(27, 3)) AS Q_001_F_004_
FROM (SELECT
T3._Fld12206RRef AS Fld12206RRef,
T3._Fld12207RRef AS Fld12207RRef,
CAST(SUM(T3._Fld12211) AS NUMERIC(27, 3)) AS Fld12211Balance_
FROM dbo._AccumRgT12213 T3 WITH(NOLOCK)
WHERE T3._Period = ? AND ((CASE WHEN (T3._Fld12206RRef IN (?)) THEN 0x01 ELSE 0x00 END) = 0x01 AND (T3._Fld12210RRef = ?)) AND (T3._Fld12211 <> ?) AND (T3._Fld12211 <> ?)
GROUP BY T3._Fld12206RRef,
T3._Fld12207RRef
HAVING (CAST(SUM(T3._Fld12211) AS NUMERIC(27, 3))) <> 0.0) T2
UNION ALL SELECT
T4.Fld12119RRef AS Fld12119RRef,
T4.Fld12121RRef AS Fld12121RRef,
CAST(? AS NUMERIC(27, 3)),
T4.Fld12124Balance_ AS Fld12124Balance_,
CASE WHEN (T4.Fld12120_TYPE = 0x01 AND T4.Fld12120_RTRef = 0x00000000 AND T4.Fld12120_RRRef = 0x00000000000000000000000000000000) THEN T4.Fld12124Balance_ ELSE ? END
FROM (SELECT
T5._Fld12119RRef AS Fld12119RRef,
T5._Fld12121RRef AS Fld12121RRef,
T5._Fld12120_TYPE AS Fld12120_TYPE,
T5._Fld12120_RTRef AS Fld12120_RTRef,
T5._Fld12120_RRRef AS Fld12120_RRRef,
CAST(SUM(T5._Fld12124) AS NUMERIC(27, 3)) AS Fld12124Balance_
FROM dbo._AccumRgT12127 T5 WITH(NOLOCK)
WHERE T5._Period = ? AND ((CASE WHEN (T5._Fld12119RRef IN (?)) THEN 0x01 ELSE 0x00 END) = 0x01) AND (T5._Fld12124 <> ?) AND (T5._Fld12124 <> ?)
GROUP BY T5._Fld12119RRef,
T5._Fld12121RRef,
T5._Fld12120_TYPE,
T5._Fld12120_RTRef,
T5._Fld12120_RRRef
HAVING (CAST(SUM(T5._Fld12124) AS NUMERIC(27, 3))) <> 0.0) T4) T1
GROUP BY T1.Q_001_F_000RRef,
T1.Q_001_F_001RRef
p_0: 0N
p_1: 0N
p_2: 59991101000000
p_3: 0x80C11866DAF0891511E7C6008A9A53AF
p_4: 0xA79841EBE5E5B977449B6BCED05404A0
p_5: 0N
p_6: 0N
p_7: 0N
p_8: 0N
p_9: 59991101000000
p_10: 0x80C11866DAF0891511E7C6008A9A53AF
p_11: 0N
p_12: 0N
',Rows=862,RowsAffected=-1,Context='
WebСервис.GetRests.Модуль : 24 : ТаблицаОстатков =  мчт_ВебСервисОстатки.ПолучитьОстаткиЛокальные(МассивСкладов, МассивНоменклатуры, Качество, ДокументРезерва);
	ОбщийМодуль.мчт_ВебСервисОстатки.Модуль : 120 : Результат = Запрос.Выполнить().Выгрузить();'
56:50.757010-1640964,DBMSSQL,4,process=rphost,p:processName=AstOffice,OSThread=10032,t:clientID=2245,t:applicationName=WebServerExtension,t:computerName=Ast1COffice,t:connectID=2051,SessionID=37559,Usr=MatrixMechta,DBMS=DBMSSQL,DataBase=ASTSQLOFFICE2\AstOffice,Trans=0,dbpid=83,Sql="SELECT TOP 1
T1._IDRRef,
T1._Date_Time
FROM dbo._Document21650 T1 WITH(NOLOCK)
WHERE (T1._Fld21654_TYPE = 0x08 AND T1._Fld21654_RTRef = 0x000000B3 AND T1._Fld21654_RRRef = ?) AND T1._Posted = 0x01 AND (T1._Fld21657 <> ?)
ORDER BY (T1._Date_Time) DESC
p_0: 0xB6CD005056B63BCB11EDD43C59D40E9A
p_1: ''
",Rows=1,RowsAffected=-1,Context='
HTTPСервис.GetOrderInfo.Модуль : 115 : ФискЧек = ФискальныйЧекВыбит(Заказ);
	HTTPСервис.GetOrderInfo.Модуль : 409 : РезультатЗапроса = Запрос.Выполнить();'
57:08.890041-2436952,DBMSSQL,5,process=rphost,p:processName=AstOffice,OSThread=8756,t:clientID=2223,t:applicationName=WebServerExtension,t:computerName=Ast1COffice,t:connectID=2029,SessionID=37598,Usr=УзлыИБ,DBMS=DBMSSQL,DataBase=ASTSQLOFFICE2\AstOffice,Trans=0,dbpid=57,Sql='SELECT
T1.Q_001_F_000RRef,
T1.Q_001_F_001RRef,
CAST(SUM(T1.Q_001_F_002_) AS NUMERIC(33, 3)),
CAST(SUM(T1.Q_001_F_003_) AS NUMERIC(33, 3)),
CAST(SUM(T1.Q_001_F_004_) AS NUMERIC(33, 3))
FROM (SELECT
T2.Fld12206RRef AS Q_001_F_000RRef,
T2.Fld12207RRef AS Q_001_F_001RRef,
T2.Fld12211Balance_ AS Q_001_F_002_,
CAST(? AS NUMERIC(27, 3)) AS Q_001_F_003_,
CAST(? AS NUMERIC(27, 3)) AS Q_001_F_004_
FROM (SELECT
T3._Fld12206RRef AS Fld12206RRef,
T3._Fld12207RRef AS Fld12207RRef,
CAST(SUM(T3._Fld12211) AS NUMERIC(27, 3)) AS Fld12211Balance_
FROM dbo._AccumRgT12213 T3 WITH(NOLOCK)
WHERE T3._Period = ? AND ((CASE WHEN (T3._Fld12207RRef IN (?)) THEN 0x01 ELSE 0x00 END) = 0x01 AND (CASE WHEN (T3._Fld12206RRef IN (?, ?, ?)) THEN 0x01 ELSE 0x00 END) = 0x01 AND (T3._Fld12210RRef = ?)) AND (T3._Fld12211 <> ?) AND (T3._Fld12211 <> ?)
GROUP BY T3._Fld12206RRef,
T3._Fld12207RRef
HAVING (CAST(SUM(T3._Fld12211) AS NUMERIC(27, 3))) <> 0.0) T2
UNION ALL SELECT
T4.Fld12119RRef AS Fld12119RRef,
T4.Fld12121RRef AS Fld12121RRef,
CAST(? AS NUMERIC(27, 3)),
T4.Fld12124Balance_ AS Fld12124Balance_,
CASE WHEN (T4.Fld12120_TYPE = 0x01 AND T4.Fld12120_RTRef = 0x00000000 AND T4.Fld12120_RRRef = 0x00000000000000000000000000000000) THEN T4.Fld12124Balance_ ELSE ? END
FROM (SELECT
T5._Fld12119RRef AS Fld12119RRef,
T5._Fld12121RRef AS Fld12121RRef,
T5._Fld12120_TYPE AS Fld12120_TYPE,
T5._Fld12120_RTRef AS Fld12120_RTRef,
T5._Fld12120_RRRef AS Fld12120_RRRef,
CAST(SUM(T5._Fld12124) AS NUMERIC(27, 3)) AS Fld12124Balance_
FROM dbo._AccumRgT12127 T5 WITH(NOLOCK)
WHERE T5._Period = ? AND ((CASE WHEN (T5._Fld12121RRef IN (?)) THEN 0x01 ELSE 0x00 END) = 0x01 AND (CASE WHEN (T5._Fld12119RRef IN (?, ?, ?)) THEN 0x01 ELSE 0x00 END) = 0x01) AND (T5._Fld12124 <> ?) AND (T5._Fld12124 <> ?)
GROUP BY T5._Fld12119RRef,
T5._Fld12121RRef,
T5._Fld12120_TYPE,
T5._Fld12120_RTRef,
T5._Fld12120_RRRef
HAVING (CAST(SUM(T5._Fld12124) AS NUMERIC(27, 3))) <> 0.0) T4) T1
GROUP BY T1.Q_001_F_000RRef,
T1.Q_001_F_001RRef
p_0: 0N
p_1: 0N
p_2: 59991101000000
p_3: 0xA246005056B6DBD711ECAE5C82B0FF6D
p_4: 0xA23F005056B6DBD711EBDAEAAA00841F
p_5: 0xA23F005056B6DBD711EBDAEAAA008420
p_6: 0xA23F005056B6DBD711EBDAEAAA008421
p_7: 0xA79841EBE5E5B977449B6BCED05404A0
p_8: 0N
p_9: 0N
p_10: 0N
p_11: 0N
p_12: 59991101000000
p_13: 0xA246005056B6DBD711ECAE5C82B0FF6D
p_14: 0xA23F005056B6DBD711EBDAEAAA00841F
p_15: 0xA23F005056B6DBD711EBDAEAAA008420
p_16: 0xA23F005056B6DBD711EBDAEAAA008421
p_17: 0N
p_18: 0N
',Rows=0,RowsAffected=0,Context='
WebСервис.GetRests.Модуль : 24 : ТаблицаОстатков =  мчт_ВебСервисОстатки.ПолучитьОстаткиЛокальные(МассивСкладов, МассивНоменклатуры, Качество, ДокументРезерва);
	ОбщийМодуль.мчт_ВебСервисОстатки.Модуль : 120 : Результат = Запрос.Выполнить().Выгрузить();'
57:14.640003-1718957,DBMSSQL,4,process=rphost,p:processName=AstOffice,OSThread=11924,t:clientID=2221,t:applicationName=WebServerExtension,t:computerName=Ast1COffice,t:connectID=2027,SessionID=37609,Usr=MatrixMechta,DBMS=DBMSSQL,DataBase=ASTSQLOFFICE2\AstOffice,Trans=0,dbpid=57,Sql='SELECT
T1._IDRRef
FROM dbo._Document21650 T1 WITH(NOLOCK)
WHERE (T1._Fld21654_TYPE = 0x08 AND T1._Fld21654_RTRef = 0x000000B3 AND T1._Fld21654_RRRef = ?) AND (T1._Fld21659RRef = ?)
p_0: 0x93B4B8CB29D980BF11EDD3CE0ECAB113
p_1: 0xB2AD53436D75F68A48CF1D1672BDA9B1
',Rows=0,RowsAffected=0,Context='
HTTPСервис.Webkassa.Модуль : 32 : РезультатОтвета 	= ВнешняяОбработка.СоздатьПробитьФискальныйЧек(ТелоЗапроса);
	ВнешняяОбработка.WebКассаМечта.МодульОбъекта : 331 : РезультатПреобразования = ПолучитьРезультатИзJSON(ЗапросJson);
		ВнешняяОбработка.WebКассаМечта.МодульОбъекта : 834 : РезультатЗапроса = Запрос.Выполнить();'
57:17.093013-11655995,DBMSSQL,4,process=rphost,p:processName=AstOffice,OSThread=13504,t:clientID=2325,t:applicationName=1CV8,t:computerName=ast12mansda2,t:connectID=2127,SessionID=3769,Usr=Гошенко Дмитрий,DBMS=DBMSSQL,DataBase=ASTSQLOFFICE2\AstOffice,Trans=0,dbpid=83,Sql='SELECT
T1.Q_001_F_000_TYPE,
T1.Q_001_F_000_RTRef,
T1.Q_001_F_000_RRRef,
CASE WHEN (T1.Q_001_F_000_TYPE = 0x08 AND T1.Q_001_F_000_RTRef = 0x00000054) THEN CASE WHEN CASE WHEN T1.Q_001_F_000_TYPE = 0x08 AND T1.Q_001_F_000_RTRef = 0x00000054 THEN T1.Q_001_F_000_RRRef END IS NOT NULL THEN 0x00000054 END WHEN (T1.Q_001_F_000_TYPE = 0x08 AND T1.Q_001_F_000_RTRef = 0x0000005B) THEN CASE WHEN CASE WHEN T1.Q_001_F_000_TYPE = 0x08 AND T1.Q_001_F_000_RTRef = 0x0000005B THEN T1.Q_001_F_000_RRRef END IS NOT NULL THEN 0x0000005B END END,
CASE WHEN (T1.Q_001_F_000_TYPE = 0x08 AND T1.Q_001_F_000_RTRef = 0x00000054) THEN CASE WHEN T1.Q_001_F_000_TYPE = 0x08 THEN T1.Q_001_F_000_RRRef WHEN T1.Q_001_F_000_TYPE IN (0x08) THEN 0x00000000000000000000000000000000 END WHEN (T1.Q_001_F_000_TYPE = 0x08 AND T1.Q_001_F_000_RTRef = 0x0000005B) THEN CASE WHEN T1.Q_001_F_000_TYPE = 0x08 THEN T1.Q_001_F_000_RRRef WHEN T1.Q_001_F_000_TYPE IN (0x08) THEN 0x00000000000000000000000000000000 END END,
CASE WHEN (T1.Q_001_F_000_TYPE = 0x08 AND T1.Q_001_F_000_RTRef = 0x00000054) THEN T15._Description WHEN (T1.Q_001_F_000_TYPE = 0x08 AND T1.Q_001_F_000_RTRef = 0x0000005B) THEN T16._Description END,
CASE WHEN (T1.Q_001_F_000_TYPE = 0x08 AND T1.Q_001_F_000_RTRef = 0x00000054) THEN 0.0 WHEN (T1.Q_001_F_000_TYPE = 0x08 AND T1.Q_001_F_000_RTRef = 0x0000005B) THEN 1.0 END,
T1.Q_001_F_001_,
T1.Q_001_F_006_,
T1.Q_001_F_007_,
T1.Q_001_F_010_,
T1.Q_001_F_014_,
CASE WHEN T1.Q_001_F_000_TYPE = 0x08 AND T1.Q_001_F_000_RTRef = 0x00000054 THEN T17._Fld13198RRef ELSE CAST(NULL AS BINARY(16)) END,
CASE WHEN T1.Q_001_F_000_TYPE = 0x08 AND T1.Q_001_F_000_RTRef = 0x00000054 THEN T17._Fld13198RRef ELSE CAST(NULL AS BINARY(16)) END,
T18._Description,
CASE WHEN T1.Q_001_F_000_TYPE = 0x08 AND T1.Q_001_F_000_RTRef = 0x00000054 THEN T19._Folder ELSE CAST(NULL AS BINARY(1)) END,
CASE WHEN T1.Q_001_F_000_TYPE = 0x08 AND T1.Q_001_F_000_RTRef = 0x00000054 THEN T19._Description ELSE CAST(NULL AS NVARCHAR(100)) END,
CASE WHEN T1.Q_001_F_000_TYPE = 0x08 AND T1.Q_001_F_000_RTRef = 0x00000054 THEN T19._IDRRef ELSE CAST(NULL AS BINARY(16)) END,
CASE WHEN T1.Q_001_F_000_TYPE = 0x08 AND T1.Q_001_F_000_RTRef = 0x00000054 THEN CASE WHEN T15._ParentIDRRef IS NOT NULL THEN 0x00000054 END WHEN T1.Q_001_F_000_TYPE = 0x08 AND T1.Q_001_F_000_RTRef = 0x0000005B THEN CASE WHEN T16._ParentIDRRef IS NOT NULL THEN 0x0000005B END ELSE CAST(NULL AS BINARY(4)) END,
CASE WHEN T1.Q_001_F_000_TYPE = 0x08 AND T1.Q_001_F_000_RTRef = 0x00000054 THEN T15._ParentIDRRef WHEN T1.Q_001_F_000_TYPE = 0x08 AND T1.Q_001_F_000_RTRef = 0x0000005B THEN T16._ParentIDRRef ELSE CAST(NULL AS BINARY(16)) END
FROM (SELECT
T2.Q_001_F_004_TYPE AS Q_001_F_000_TYPE,
T2.Q_001_F_004_RTRef AS Q_001_F_000_RTRef,
T2.Q_001_F_004_RRRef AS Q_001_F_000_RRRef,
CAST(SUM(T2.Q_001_F_010_) AS NUMERIC(27, 3)) AS Q_001_F_001_,
CAST(SUM(T2.Q_001_F_011_) AS NUMERIC(38, 8)) AS Q_001_F_002_,
CAST(SUM(T2.Q_001_F_012_) AS NUMERIC(37, 6)) AS Q_001_F_003_,
CAST(SUM(T2.Q_001_F_013_) AS NUMERIC(28, 2)) AS Q_001_F_004_,
CAST(SUM(T2.Q_001_F_014_) AS NUMERIC(27, 2)) AS Q_001_F_005_,
CAST(SUM(T2.Q_001_F_015_) AS NUMERIC(27, 2)) AS Q_001_F_006_,
CAST(SUM(T2.Q_001_F_018_) AS NUMERIC(27, 2)) AS Q_001_F_007_,
CAST(SUM(T2.Q_001_F_017_) AS NUMERIC(27, 2)) AS Q_001_F_008_,
CAST(SUM(T2.Q_001_F_016_) AS NUMERIC(28, 2)) AS Q_001_F_009_,
(CAST(SUM(T2.Q_001_F_015_) AS NUMERIC(27, 2)) - CAST(SUM(T2.Q_001_F_018_) AS NUMERIC(27, 2))) AS Q_001_F_010_,
(CAST(SUM(T2.Q_001_F_013_) AS NUMERIC(28, 2)) - CAST(SUM(T2.Q_001_F_016_) AS NUMERIC(28, 2))) AS Q_001_F_011_,
(100.0 * CAST(CASE WHEN (CAST(SUM(T2.Q_001_F_018_) AS NUMERIC(27, 2)) <> 0.0) THEN (CAST(((CAST(SUM(T2.Q_001_F_015_) AS NUMERIC(27, 2)) - CAST(SUM(T2.Q_001_F_018_) AS NUMERIC(27, 2)))) AS NUMERIC(34, 8)) / CAST(SUM(T2.Q_001_F_018_) AS NUMERIC(27, 2))) ELSE 0.0 END AS NUMERIC(34, 8))) AS Q_001_F_012_,
(100.0 * CAST(CASE WHEN (CAST(SUM(T2.Q_001_F_016_) AS NUMERIC(28, 2)) <> 0.0) THEN (CAST(((CAST(SUM(T2.Q_001_F_013_) AS NUMERIC(28, 2)) - CAST(SUM(T2.Q_001_F_016_) AS NUMERIC(28, 2)))) AS NUMERIC(35, 8)) / CAST(SUM(T2.Q_001_F_016_) AS NUMERIC(28, 2))) ELSE 0.0 END AS NUMERIC(34, 8))) AS Q_001_F_013_,
(100.0 * CAST(CASE WHEN (CAST(SUM(T2.Q_001_F_015_) AS NUMERIC(27, 2)) <> 0.0) THEN (CAST(((CAST(SUM(T2.Q_001_F_015_) AS NUMERIC(27, 2)) - CAST(SUM(T2.Q_001_F_018_) AS NUMERIC(27, 2)))) AS NUMERIC(34, 8)) / CAST(SUM(T2.Q_001_F_015_) AS NUMERIC(27, 2))) ELSE 0.0 END AS NUMERIC(34, 8))) AS Q_001_F_014_,
(100.0 * CAST(CASE WHEN (CAST(SUM(T2.Q_001_F_013_) AS NUMERIC(28, 2)) <> 0.0) THEN (CAST(((CAST(SUM(T2.Q_001_F_013_) AS NUMERIC(28, 2)) - CAST(SUM(T2.Q_001_F_016_) AS NUMERIC(28, 2)))) AS NUMERIC(35, 8)) / CAST(SUM(T2.Q_001_F_013_) AS NUMERIC(28, 2))) ELSE 0.0 END AS NUMERIC(34, 8))) AS Q_001_F_015_
FROM (SELECT
T3.Fld11890_TYPE AS Q_001_F_000_TYPE,
T3.Fld11890_RTRef AS Q_001_F_000_RTRef,
T3.Fld11890_RRRef AS Q_001_F_000_RRRef,
T3.Fld11891RRef AS Q_001_F_001RRef,
T3.Fld11892RRef AS Q_001_F_002RRef,
T3.Fld11888RRef AS Q_001_F_003RRef,
T3.Fld11885_TYPE AS Q_001_F_004_TYPE,
T3.Fld11885_RTRef AS Q_001_F_004_RTRef,
T3.Fld11885_RRRef AS Q_001_F_004_RRRef,
T3.Fld11886RRef AS Q_001_F_005RRef,
T3.Fld11887_TYPE AS Q_001_F_006_TYPE,
T3.Fld11887_RTRef AS Q_001_F_006_RTRef,
T3.Fld11887_RRRef AS Q_001_F_006_RRRef,
T3.Fld11893RRef AS Q_001_F_007RRef,
T3.RecorderTRef AS Q_001_F_008TRef,
T3.RecorderRRef AS Q_001_F_008RRef,
T3.Period_ AS Q_001_F_009_,
T3.Fld11895Turnover_ AS Q_001_F_010_,
((T3.Fld11895Turnover_ * ISNULL(CAST(CASE WHEN T3.Fld11885_TYPE = 0x08 AND T3.Fld11885_RTRef = 0x00000054 THEN T13._Fld952 ELSE CAST(NULL AS NUMERIC(10, 3)) END AS NUMERIC(10, 3)),?)) / ISNULL(CAST(CASE WHEN T3.Fld11885_TYPE = 0x08 AND T3.Fld11885_RTRef = 0x00000054 THEN T14._Fld952 ELSE CAST(NULL AS NUMERIC(10, 3)) END AS NUMERIC(10, 3)),?)) AS Q_001_F_011_,
(T3.Fld11895Turnover_ * ISNULL(CAST(CASE WHEN T3.Fld11885_TYPE = 0x08 AND T3.Fld11885_RTRef = 0x00000054 THEN T13._Fld952 ELSE CAST(NULL AS NUMERIC(10, 3)) END AS NUMERIC(10, 3)),?)) AS Q_001_F_012_,
(T3.Fld11897Turnover_ - T3.Fld11896Turnover_) AS Q_001_F_013_,
T3.Fld11896Turnover_ AS Q_001_F_014_,
T3.Fld11897Turnover_ AS Q_001_F_015_,
(ISNULL(CAST(T8.Q_001_F_004_ AS NUMERIC(21, 2)),?) - ISNULL(CAST(T8.Q_001_F_005_ AS NUMERIC(21, 2)),?)) AS Q_001_F_016_,
ISNULL(CAST(T8.Q_001_F_005_ AS NUMERIC(21, 2)),?) AS Q_001_F_017_,
ISNULL(CAST(T8.Q_001_F_004_ AS NUMERIC(21, 2)),?) AS Q_001_F_018_
FROM (SELECT
T4._Period AS Period_,
T4._RecorderTRef AS RecorderTRef,
T4._RecorderRRef AS RecorderRRef,
T4._Fld11885_TYPE AS Fld11885_TYPE,
T4._Fld11885_RTRef AS Fld11885_RTRef,
T4._Fld11885_RRRef AS Fld11885_RRRef,
T4._Fld11886RRef AS Fld11886RRef,
T4._Fld11887_TYPE AS Fld11887_TYPE,
T4._Fld11887_RTRef AS Fld11887_RTRef,
T4._Fld11887_RRRef AS Fld11887_RRRef,
T4._Fld11890_TYPE AS Fld11890_TYPE,
T4._Fld11890_RTRef AS Fld11890_RTRef,
T4._Fld11890_RRRef AS Fld11890_RRRef,
T4._Fld11891RRef AS Fld11891RRef,
T4._Fld11892RRef AS Fld11892RRef,
T4._Fld11888RRef AS Fld11888RRef,
T4._Fld11893RRef AS Fld11893RRef,
CAST(SUM(T4._Fld11897) AS NUMERIC(21, 2)) AS Fld11897Turnover_,
CAST(SUM(T4._Fld11896) AS NUMERIC(21, 2)) AS Fld11896Turnover_,
CAST(SUM(T4._Fld11895) AS NUMERIC(21, 3)) AS Fld11895Turnover_
FROM dbo._AccumRg11884 T4 WITH(NOLOCK)
LEFT OUTER JOIN dbo._Reference84 T5 WITH(NOLOCK)
ON T4._Fld11885_TYPE = 0x08 AND T4._Fld11885_RTRef = 0x00000054 AND T4._Fld11885_RRRef = T5._IDRRef
LEFT OUTER JOIN dbo._Reference85 T6 WITH(NOLOCK)
ON T5._Fld1301RRef = T6._IDRRef
WHERE T4._Period >= ? AND T4._Period <= ? AND T4._Active = 0x01 AND (CASE WHEN T4._Fld11885_TYPE = 0x08 AND T4._Fld11885_RTRef = 0x00000054 THEN T5._Fld1301RRef ELSE CAST(NULL AS BINARY(16)) END IN
(SELECT
T7._INVALUELISTRRef AS INVALUELISTRRef
FROM #tt35 T7 WITH(NOLOCK)
WHERE T7._INVALUELISTRRef IS NOT NULL) AND (CASE WHEN T4._Fld11885_TYPE = 0x08 AND T4._Fld11885_RTRef = 0x00000054 THEN T6._Fld13198RRef ELSE CAST(NULL AS BINARY(16)) END = ?))
GROUP BY T4._Period,
T4._RecorderTRef,
T4._RecorderRRef,
T4._Fld11885_TYPE,
T4._Fld11885_RTRef,
T4._Fld11885_RRRef,
T4._Fld11886RRef,
T4._Fld11887_TYPE,
T4._Fld11887_RTRef,
T4._Fld11887_RRRef,
T4._Fld11890_TYPE,
T4._Fld11890_RTRef,
T4._Fld11890_RRRef,
T4._Fld11891RRef,
T4._Fld11892RRef,
T4._Fld11888RRef,
T4._Fld11893RRef
HAVING (CAST(SUM(T4._Fld11897) AS NUMERIC(21, 2))) <> 0.0 OR (CAST(SUM(T4._Fld11896) AS NUMERIC(21, 2))) <> 0.0 OR (CAST(SUM(T4._Fld11895) AS NUMERIC(21, 3))) <> 0.0) T3
LEFT OUTER JOIN (SELECT
T9._Fld11915RRef AS Q_001_F_000RRef,
T9._Fld11916RRef AS Q_001_F_001RRef,
T9._Fld11917_TYPE AS Q_001_F_002_TYPE,
T9._Fld11917_RTRef AS Q_001_F_002_RTRef,
T9._Fld11917_RRRef AS Q_001_F_002_RRRef,
CASE WHEN (T9._Fld11925_TYPE <> 0x01) THEN T9._Fld11925_TYPE ELSE 0x08 END AS Q_001_F_003_TYPE,
CASE WHEN (T9._Fld11925_TYPE <> 0x01) THEN T9._Fld11925_RTRef ELSE T9._RecorderTRef END AS Q_001_F_003_RTRef,
CASE WHEN (T9._Fld11925_TYPE <> 0x01) THEN T9._Fld11925_RRRef ELSE T9._RecorderRRef END AS Q_001_F_003_RRRef,
CAST(SUM(T9._Fld11922) AS NUMERIC(21, 2)) AS Q_001_F_004_,
CAST(SUM(T9._Fld11923) AS NUMERIC(21, 2)) AS Q_001_F_005_
FROM dbo._AccumRg11914 T9 WITH(NOLOCK)
LEFT OUTER JOIN dbo._Reference84 T10 WITH(NOLOCK)
ON T9._Fld11915RRef = T10._IDRRef
LEFT OUTER JOIN dbo._Reference85 T11 WITH(NOLOCK)
ON T10._Fld1301RRef = T11._IDRRef
WHERE (T9._Period >= ?) AND (T9._Period <= ?) AND (T11._Fld13198RRef = ?)
GROUP BY T9._Fld11915RRef,
T9._Fld11916RRef,
T9._Fld11917_TYPE,
T9._Fld11917_RTRef,
T9._Fld11917_RRRef,
CASE WHEN (T9._Fld11925_TYPE <> 0x01) THEN T9._Fld11925_TYPE ELSE 0x08 END,
CASE WHEN (T9._Fld11925_TYPE <> 0x01) THEN T9._Fld11925_RTRef ELSE T9._RecorderTRef END,
CASE WHEN (T9._Fld11925_TYPE <> 0x01) THEN T9._Fld11925_RRRef ELSE T9._RecorderRRef END) T8
ON (0x08 = T3.Fld11885_TYPE AND 0x00000054 = T3.Fld11885_RTRef AND T8.Q_001_F_000RRef = T3.Fld11885_RRRef) AND (T8.Q_001_F_001RRef = T3.Fld11886RRef) AND (T8.Q_001_F_002_TYPE = T3.Fld11887_TYPE AND T8.Q_001_F_002_RTRef = T3.Fld11887_RTRef AND T8.Q_001_F_002_RRRef = T3.Fld11887_RRRef) AND (T8.Q_001_F_003_TYPE = 0x08 AND T8.Q_001_F_003_RTRef = T3.RecorderTRef AND T8.Q_001_F_003_RRRef = T3.RecorderRRef)
LEFT OUTER JOIN dbo._Reference84 T12 WITH(NOLOCK)
ON T3.Fld11885_TYPE = 0x08 AND T3.Fld11885_RTRef = 0x00000054 AND T3.Fld11885_RRRef = T12._IDRRef
LEFT OUTER JOIN dbo._Reference58 T13 WITH(NOLOCK)
ON T12._Fld1299RRef = T13._IDRRef
LEFT OUTER JOIN dbo._Reference58 T14 WITH(NOLOCK)
ON T12._Fld1297RRef = T14._IDRRef) T2
GROUP BY T2.Q_001_F_004_TYPE,
T2.Q_001_F_004_RTRef,
T2.Q_001_F_004_RRRef
HAVING (CAST(SUM(T2.Q_001_F_010_) AS NUMERIC(27, 3)) <> 0.0) OR (CAST(SUM(T2.Q_001_F_015_) AS NUMERIC(27, 2)) <> 0.0) OR (CAST(SUM(T2.Q_001_F_018_) AS NUMERIC(27, 2)) <> 0.0)) T1
LEFT OUTER JOIN dbo._Reference84 T15 WITH(NOLOCK)
ON T1.Q_001_F_000_TYPE = 0x08 AND T1.Q_001_F_000_RTRef = 0x00000054 AND T1.Q_001_F_000_RRRef = T15._IDRRef
LEFT OUTER JOIN dbo._Reference91 T16 WITH(NOLOCK)
ON T1.Q_001_F_000_TYPE = 0x08 AND T1.Q_001_F_000_RTRef = 0x0000005B AND T1.Q_001_F_000_RRRef = T16._IDRRef
LEFT OUTER JOIN dbo._Reference85 T17 WITH(NOLOCK)
ON T15._Fld1301RRef = T17._IDRRef
LEFT OUTER JOIN dbo._Reference96 T18 WITH(NOLOCK)
ON CASE WHEN T1.Q_001_F_000_TYPE = 0x08 AND T1.Q_001_F_000_RTRef = 0x00000054 THEN T17._Fld13198RRef ELSE CAST(NULL AS BINARY(16)) END = T18._IDRRef
LEFT OUTER JOIN dbo._Reference96 T19 WITH(NOLOCK)
ON T17._Fld13198RRef = T19._IDRRef
ORDER BY (T1.Q_001_F_006_) DESC, (CASE WHEN T1.Q_001_F_000_TYPE = 0x08 AND T1.Q_001_F_000_RTRef = 0x00000054 THEN T19._Folder ELSE CAST(NULL AS BINARY(1)) END), (CASE WHEN T1.Q_001_F_000_TYPE = 0x08 AND T1.Q_001_F_000_RTRef = 0x00000054 THEN T19._Description ELSE CAST(NULL AS NVARCHAR(100)) END), (CASE WHEN T1.Q_001_F_000_TYPE = 0x08 AND T1.Q_001_F_000_RTRef = 0x00000054 THEN T19._IDRRef ELSE CAST(NULL AS BINARY(16)) END)
p_0: 1N
p_1: 1N
p_2: 1N
p_3: 0N
p_4: 0N
p_5: 0N
p_6: 0N
p_7: 40230407000000
p_8: 40230407235959
p_9: 0xA207509A4C77E85111EAA621E06CE8BF
p_10: 40230407000000
p_11: 40230407235959
p_12: 0xA207509A4C77E85111EAA621E06CE8BF
',Rows=59,RowsAffected=-1
57:17.093030-0,Context,2,process=rphost,p:processName=AstOffice,OSThread=13504,t:clientID=2325,t:applicationName=1CV8,t:computerName=ast12mansda2,t:connectID=2127,SessionID=3769,Usr=Гошенко Дмитрий,Context='
Отчет.ВаловаяПрибыль.Форма.Форма.Форма : 55 : ОбновитьОтчет();
	Отчет.ВаловаяПрибыль.Форма.Форма.Форма : 8 : СформироватьОтчет(ЭлементыФормы.ПолеТабличногоДокументаРезультат);
		Отчет.ВаловаяПрибыль.МодульОбъекта : 985 : УниверсальныйОтчет.СформироватьОтчет(ТабличныйДокумент);
			Отчет.УниверсальныйОтчет.МодульОбъекта : 86 : ПостроительОтчета.Вывести(ТабличныйДокумент);'
57:24.656030-1077998,DBMSSQL,4,process=rphost,p:processName=AstOffice,OSThread=11924,t:clientID=2221,t:applicationName=WebServerExtension,t:computerName=Ast1COffice,t:connectID=2027,SessionID=37636,Usr=УзлыИБ,DBMS=DBMSSQL,DataBase=ASTSQLOFFICE2\AstOffice,Trans=0,dbpid=83,Sql='SELECT
T1.Q_001_F_000RRef,
T1.Q_001_F_001RRef,
CAST(SUM(T1.Q_001_F_002_) AS NUMERIC(33, 3)),
CAST(SUM(T1.Q_001_F_003_) AS NUMERIC(33, 3)),
CAST(SUM(T1.Q_001_F_004_) AS NUMERIC(33, 3))
FROM (SELECT
T2.Fld12206RRef AS Q_001_F_000RRef,
T2.Fld12207RRef AS Q_001_F_001RRef,
T2.Fld12211Balance_ AS Q_001_F_002_,
CAST(? AS NUMERIC(27, 3)) AS Q_001_F_003_,
CAST(? AS NUMERIC(27, 3)) AS Q_001_F_004_
FROM (SELECT
T3._Fld12206RRef AS Fld12206RRef,
T3._Fld12207RRef AS Fld12207RRef,
CAST(SUM(T3._Fld12211) AS NUMERIC(27, 3)) AS Fld12211Balance_
FROM dbo._AccumRgT12213 T3 WITH(NOLOCK)
WHERE T3._Period = ? AND ((CASE WHEN (T3._Fld12207RRef IN (?)) THEN 0x01 ELSE 0x00 END) = 0x01 AND (CASE WHEN (T3._Fld12206RRef IN (?, ?, ?, ?)) THEN 0x01 ELSE 0x00 END) = 0x01 AND (T3._Fld12210RRef = ?)) AND (T3._Fld12211 <> ?) AND (T3._Fld12211 <> ?)
GROUP BY T3._Fld12206RRef,
T3._Fld12207RRef
HAVING (CAST(SUM(T3._Fld12211) AS NUMERIC(27, 3))) <> 0.0) T2
UNION ALL SELECT
T4.Fld12119RRef AS Fld12119RRef,
T4.Fld12121RRef AS Fld12121RRef,
CAST(? AS NUMERIC(27, 3)),
T4.Fld12124Balance_ AS Fld12124Balance_,
CASE WHEN (T4.Fld12120_TYPE = 0x01 AND T4.Fld12120_RTRef = 0x00000000 AND T4.Fld12120_RRRef = 0x00000000000000000000000000000000) THEN T4.Fld12124Balance_ ELSE ? END
FROM (SELECT
T5._Fld12119RRef AS Fld12119RRef,
T5._Fld12121RRef AS Fld12121RRef,
T5._Fld12120_TYPE AS Fld12120_TYPE,
T5._Fld12120_RTRef AS Fld12120_RTRef,
T5._Fld12120_RRRef AS Fld12120_RRRef,
CAST(SUM(T5._Fld12124) AS NUMERIC(27, 3)) AS Fld12124Balance_
FROM dbo._AccumRgT12127 T5 WITH(NOLOCK)
WHERE T5._Period = ? AND ((CASE WHEN (T5._Fld12121RRef IN (?)) THEN 0x01 ELSE 0x00 END) = 0x01 AND (CASE WHEN (T5._Fld12119RRef IN (?, ?, ?, ?)) THEN 0x01 ELSE 0x00 END) = 0x01) AND (T5._Fld12124 <> ?) AND (T5._Fld12124 <> ?)
GROUP BY T5._Fld12119RRef,
T5._Fld12121RRef,
T5._Fld12120_TYPE,
T5._Fld12120_RTRef,
T5._Fld12120_RRRef
HAVING (CAST(SUM(T5._Fld12124) AS NUMERIC(27, 3))) <> 0.0) T4) T1
GROUP BY T1.Q_001_F_000RRef,
T1.Q_001_F_001RRef
p_0: 0N
p_1: 0N
p_2: 59991101000000
p_3: 0xA24A005056B6DBD711ED3D4641A3EDCB
p_4: 0x80C11866DAF0891511E7C6008A9A53AF
p_5: 0xA23B005056B6DBD711EB96B39C749400
p_6: 0xA23B005056B6DBD711EB96B39C749401
p_7: 0xA23B005056B6DBD711EB96B39C749402
p_8: 0xA79841EBE5E5B977449B6BCED05404A0
p_9: 0N
p_10: 0N
p_11: 0N
p_12: 0N
p_13: 59991101000000
p_14: 0xA24A005056B6DBD711ED3D4641A3EDCB
p_15: 0x80C11866DAF0891511E7C6008A9A53AF
p_16: 0xA23B005056B6DBD711EB96B39C749400
p_17: 0xA23B005056B6DBD711EB96B39C749401
p_18: 0xA23B005056B6DBD711EB96B39C749402
p_19: 0N
p_20: 0N
',Rows=1,RowsAffected=-1,Context='
WebСервис.GetRests.Модуль : 24 : ТаблицаОстатков =  мчт_ВебСервисОстатки.ПолучитьОстаткиЛокальные(МассивСкладов, МассивНоменклатуры, Качество, ДокументРезерва);
	ОбщийМодуль.мчт_ВебСервисОстатки.Модуль : 120 : Результат = Запрос.Выполнить().Выгрузить();'
58:44.951009-2843992,DBMSSQL,6,process=rphost,p:processName=AstOffice,OSThread=6000,t:clientID=2245,t:applicationName=WebServerExtension,t:computerName=Ast1COffice,t:connectID=2051,SessionID=37759,Usr=УзлыИБ,DBMS=DBMSSQL,DataBase=ASTSQLOFFICE2\AstOffice,Trans=1,dbpid=96,Sql='SELECT
T1.Fld11324RRef,
T1.Fld11325RRef,
CAST(SUM(T1.Fld11327Balance_) AS NUMERIC(38, 8)),
T13._Fld1303RRef,
T13._Fld1299RRef,
T14._Fld952,
T1.Fld11323RRef,
T1.Fld11322RRef,
T1.Fld11321_TYPE,
T1.Fld11321_RTRef,
T1.Fld11321_RRRef,
MAX(ISNULL(CAST(T5.Fld12124Balance_ AS NUMERIC(33, 3)),0.0)),
MAX(ISNULL(CAST(T9.Fld12211Balance_ AS NUMERIC(33, 3)),0.0))
FROM (SELECT
T2.Fld11324RRef AS Fld11324RRef,
T2.Fld11325RRef AS Fld11325RRef,
T2.Fld11323RRef AS Fld11323RRef,
T2.Fld11322RRef AS Fld11322RRef,
T2.Fld11321_TYPE AS Fld11321_TYPE,
T2.Fld11321_RTRef AS Fld11321_RTRef,
T2.Fld11321_RRRef AS Fld11321_RRRef,
CAST(SUM(T2.Fld11327Balance_) AS NUMERIC(33, 3)) AS Fld11327Balance_
FROM (SELECT
T3._Fld11324RRef AS Fld11324RRef,
T3._Fld11325RRef AS Fld11325RRef,
T3._Fld11323RRef AS Fld11323RRef,
T3._Fld11322RRef AS Fld11322RRef,
T3._Fld11321_TYPE AS Fld11321_TYPE,
T3._Fld11321_RTRef AS Fld11321_RTRef,
T3._Fld11321_RRRef AS Fld11321_RRRef,
CAST(SUM(T3._Fld11327) AS NUMERIC(27, 3)) AS Fld11327Balance_
FROM dbo._AccumRgT11329 T3 WITH(SERIALIZABLE)
WHERE T3._Period = ? AND ((T3._Fld11322RRef = ?) AND (T3._Fld11323RRef IN (?))) AND (T3._Fld11327 <> ?) AND (T3._Fld11327 <> ?)
GROUP BY T3._Fld11324RRef,
T3._Fld11325RRef,
T3._Fld11323RRef,
T3._Fld11322RRef,
T3._Fld11321_TYPE,
T3._Fld11321_RTRef,
T3._Fld11321_RRRef
HAVING (CAST(SUM(T3._Fld11327) AS NUMERIC(27, 3))) <> 0.0
UNION ALL SELECT
T4._Fld11324RRef AS Fld11324RRef,
T4._Fld11325RRef AS Fld11325RRef,
T4._Fld11323RRef AS Fld11323RRef,
T4._Fld11322RRef AS Fld11322RRef,
T4._Fld11321_TYPE AS Fld11321_TYPE,
T4._Fld11321_RTRef AS Fld11321_RTRef,
T4._Fld11321_RRRef AS Fld11321_RRRef,
CAST(CAST(SUM(CASE WHEN T4._RecordKind = 0.0 THEN -T4._Fld11327 ELSE T4._Fld11327 END) AS NUMERIC(21, 3)) AS NUMERIC(27, 3)) AS Fld11327Balance_
FROM dbo._AccumRg11320 T4 WITH(SERIALIZABLE)
WHERE T4._Period >= ? AND T4._Period < ? AND T4._Active = 0x01 AND ((T4._Fld11322RRef = ?) AND (T4._Fld11323RRef IN (?)))
GROUP BY T4._Fld11324RRef,
T4._Fld11325RRef,
T4._Fld11323RRef,
T4._Fld11322RRef,
T4._Fld11321_TYPE,
T4._Fld11321_RTRef,
T4._Fld11321_RRRef
HAVING (CAST(CAST(SUM(CASE WHEN T4._RecordKind = 0.0 THEN -T4._Fld11327 ELSE T4._Fld11327 END) AS NUMERIC(21, 3)) AS NUMERIC(27, 3))) <> 0.0) T2
GROUP BY T2.Fld11324RRef,
T2.Fld11325RRef,
T2.Fld11323RRef,
T2.Fld11322RRef,
T2.Fld11321_TYPE,
T2.Fld11321_RTRef,
T2.Fld11321_RRRef
HAVING (CAST(SUM(T2.Fld11327Balance_) AS NUMERIC(33, 3))) <> 0.0) T1
LEFT OUTER JOIN (SELECT
T6.Fld12121RRef AS Fld12121RRef,
T6.Fld12122RRef AS Fld12122RRef,
CAST(SUM(T6.Fld12124Balance_) AS NUMERIC(33, 3)) AS Fld12124Balance_
FROM (SELECT
T7._Fld12121RRef AS Fld12121RRef,
T7._Fld12122RRef AS Fld12122RRef,
CAST(SUM(T7._Fld12124) AS NUMERIC(27, 3)) AS Fld12124Balance_
FROM dbo._AccumRgT12127 T7 WITH(SERIALIZABLE)
WHERE T7._Period = ? AND ((T7._Fld12119RRef = 0x00000000000000000000000000000000) AND (T7._Fld12120_TYPE = 0x08 AND T7._Fld12120_RTRef = 0x000000A6 AND T7._Fld12120_RRRef = ?)) AND (T7._Fld12124 <> ?) AND (T7._Fld12124 <> ?)
GROUP BY T7._Fld12121RRef,
T7._Fld12122RRef
HAVING (CAST(SUM(T7._Fld12124) AS NUMERIC(27, 3))) <> 0.0
UNION ALL SELECT
T8._Fld12121RRef AS Fld12121RRef,
T8._Fld12122RRef AS Fld12122RRef,
CAST(CAST(SUM(CASE WHEN T8._RecordKind = 0.0 THEN -T8._Fld12124 ELSE T8._Fld12124 END) AS NUMERIC(21, 3)) AS NUMERIC(27, 3)) AS Fld12124Balance_
FROM dbo._AccumRg12118 T8 WITH(SERIALIZABLE)
WHERE T8._Period >= ? AND T8._Period < ? AND T8._Active = 0x01 AND ((T8._Fld12119RRef = 0x00000000000000000000000000000000) AND (T8._Fld12120_TYPE = 0x08 AND T8._Fld12120_RTRef = 0x000000A6 AND T8._Fld12120_RRRef = ?))
GROUP BY T8._Fld12121RRef,
T8._Fld12122RRef
HAVING (CAST(CAST(SUM(CASE WHEN T8._RecordKind = 0.0 THEN -T8._Fld12124 ELSE T8._Fld12124 END) AS NUMERIC(21, 3)) AS NUMERIC(27, 3))) <> 0.0) T6
GROUP BY T6.Fld12121RRef,
T6.Fld12122RRef
HAVING (CAST(SUM(T6.Fld12124Balance_) AS NUMERIC(33, 3))) <> 0.0) T5
ON (T1.Fld11324RRef = T5.Fld12121RRef) AND (T1.Fld11325RRef = T5.Fld12122RRef)
LEFT OUTER JOIN (SELECT
T10.Fld12207RRef AS Fld12207RRef,
T10.Fld12208RRef AS Fld12208RRef,
CAST(SUM(T10.Fld12211Balance_) AS NUMERIC(33, 3)) AS Fld12211Balance_
FROM (SELECT
T11._Fld12207RRef AS Fld12207RRef,
T11._Fld12208RRef AS Fld12208RRef,
CAST(SUM(T11._Fld12211) AS NUMERIC(27, 3)) AS Fld12211Balance_
FROM dbo._AccumRgT12213 T11 WITH(SERIALIZABLE)
WHERE T11._Period = ? AND ((T11._Fld12206RRef = 0x00000000000000000000000000000000)) AND (T11._Fld12211 <> ?) AND (T11._Fld12211 <> ?)
GROUP BY T11._Fld12207RRef,
T11._Fld12208RRef
HAVING (CAST(SUM(T11._Fld12211) AS NUMERIC(27, 3))) <> 0.0
UNION ALL SELECT
T12._Fld12207RRef AS Fld12207RRef,
T12._Fld12208RRef AS Fld12208RRef,
CAST(CAST(SUM(CASE WHEN T12._RecordKind = 0.0 THEN -T12._Fld12211 ELSE T12._Fld12211 END) AS NUMERIC(21, 3)) AS NUMERIC(27, 3)) AS Fld12211Balance_
FROM dbo._AccumRg12205 T12 WITH(SERIALIZABLE)
WHERE T12._Period >= ? AND T12._Period < ? AND T12._Active = 0x01 AND ((T12._Fld12206RRef = 0x00000000000000000000000000000000))
GROUP BY T12._Fld12207RRef,
T12._Fld12208RRef
HAVING (CAST(CAST(SUM(CASE WHEN T12._RecordKind = 0.0 THEN -T12._Fld12211 ELSE T12._Fld12211 END) AS NUMERIC(21, 3)) AS NUMERIC(27, 3))) <> 0.0) T10
GROUP BY T10.Fld12207RRef,
T10.Fld12208RRef
HAVING (CAST(SUM(T10.Fld12211Balance_) AS NUMERIC(33, 3))) <> 0.0) T9
ON (T1.Fld11324RRef = T9.Fld12207RRef) AND (T1.Fld11325RRef = T9.Fld12208RRef)
LEFT OUTER JOIN dbo._Reference84 T13 WITH(REPEATABLEREAD)
ON T1.Fld11324RRef = T13._IDRRef
LEFT OUTER JOIN dbo._Reference58 T14 WITH(REPEATABLEREAD)
ON T13._Fld1299RRef = T14._IDRRef
GROUP BY T1.Fld11324RRef,
T1.Fld11325RRef,
T1.Fld11323RRef,
T1.Fld11322RRef,
T1.Fld11321_TYPE,
T1.Fld11321_RTRef,
T1.Fld11321_RRRef,
T13._Fld1303RRef,
T13._Fld1299RRef,
T14._Fld952
HAVING (MAX(ISNULL(CAST(T9.Fld12211Balance_ AS NUMERIC(33, 3)),0.0)) > 0.0) AND (CAST(SUM(T1.Fld11327Balance_) AS NUMERIC(38, 8)) > 0.0)
p_0: 59991101000000
p_1: 0xBBCA6C2B59BC8EC211EDD50291A9F4F2
p_2: 0x8F435A1228BDACD2403F1434B4850FC4
p_3: 0N
p_4: 0N
p_5: 40230407135842
p_6: 59991101000000
p_7: 0xBBCA6C2B59BC8EC211EDD50291A9F4F2
p_8: 0x8F435A1228BDACD2403F1434B4850FC4
p_9: 59991101000000
p_10: 0xBBCA6C2B59BC8EC211EDD50291A9F4F2
p_11: 0N
p_12: 0N
p_13: 40230407135842
p_14: 59991101000000
p_15: 0xBBCA6C2B59BC8EC211EDD50291A9F4F2
p_16: 59991101000000
p_17: 0N
p_18: 0N
p_19: 40230407135842
p_20: 59991101000000
',Rows=0,RowsAffected=0,Context='
WebСервис.GetRegister.Модуль : 239 : Док = МЧТ_МодульСПолнымиПравами.СформироватьПФ(ДокументОснование,Отправитель,Получатель,Действие);
	ОбщийМодуль.МЧТ_МодульСПолнымиПравами.Модуль : 7063 : Док.ЗаполнитьПоДокументуОснования(Основание);
		Документ.РеализацияТоваровУслуг.МодульОбъекта : 5070 : УправлениеЗаказами.ЗаполнитьОстаткамиТоваровСРезервомПоВнутреннемуЗаказу(ЭтотОбъект, Основание, Товары, Склад, ТекущаяДата());
			ОбщийМодуль.УправлениеЗаказами.Модуль : 1330 : ВыборкаПоНоменклатуре = Запрос.Выполнить().Выбрать(ОбходРезультатаЗапроса.ПоГруппировкам);'
58:48.951024-3906861,DBMSSQL,6,process=rphost,p:processName=AstOffice,OSThread=6000,t:clientID=2245,t:applicationName=WebServerExtension,t:computerName=Ast1COffice,t:connectID=2051,SessionID=37759,Usr=УзлыИБ,DBMS=DBMSSQL,DataBase=ASTSQLOFFICE2\AstOffice,Trans=1,dbpid=96,Sql='INSERT INTO dbo._Document269 WITH(REPEATABLEREAD) (_IDRRef,_Marked,_Date_Time,_NumberPrefix,_Number,_Posted,_Fld7185RRef,_Fld7186,_Fld7188RRef,_Fld7189RRef,_Fld7190RRef,_Fld7191RRef,_Fld7192RRef,_Fld7193RRef,_Fld7194RRef,_Fld7195,_Fld7196,_Fld7197RRef,_Fld7198_TYPE,_Fld7198_RTRef,_Fld7198_RRRef,_Fld7199,_Fld7200,_Fld7201RRef,_Fld7202,_Fld7203,_Fld7204RRef,_Fld7205RRef,_Fld7206,_Fld7207RRef,_Fld7208RRef,_Fld7209,_Fld7210,_Fld7211RRef,_Fld7212_TYPE,_Fld7212_RTRef,_Fld7212_RRRef,_Fld7213,_Fld7214,_Fld7215_TYPE,_Fld7215_RTRef,_Fld7215_RRRef,_Fld7216RRef,_Fld7217,_Fld7218,_Fld7219,_Fld7220RRef,_Fld7221RRef,_Fld7222RRef,_Fld7223RRef,_Fld7224,_Fld7225,_Fld7226,_Fld7227RRef,_Fld7228,_Fld7229,_Fld7230,_Fld12728RRef,_Fld12802RRef,_Fld13191RRef,_Fld14924,_Fld15554,_Fld16297,_Fld16298,_Fld20861,_Fld20869,_Fld21113,_Fld21116,_Fld21135,_Fld21230,_Fld21971RRef,_Fld22082,_Fld22083,_Fld22084,_Fld22085,_Fld22806,_Fld22867,_Fld23167RRef,_Fld7187RRef,_Fld24352RRef,_Fld24372,_Fld24419RRef,_Fld24461,_Fld25026RRef,_Fld25470,_Fld25683,_Fld27461) VALUES(?,?,?,?,?,?,?,?,?,?,?,?,?,?,?,?,?,?,?,?,?,?,?,?,?,?,?,?,?,?,?,?,?,?,?,?,?,?,?,?,?,?,?,?,?,?,?,?,?,?,?,?,?,?,?,?,?,?,?,?,?,?,?,?,?,?,?,?,?,?,?,?,?,?,?,?,?,?,?,?,?,?,?,?,?,?,?)',Prm="
p_0: 0xA259005056B6DBD711EDD513469AB4D6
p_1: FALSE
p_2: 40230407125359
p_3: 40230101000000
p_4: 'ПФ172110038681'
p_5: TRUE
p_6: 0xA24A005056B6DBD711ECDB3F7384CD44
p_7: ''
p_8: 0x9FFE2C768A5D355311E470969B7F58C2
p_9: 0xBE87826B359326CE4DF482A81C54C1A6
p_10: 0x9180A24CB053D3BD419B3E926F77648A
p_11: 0xA0C34B16D5FBCAB14CF363B737D98271
p_12: 0x00000000000000000000000000000000
p_13: 0x00000000000000000000000000000000
p_14: 0x00000000000000000000000000000000
p_15: ''
p_16: ''
p_17: 0x95562C768A5D355111E665D65A521CA7
p_18: 0x08
p_19: 0x000000A6
p_20: 0xBBCA6C2B59BC8EC211EDD50291A9F4F2
p_21: ''
p_22: 'Сформирован автоматически на основании Внутренний заказ 88024002032 от 07.04.2023 12:54:00'
p_23: 0x95562C768A5D355111E665D65A521CA5
p_24: 1N
p_25: 1N
p_26: 0x9FFE2C768A5D355311E470969B7F58C4
p_27: 0x00000000000000000000000000000000
p_28: FALSE
p_29: 0x00000000000000000000000000000000
p_30: 0x00000000000000000000000000000000
p_31: TRUE
p_32: TRUE
p_33: 0xA22D005056B6DBD711EA969DFC9D3393
p_34: 0x01
p_35: 0x00000000
p_36: 0x00000000000000000000000000000000
p_37: FALSE
p_38: FALSE
p_39: 0x01
p_40: 0x00000000
p_41: 0x00000000000000000000000000000000
p_42: 0xA23F005056B6DBD711EBDAEAAA00841F
p_43: FALSE
p_44: TRUE
p_45: 0N
p_46: 0x00000000000000000000000000000000
p_47: 0xA9EDC39F2DCC23C74BB7D3189104A21E
p_48: 0x00000000000000000000000000000000
p_49: 0x00000000000000000000000000000000
p_50: FALSE
p_51: FALSE
p_52: TRUE
p_53: 0x00000000000000000000000000000000
p_54: 20010101000000
p_55: 20010101000000
p_56: ''
p_57: 0xA22D005056B6DBD711EA98C241273988
p_58: 0x00000000000000000000000000000000
p_59: 0x00000000000000000000000000000000
p_60: FALSE
p_61: 20010101000000
p_62: ''
p_63: ''
p_64: 20010101000000
p_65: '91a9f4f1-d502-11ed-bbca-6c2b59bc8ec2'
p_66: ''
p_67: 20010101000000
p_68: ''
p_69: 20010101000000
p_70: 0x00000000000000000000000000000000
p_71: ''
p_72: ''
p_73: FALSE
p_74: FALSE
p_75: ''
p_76: 40230407000000
p_77: 0x00000000000000000000000000000000
p_78: 0x902068B599C9809D11E2558C5B70A6C3
p_79: 0xBB25CB79B3C10E64468A021EEA6FA6DE
p_80: 20010101000000
p_81: 0x00000000000000000000000000000000
p_82: 20010101000000
p_83: 0x00000000000000000000000000000000
p_84: FALSE
p_85: FALSE
p_86: ''
",RowsAffected=1,Context='
WebСервис.GetRegister.Модуль : 239 : Док = МЧТ_МодульСПолнымиПравами.СформироватьПФ(ДокументОснование,Отправитель,Получатель,Действие);
	ОбщийМодуль.МЧТ_МодульСПолнымиПравами.Модуль : 7159 : Док.Записать(РежимЗаписиДокумента.Проведение);'
58:54.044021-2890011,DBMSSQL,6,process=rphost,p:processName=AstOffice,OSThread=6000,t:clientID=2245,t:applicationName=WebServerExtension,t:computerName=Ast1COffice,t:connectID=2051,SessionID=37759,Usr=УзлыИБ,DBMS=DBMSSQL,DataBase=ASTSQLOFFICE2\AstOffice,Trans=1,dbpid=96,Sql='SELECT
T2.Fld17926_TYPE,
T2.Fld17926_RTRef,
T2.Fld17926_RRRef,
ISNULL(CAST(T2.Fld17930Balance_ AS NUMERIC(33, 2)),?),
T1._Q_000_F_000RRef,
T1._Q_000_F_001,
T1._Q_000_F_002
FROM #tt71 T1 WITH(NOLOCK)
LEFT OUTER JOIN (SELECT
T3.Fld17928RRef AS Fld17928RRef,
T3.Fld17926_TYPE AS Fld17926_TYPE,
T3.Fld17926_RTRef AS Fld17926_RTRef,
T3.Fld17926_RRRef AS Fld17926_RRRef,
CAST(SUM(T3.Fld17930Balance_) AS NUMERIC(33, 2)) AS Fld17930Balance_
FROM (SELECT
T4._Fld17928RRef AS Fld17928RRef,
T4._Fld17926_TYPE AS Fld17926_TYPE,
T4._Fld17926_RTRef AS Fld17926_RTRef,
T4._Fld17926_RRRef AS Fld17926_RRRef,
CAST(SUM(T4._Fld17930) AS NUMERIC(27, 2)) AS Fld17930Balance_
FROM dbo._AccumRgT17931 T4 WITH(SERIALIZABLE, UPDLOCK)
WHERE T4._Period = ? AND ((T4._Fld17927RRef = ?) AND T4._Fld17928RRef IN
(SELECT
T5._Q_000_F_000RRef AS Q_001_F_000RRef
FROM #tt71 T5 WITH(NOLOCK))) AND (T4._Fld17930 <> ?) AND (T4._Fld17930 <> ?)
GROUP BY T4._Fld17928RRef,
T4._Fld17926_TYPE,
T4._Fld17926_RTRef,
T4._Fld17926_RRRef
HAVING (CAST(SUM(T4._Fld17930) AS NUMERIC(27, 2))) <> 0.0
UNION ALL SELECT
T6._Fld17928RRef AS Fld17928RRef,
T6._Fld17926_TYPE AS Fld17926_TYPE,
T6._Fld17926_RTRef AS Fld17926_RTRef,
T6._Fld17926_RRRef AS Fld17926_RRRef,
CAST(CAST(SUM(CASE WHEN T6._RecordKind = 0.0 THEN -T6._Fld17930 ELSE T6._Fld17930 END) AS NUMERIC(21, 2)) AS NUMERIC(27, 2)) AS Fld17930Balance_
FROM dbo._AccumRg17924 T6 WITH(SERIALIZABLE, UPDLOCK)
WHERE T6._Period > ? AND T6._Period < ? AND T6._Active = 0x01 AND ((T6._Fld17927RRef = ?) AND T6._Fld17928RRef IN
(SELECT
T7._Q_000_F_000RRef AS Q_001_F_000RRef
FROM #tt71 T7 WITH(NOLOCK)))
GROUP BY T6._Fld17928RRef,
T6._Fld17926_TYPE,
T6._Fld17926_RTRef,
T6._Fld17926_RRRef
HAVING (CAST(CAST(SUM(CASE WHEN T6._RecordKind = 0.0 THEN -T6._Fld17930 ELSE T6._Fld17930 END) AS NUMERIC(21, 2)) AS NUMERIC(27, 2))) <> 0.0) T3
GROUP BY T3.Fld17928RRef,
T3.Fld17926_TYPE,
T3.Fld17926_RTRef,
T3.Fld17926_RRRef
HAVING (CAST(SUM(T3.Fld17930Balance_) AS NUMERIC(33, 2))) <> 0.0) T2
ON (T1._Q_000_F_000RRef = T2.Fld17928RRef)
ORDER BY (T2.Fld17926_TYPE), (T2.Fld17926_RTRef), (T2.Fld17926_RRRef)
p_0: 0N
p_1: 59991101000000
p_2: 0xA23F005056B6DBD711EBDAEAAA008424
p_3: 0N
p_4: 0N
p_5: 40230407125400
p_6: 59991101000000
p_7: 0xA23F005056B6DBD711EBDAEAAA008424
',Rows=1,RowsAffected=-1,Context='
WebСервис.GetRegister.Модуль : 260 : ОФ.Записать(РежимЗаписиДокумента.Проведение, РежимПроведенияДокумента.Неоперативный);
	Документ.ПоступлениеТоваровУслуг.МодульОбъекта : 6712 : ДвиженияПоРегистрам(РежимПроведения, СтруктураШапкиДокумента,
		Документ.ПоступлениеТоваровУслуг.МодульОбъекта : 4661 : ДвиженияПоРегистрамУпр(РежимПроведения, СтруктураШапкиДокумента,
			Документ.ПоступлениеТоваровУслуг.МодульОбъекта : 5417 : БМ_ОбщийМодуль.ВыполнитьДвижениеПартии(ЭтотОбъект,Отказ);
				ОбщийМодуль.БМ_ОбщийМодуль.Модуль : 714 : ДвиженияПеремещениеПартии(Движения, Источник, СтруктурноеПодразделениеОтправитель,СтруктурноеПодразделениеПолучатель, "Товары", , 1);
					ОбщийМодуль.БМ_ОбщийМодуль.Модуль : 458 : ДвиженияПеремещениеПартииНовый(Движения, Источник, СтруктурноеПодразделениеОтправитель, СтруктурноеПодразделениеПолучатель, Таблица, ТИПНоменклатуры, Ед, ВозвратП);
						ОбщийМодуль.БМ_ОбщийМодуль.Модуль : 527 : РезультатЗапроса = Запрос.Выполнить();'
59:40.385036-1812024,DBMSSQL,4,process=rphost,p:processName=AstOffice,OSThread=3108,t:clientID=2388,t:applicationName=1CV8,t:computerName=ast12trademark,t:connectID=2182,SessionID=4069,Usr=Тарасов Игорь,DBMS=DBMSSQL,DataBase=ASTSQLOFFICE2\AstOffice,Trans=0,dbpid=57,Sql="SELECT
0x000000B5,
T1._IDRRef,
T2._Date_Time,
0x000000B5,
T1._IDRRef,
T1._Number,
T1._Date_Time,
CAST(? AS NUMERIC(2, 0)),
CAST(NULL AS BINARY(1)),
CAST(NULL AS BINARY(1)),
CAST(NULL AS NUMERIC(38,8)),
CAST(NULL AS DATETIME),
CAST(NULL AS NVARCHAR),
CAST(NULL AS VARBINARY),
CAST(NULL AS BINARY(4)),
CAST(NULL AS BINARY(16)),
CAST(NULL AS NUMERIC(15, 2)),
CAST(NULL AS BINARY(16)),
T1._Posted,
T1._Marked,
?
FROM dbo._Document181 T1 WITH(NOLOCK)
LEFT OUTER JOIN dbo._Document181 T2 WITH(NOLOCK)
ON T1._IDRRef = T2._IDRRef
WHERE (T1._Fld3409RRef = ?)
UNION ALL SELECT
0x000000B5,
T3._Document181_IDRRef,
T4._Date_Time,
CASE WHEN T4._IDRRef IS NOT NULL THEN 0x000000B5 END,
T4._IDRRef,
T4._Number,
T4._Date_Time,
CAST(? AS NUMERIC(2, 0)),
CAST(NULL AS BINARY(1)),
CAST(NULL AS BINARY(1)),
CAST(NULL AS NUMERIC(38,8)),
CAST(NULL AS DATETIME),
CAST(NULL AS NVARCHAR),
CAST(NULL AS VARBINARY),
CAST(NULL AS BINARY(4)),
CAST(NULL AS BINARY(16)),
CAST(NULL AS NUMERIC(15, 2)),
CAST(NULL AS BINARY(16)),
T4._Posted,
T4._Marked,
?
FROM dbo._Document181_VT3416 T3 WITH(NOLOCK)
LEFT OUTER JOIN dbo._Document181 T4 WITH(NOLOCK)
ON T3._Document181_IDRRef = T4._IDRRef
WHERE (T3._Fld3418RRef = ?)
UNION ALL SELECT
0x000000D0,
T5._IDRRef,
T6._Date_Time,
0x000000D0,
T5._IDRRef,
T5._Number,
T5._Date_Time,
CAST(? AS NUMERIC(2, 0)),
CAST(NULL AS BINARY(1)),
CAST(NULL AS BINARY(1)),
CAST(NULL AS NUMERIC(38,8)),
CAST(NULL AS DATETIME),
CAST(NULL AS NVARCHAR),
CAST(NULL AS VARBINARY),
CAST(NULL AS BINARY(4)),
CAST(NULL AS BINARY(16)),
CAST(NULL AS NUMERIC(15, 2)),
CAST(NULL AS BINARY(16)),
T5._Posted,
T5._Marked,
?
FROM dbo._Document208 T5 WITH(NOLOCK)
LEFT OUTER JOIN dbo._Document208 T6 WITH(NOLOCK)
ON T5._IDRRef = T6._IDRRef
WHERE (T5._Fld4110_TYPE = 0x08 AND T5._Fld4110_RTRef = 0x000000A6 AND T5._Fld4110_RRRef = ?)
UNION ALL SELECT
0x000000D2,
T7._IDRRef,
T8._Date_Time,
0x000000D2,
T7._IDRRef,
T7._Number,
T7._Date_Time,
CAST(? AS NUMERIC(2, 0)),
CAST(NULL AS BINARY(1)),
CAST(NULL AS BINARY(1)),
CAST(NULL AS NUMERIC(38,8)),
CAST(NULL AS DATETIME),
CAST(NULL AS NVARCHAR),
CAST(NULL AS VARBINARY),
CAST(NULL AS BINARY(4)),
CAST(NULL AS BINARY(16)),
CAST(NULL AS NUMERIC(15, 2)),
CAST(NULL AS BINARY(16)),
T7._Posted,
T7._Marked,
?
FROM dbo._Document210 T7 WITH(NOLOCK)
LEFT OUTER JOIN dbo._Document210 T8 WITH(NOLOCK)
ON T7._IDRRef = T8._IDRRef
WHERE (T7._Fld4163RRef = ?)
UNION ALL SELECT
0x000000D2,
T9._IDRRef,
T10._Date_Time,
0x000000D2,
T9._IDRRef,
T9._Number,
T9._Date_Time,
CAST(? AS NUMERIC(2, 0)),
CAST(NULL AS BINARY(1)),
CAST(NULL AS BINARY(1)),
CAST(NULL AS NUMERIC(38,8)),
CAST(NULL AS DATETIME),
CAST(NULL AS NVARCHAR),
CAST(NULL AS VARBINARY),
CAST(NULL AS BINARY(4)),
CAST(NULL AS BINARY(16)),
CAST(NULL AS NUMERIC(15, 2)),
CAST(NULL AS BINARY(16)),
T9._Posted,
T9._Marked,
?
FROM dbo._Document210 T9 WITH(NOLOCK)
LEFT OUTER JOIN dbo._Document210 T10 WITH(NOLOCK)
ON T9._IDRRef = T10._IDRRef
WHERE (T9._Fld4164RRef = ?)
UNION ALL SELECT
0x00003532,
T11._IDRRef,
T12._Date_Time,
0x00003532,
T11._IDRRef,
T11._Number,
T11._Date_Time,
CAST(? AS NUMERIC(2, 0)),
CAST(NULL AS BINARY(1)),
CAST(NULL AS BINARY(1)),
CAST(NULL AS NUMERIC(38,8)),
CAST(NULL AS DATETIME),
CAST(NULL AS NVARCHAR),
CAST(NULL AS VARBINARY),
CAST(NULL AS BINARY(4)),
CAST(NULL AS BINARY(16)),
CAST(NULL AS NUMERIC(15, 2)),
CAST(NULL AS BINARY(16)),
T11._Posted,
T11._Marked,
?
FROM dbo._Document13618 T11 WITH(NOLOCK)
LEFT OUTER JOIN dbo._Document13618 T12 WITH(NOLOCK)
ON T11._IDRRef = T12._IDRRef
WHERE (T11._Fld16131_TYPE = 0x08 AND T11._Fld16131_RTRef = 0x000000A6 AND T11._Fld16131_RRRef = ?)
UNION ALL SELECT
0x0000327B,
T13._IDRRef,
T14._Date_Time,
0x0000327B,
T13._IDRRef,
T13._Number,
T13._Date_Time,
CAST(? AS NUMERIC(2, 0)),
CAST(NULL AS BINARY(1)),
CAST(NULL AS BINARY(1)),
CAST(NULL AS NUMERIC(38,8)),
CAST(NULL AS DATETIME),
CAST(NULL AS NVARCHAR),
CAST(NULL AS VARBINARY),
CAST(NULL AS BINARY(4)),
CAST(NULL AS BINARY(16)),
CAST(NULL AS NUMERIC(15, 2)),
CAST(NULL AS BINARY(16)),
T13._Posted,
T13._Marked,
?
FROM dbo._Document12923 T13 WITH(NOLOCK)
LEFT OUTER JOIN dbo._Document12923 T14 WITH(NOLOCK)
ON T13._IDRRef = T14._IDRRef
WHERE (T13._Fld14503RRef = ?)
UNION ALL SELECT
0x00003E0C,
T15._Document15884_IDRRef,
T16._Date_Time,
CASE WHEN T16._IDRRef IS NOT NULL THEN 0x00003E0C END,
T16._IDRRef,
T16._Number,
T16._Date_Time,
CAST(? AS NUMERIC(2, 0)),
CAST(NULL AS BINARY(1)),
CAST(NULL AS BINARY(1)),
CAST(NULL AS NUMERIC(38,8)),
CAST(NULL AS DATETIME),
CAST(NULL AS NVARCHAR),
CAST(NULL AS VARBINARY),
CAST(NULL AS BINARY(4)),
CAST(NULL AS BINARY(16)),
CAST(NULL AS NUMERIC(15, 2)),
CAST(NULL AS BINARY(16)),
T16._Posted,
T16._Marked,
?
FROM dbo._Document15884_VT15886 T15 WITH(NOLOCK)
LEFT OUTER JOIN dbo._Document15884 T16 WITH(NOLOCK)
ON T15._Document15884_IDRRef = T16._IDRRef
WHERE (T15._Fld15894_TYPE = 0x08 AND T15._Fld15894_RTRef = 0x000000A6 AND T15._Fld15894_RRRef = ?)
UNION ALL SELECT
0x00003E0C,
T17._Document15884_IDRRef,
T18._Date_Time,
CASE WHEN T18._IDRRef IS NOT NULL THEN 0x00003E0C END,
T18._IDRRef,
T18._Number,
T18._Date_Time,
CAST(? AS NUMERIC(2, 0)),
CAST(NULL AS BINARY(1)),
CAST(NULL AS BINARY(1)),
CAST(NULL AS NUMERIC(38,8)),
CAST(NULL AS DATETIME),
CAST(NULL AS NVARCHAR),
CAST(NULL AS VARBINARY),
CAST(NULL AS BINARY(4)),
CAST(NULL AS BINARY(16)),
CAST(NULL AS NUMERIC(15, 2)),
CAST(NULL AS BINARY(16)),
T18._Posted,
T18._Marked,
?
FROM dbo._Document15884_VT15898 T17 WITH(NOLOCK)
LEFT OUTER JOIN dbo._Document15884 T18 WITH(NOLOCK)
ON T17._Document15884_IDRRef = T18._IDRRef
WHERE (T17._Fld15906_TYPE = 0x08 AND T17._Fld15906_RTRef = 0x000000A6 AND T17._Fld15906_RRRef = ?)
UNION ALL SELECT
0x000000EF,
T19._IDRRef,
T20._Date_Time,
0x000000EF,
T19._IDRRef,
T19._Number,
T19._Date_Time,
CAST(? AS NUMERIC(2, 0)),
CAST(NULL AS BINARY(1)),
CAST(NULL AS BINARY(1)),
CAST(NULL AS NUMERIC(38,8)),
CAST(NULL AS DATETIME),
CAST(NULL AS NVARCHAR),
CAST(NULL AS VARBINARY),
CAST(NULL AS BINARY(4)),
CAST(NULL AS BINARY(16)),
CAST(NULL AS NUMERIC(15, 2)),
CAST(NULL AS BINARY(16)),
T19._Posted,
T19._Marked,
?
FROM dbo._Document239 T19 WITH(NOLOCK)
LEFT OUTER JOIN dbo._Document239 T20 WITH(NOLOCK)
ON T19._IDRRef = T20._IDRRef
WHERE (T19._Fld5436RRef = ?)
UNION ALL SELECT
0x000000EF,
T21._IDRRef,
T22._Date_Time,
0x000000EF,
T21._IDRRef,
T21._Number,
T21._Date_Time,
CAST(? AS NUMERIC(2, 0)),
CAST(NULL AS BINARY(1)),
CAST(NULL AS BINARY(1)),
CAST(NULL AS NUMERIC(38,8)),
CAST(NULL AS DATETIME),
CAST(NULL AS NVARCHAR),
CAST(NULL AS VARBINARY),
CAST(NULL AS BINARY(4)),
CAST(NULL AS BINARY(16)),
CAST(NULL AS NUMERIC(15, 2)),
CAST(NULL AS BINARY(16)),
T21._Posted,
T21._Marked,
?
FROM dbo._Document239 T21 WITH(NOLOCK)
LEFT OUTER JOIN dbo._Document239 T22 WITH(NOLOCK)
ON T21._IDRRef = T22._IDRRef
WHERE (T21._Fld5437_TYPE = 0x08 AND T21._Fld5437_RTRef = 0x000000A6 AND T21._Fld5437_RRRef = ?)
UNION ALL SELECT
0x000000EF,
T23._Document239_IDRRef,
T24._Date_Time,
CASE WHEN T24._IDRRef IS NOT NULL THEN 0x000000EF END,
T24._IDRRef,
T24._Number,
T24._Date_Time,
CAST(? AS NUMERIC(2, 0)),
CAST(NULL AS BINARY(1)),
CAST(NULL AS BINARY(1)),
CAST(NULL AS NUMERIC(38,8)),
CAST(NULL AS DATETIME),
CAST(NULL AS NVARCHAR),
CAST(NULL AS VARBINARY),
CAST(NULL AS BINARY(4)),
CAST(NULL AS BINARY(16)),
CAST(NULL AS NUMERIC(15, 2)),
CAST(NULL AS BINARY(16)),
T24._Posted,
T24._Marked,
?
FROM dbo._Document239_VT5451 T23 WITH(NOLOCK)
LEFT OUTER JOIN dbo._Document239 T24 WITH(NOLOCK)
ON T23._Document239_IDRRef = T24._IDRRef
WHERE (T23._Fld5466RRef = ?)
UNION ALL SELECT
0x000000EF,
T25._Document239_IDRRef,
T26._Date_Time,
CASE WHEN T26._IDRRef IS NOT NULL THEN 0x000000EF END,
T26._IDRRef,
T26._Number,
T26._Date_Time,
CAST(? AS NUMERIC(2, 0)),
CAST(NULL AS BINARY(1)),
CAST(NULL AS BINARY(1)),
CAST(NULL AS NUMERIC(38,8)),
CAST(NULL AS DATETIME),
CAST(NULL AS NVARCHAR),
CAST(NULL AS VARBINARY),
CAST(NULL AS BINARY(4)),
CAST(NULL AS BINARY(16)),
CAST(NULL AS NUMERIC(15, 2)),
CAST(NULL AS BINARY(16)),
T26._Posted,
T26._Marked,
?
FROM dbo._Document239_VT5471 T25 WITH(NOLOCK)
LEFT OUTER JOIN dbo._Document239 T26 WITH(NOLOCK)
ON T25._Document239_IDRRef = T26._IDRRef
WHERE (T25._Fld5476RRef = ?)
UNION ALL SELECT
0x0000010D,
T27._IDRRef,
T28._Date_Time,
0x0000010D,
T27._IDRRef,
T27._Number,
T27._Date_Time,
CAST(? AS NUMERIC(2, 0)),
CAST(NULL AS BINARY(1)),
CAST(NULL AS BINARY(1)),
CAST(NULL AS NUMERIC(38,8)),
CAST(NULL AS DATETIME),
CAST(NULL AS NVARCHAR),
CAST(NULL AS VARBINARY),
CAST(NULL AS BINARY(4)),
CAST(NULL AS BINARY(16)),
T27._Fld7219,
T27._Fld7188RRef,
T27._Posted,
T27._Marked,
?
FROM dbo._Document269 T27 WITH(NOLOCK)
LEFT OUTER JOIN dbo._Document269 T28 WITH(NOLOCK)
ON T27._IDRRef = T28._IDRRef
WHERE (T27._Fld7198_TYPE = 0x08 AND T27._Fld7198_RTRef = 0x000000A6 AND T27._Fld7198_RRRef = ?)
UNION ALL SELECT
0x0000010D,
T29._Document269_IDRRef,
T30._Date_Time,
CASE WHEN T30._IDRRef IS NOT NULL THEN 0x0000010D END,
T30._IDRRef,
T30._Number,
T30._Date_Time,
CAST(? AS NUMERIC(2, 0)),
CAST(NULL AS BINARY(1)),
CAST(NULL AS BINARY(1)),
CAST(NULL AS NUMERIC(38,8)),
CAST(NULL AS DATETIME),
CAST(NULL AS NVARCHAR),
CAST(NULL AS VARBINARY),
CAST(NULL AS BINARY(4)),
CAST(NULL AS BINARY(16)),
T30._Fld7219,
T30._Fld7188RRef,
T30._Posted,
T30._Marked,
?
FROM dbo._Document269_VT7231 T29 WITH(NOLOCK)
LEFT OUTER JOIN dbo._Document269 T30 WITH(NOLOCK)
ON T29._Document269_IDRRef = T30._IDRRef
WHERE (T29._Fld13628RRef = ?)
UNION ALL SELECT
0x00000114,
T31._IDRRef,
T32._Date_Time,
0x00000114,
T31._IDRRef,
T31._Number,
T31._Date_Time,
CAST(? AS NUMERIC(2, 0)),
CAST(NULL AS BINARY(1)),
CAST(NULL AS BINARY(1)),
CAST(NULL AS NUMERIC(38,8)),
CAST(NULL AS DATETIME),
CAST(NULL AS NVARCHAR),
CAST(NULL AS VARBINARY),
CAST(NULL AS BINARY(4)),
CAST(NULL AS BINARY(16)),
CAST(NULL AS NUMERIC(15, 2)),
CAST(NULL AS BINARY(16)),
T31._Posted,
T31._Marked,
?
FROM dbo._Document276 T31 WITH(NOLOCK)
LEFT OUTER JOIN dbo._Document276 T32 WITH(NOLOCK)
ON T31._IDRRef = T32._IDRRef
WHERE (T31._Fld7771_TYPE = 0x08 AND T31._Fld7771_RTRef = 0x000000A6 AND T31._Fld7771_RRRef = ?)
UNION ALL SELECT
0x0000011C,
T33._IDRRef,
T34._Date_Time,
0x0000011C,
T33._IDRRef,
T33._Number,
T33._Date_Time,
CAST(? AS NUMERIC(2, 0)),
CAST(NULL AS BINARY(1)),
CAST(NULL AS BINARY(1)),
CAST(NULL AS NUMERIC(38,8)),
CAST(NULL AS DATETIME),
CAST(NULL AS NVARCHAR),
CAST(NULL AS VARBINARY),
CAST(NULL AS BINARY(4)),
CAST(NULL AS BINARY(16)),
CAST(NULL AS NUMERIC(15, 2)),
CAST(NULL AS BINARY(16)),
T33._Posted,
T33._Marked,
?
FROM dbo._Document284 T33 WITH(NOLOCK)
LEFT OUTER JOIN dbo._Document284 T34 WITH(NOLOCK)
ON T33._IDRRef = T34._IDRRef
WHERE (T33._Fld8119_TYPE = 0x08 AND T33._Fld8119_RTRef = 0x000000A6 AND T33._Fld8119_RRRef = ?)
UNION ALL SELECT
0x00000121,
T35._IDRRef,
T36._Date_Time,
0x00000121,
T35._IDRRef,
T35._Number,
T35._Date_Time,
?,
CAST(NULL AS BINARY(1)),
CAST(NULL AS BINARY(1)),
CAST(NULL AS NUMERIC(38,8)),
CAST(NULL AS DATETIME),
CAST(NULL AS NVARCHAR),
CAST(NULL AS VARBINARY),
CAST(NULL AS BINARY(4)),
CAST(NULL AS BINARY(16)),
CAST(NULL AS NUMERIC(15, 2)),
CAST(NULL AS BINARY(16)),
T35._Posted,
T35._Marked,
?
FROM dbo._Document289 T35 WITH(NOLOCK)
LEFT OUTER JOIN dbo._Document289 T36 WITH(NOLOCK)
ON T35._IDRRef = T36._IDRRef
WHERE (T35._Fld8441_TYPE = 0x08 AND T35._Fld8441_RTRef = 0x000000A6 AND T35._Fld8441_RRRef = ?)
UNION ALL SELECT
0x00000121,
T37._Document289_IDRRef,
T38._Date_Time,
CASE WHEN T38._IDRRef IS NOT NULL THEN 0x00000121 END,
T38._IDRRef,
T38._Number,
T38._Date_Time,
?,
CAST(NULL AS BINARY(1)),
CAST(NULL AS BINARY(1)),
CAST(NULL AS NUMERIC(38,8)),
CAST(NULL AS DATETIME),
CAST(NULL AS NVARCHAR),
CAST(NULL AS VARBINARY),
CAST(NULL AS BINARY(4)),
CAST(NULL AS BINARY(16)),
CAST(NULL AS NUMERIC(15, 2)),
CAST(NULL AS BINARY(16)),
T38._Posted,
T38._Marked,
?
FROM dbo._Document289_VT8464 T37 WITH(NOLOCK)
LEFT OUTER JOIN dbo._Document289 T38 WITH(NOLOCK)
ON T37._Document289_IDRRef = T38._IDRRef
WHERE (T37._Fld8477RRef = ?)
UNION ALL SELECT
0x000056EF,
T39._IDRRef,
T40._Date_Time,
0x000056EF,
T39._IDRRef,
T39._Number,
T39._Date_Time,
?,
CAST(NULL AS BINARY(1)),
CAST(NULL AS BINARY(1)),
CAST(NULL AS NUMERIC(38,8)),
CAST(NULL AS DATETIME),
CAST(NULL AS NVARCHAR),
CAST(NULL AS VARBINARY),
CAST(NULL AS BINARY(4)),
CAST(NULL AS BINARY(16)),
T39._Fld22412,
T39._Fld22409RRef,
T39._Posted,
T39._Marked,
?
FROM dbo._Document22255 T39 WITH(NOLOCK)
LEFT OUTER JOIN dbo._Document22255 T40 WITH(NOLOCK)
ON T39._IDRRef = T40._IDRRef
WHERE (T39._Fld22414_TYPE = 0x08 AND T39._Fld22414_RTRef = 0x000000A6 AND T39._Fld22414_RRRef = ?)
UNION ALL SELECT
0x000056F0,
T41._IDRRef,
T42._Date_Time,
0x000056F0,
T41._IDRRef,
T41._Number,
T41._Date_Time,
?,
CAST(NULL AS BINARY(1)),
CAST(NULL AS BINARY(1)),
CAST(NULL AS NUMERIC(38,8)),
CAST(NULL AS DATETIME),
CAST(NULL AS NVARCHAR),
CAST(NULL AS VARBINARY),
CAST(NULL AS BINARY(4)),
CAST(NULL AS BINARY(16)),
T41._Fld22430,
T41._Fld22426RRef,
T41._Posted,
T41._Marked,
?
FROM dbo._Document22256 T41 WITH(NOLOCK)
LEFT OUTER JOIN dbo._Document22256 T42 WITH(NOLOCK)
ON T41._IDRRef = T42._IDRRef
WHERE (T41._Fld22432_TYPE = 0x08 AND T41._Fld22432_RTRef = 0x000000A6 AND T41._Fld22432_RRRef = ?)
ORDER BY 3
p_0: 0N
p_1: 'ЗакрытиеВнутреннихЗаказов'
p_2: 0xA259005056B6DBD711EDD4EE1D88887C
p_3: 0N
p_4: 'ЗакрытиеВнутреннихЗаказов'
p_5: 0xA259005056B6DBD711EDD4EE1D88887C
p_6: 1N
p_7: 'КомплектацияНоменклатуры'
p_8: 0xA259005056B6DBD711EDD4EE1D88887C
p_9: 2N
p_10: 'КорректировкаВнутреннегоЗаказа'
p_11: 0xA259005056B6DBD711EDD4EE1D88887C
p_12: 2N
p_13: 'КорректировкаВнутреннегоЗаказа'
p_14: 0xA259005056B6DBD711EDD4EE1D88887C
p_15: 3N
p_16: 'ма_КонвертацияБуферногоНоминала'
p_17: 0xA259005056B6DBD711EDD4EE1D88887C
p_18: 4N
p_19: 'мчт_РеестрДоставки'
p_20: 0xA259005056B6DBD711EDD4EE1D88887C
p_21: 5N
p_22: 'мчт_фактПоАкции'
p_23: 0xA259005056B6DBD711EDD4EE1D88887C
p_24: 5N
p_25: 'мчт_фактПоАкции'
p_26: 0xA259005056B6DBD711EDD4EE1D88887C
p_27: 6N
p_28: 'ПеремещениеТоваров'
p_29: 0xA259005056B6DBD711EDD4EE1D88887C
p_30: 6N
p_31: 'ПеремещениеТоваров'
p_32: 0xA259005056B6DBD711EDD4EE1D88887C
p_33: 6N
p_34: 'ПеремещениеТоваров'
p_35: 0xA259005056B6DBD711EDD4EE1D88887C
p_36: 6N
p_37: 'ПеремещениеТоваров'
p_38: 0xA259005056B6DBD711EDD4EE1D88887C
p_39: 7N
p_40: 'РеализацияТоваровУслуг'
p_41: 0xA259005056B6DBD711EDD4EE1D88887C
p_42: 7N
p_43: 'РеализацияТоваровУслуг'
p_44: 0xA259005056B6DBD711EDD4EE1D88887C
p_45: 8N
p_46: 'РезервированиеТоваров'
p_47: 0xA259005056B6DBD711EDD4EE1D88887C
p_48: 9N
p_49: 'Сторнирование'
p_50: 0xA259005056B6DBD711EDD4EE1D88887C
p_51: 10N
p_52: 'ТребованиеНакладная'
p_53: 0xA259005056B6DBD711EDD4EE1D88887C
p_54: 10N
p_55: 'ТребованиеНакладная'
p_56: 0xA259005056B6DBD711EDD4EE1D88887C
p_57: 11N
p_58: 'ЗаявкаНаУменьшениеСуммыПлатежа'
p_59: 0xA259005056B6DBD711EDD4EE1D88887C
p_60: 12N
p_61: 'ЗаявкаНаПоступление'
p_62: 0xA259005056B6DBD711EDD4EE1D88887C
",Rows=7,RowsAffected=-1
59:40.401019-0,Context,2,process=rphost,p:processName=AstOffice,OSThread=3108,t:clientID=2388,t:applicationName=1CV8,t:computerName=ast12trademark,t:connectID=2182,SessionID=4069,Usr=Тарасов Игорь,Context='
Документ.ПоступлениеТоваровУслуг.Форма.ФормаДокумента.Форма : 3159 : РаботаСДиалогами.ПоказатьСтруктуруПодчиненностиДокумента(Ссылка);
	ОбщийМодуль.РаботаСДиалогами.Модуль : 6173 : ФормаСтруктурыПодчиненности.Открыть();
		ОбщаяФорма.ФормаСтруктурыПодчиненности.Форма : 443 : ВывестиДеревоДокументов();
			ОбщаяФорма.ФормаСтруктурыПодчиненности.Форма : 16 : ВывестиПодчиненныеДокументы(мДерево);
				ОбщаяФорма.ФормаСтруктурыПодчиненности.Форма : 416 : ВывестиПодчиненныеДокументы(НоваяСтрока);
					ОбщаяФорма.ФормаСтруктурыПодчиненности.Форма : 416 : ВывестиПодчиненныеДокументы(НоваяСтрока);
						ОбщаяФорма.ФормаСтруктурыПодчиненности.Форма : 402 : Выборка = Запрос.Выполнить().Выбрать();'
