11:09.331015-0,EXCP,2,process=rphost,p:processName=astoffice,OSThread=11668,t:clientID=1204,t:applicationName=1CV8,t:computerName=ast12trmarket,t:connectID=7530,SessionID=34192,Usr=Моторин Александр,Exception=580392e6-ba49-4280-ac67-fcd6f2180121,Descr='src\VResourceInfoBaseImpl.cpp(1129):
580392e6-ba49-4280-ac67-fcd6f2180121: Неспецифицированная ошибка работы с ресурсом
Ошибка при выполнении запроса POST к ресурсу /e1cib/logForm:
8d366056-4d5a-4d88-a207-0ae535b7d28e: Метод объекта не обнаружен (ПроверитьОбъектОбработан)
{ОбщийМодуль.РаботаСФайламиСлужебный.Модуль(4954)}:		ОбновлениеИнформационнойБазы.ПроверитьОбъектОбработан(ОбъектЗначение, Контекст);
{Обработка.РаботаСФайлами.Форма.ПрисоединенныйФайл.Форма(26)}:	РаботаСФайламиСлужебный.ФормаЭлементаПриСозданииНаСервере(
'
22:14.484000-0,EXCP,2,process=rphost,p:processName=astoffice,OSThread=11768,t:clientID=1204,t:applicationName=1CV8,t:computerName=ast12trmarket,t:connectID=7530,SessionID=34192,Usr=Моторин Александр,Exception=580392e6-ba49-4280-ac67-fcd6f2180121,Descr='src\VResourceInfoBaseImpl.cpp(1129):
580392e6-ba49-4280-ac67-fcd6f2180121: Неспецифицированная ошибка работы с ресурсом
Ошибка при выполнении запроса POST к ресурсу /e1cib/logForm:
8d366056-4d5a-4d88-a207-0ae535b7d28e: Метод объекта не обнаружен (ПроверитьОбъектОбработан)
{ОбщийМодуль.РаботаСФайламиСлужебный.Модуль(4954)}:		ОбновлениеИнформационнойБазы.ПроверитьОбъектОбработан(ОбъектЗначение, Контекст);
{Обработка.РаботаСФайлами.Форма.ПрисоединенныйФайл.Форма(26)}:	РаботаСФайламиСлужебный.ФормаЭлементаПриСозданииНаСервере(
'
23:57.450033-0,EXCP,2,process=rphost,p:processName=astoffice,OSThread=8040,t:clientID=1204,t:applicationName=1CV8,t:computerName=ast12trmarket,t:connectID=7530,SessionID=34192,Usr=Моторин Александр,Exception=580392e6-ba49-4280-ac67-fcd6f2180121,Descr='src\VResourceInfoBaseImpl.cpp(1129):
580392e6-ba49-4280-ac67-fcd6f2180121: Неспецифицированная ошибка работы с ресурсом
Ошибка при выполнении запроса POST к ресурсу /e1cib/logForm:
8d366056-4d5a-4d88-a207-0ae535b7d28e: Метод объекта не обнаружен (ПроверитьОбъектОбработан)
{ОбщийМодуль.РаботаСФайламиСлужебный.Модуль(4954)}:		ОбновлениеИнформационнойБазы.ПроверитьОбъектОбработан(ОбъектЗначение, Контекст);
{Обработка.РаботаСФайлами.Форма.ПрисоединенныйФайл.Форма(26)}:	РаботаСФайламиСлужебный.ФормаЭлементаПриСозданииНаСервере(
'
25:11.915005-0,EXCP,2,process=rphost,p:processName=astoffice,OSThread=5104,t:clientID=1204,t:applicationName=1CV8,t:computerName=ast12trmarket,t:connectID=7530,SessionID=34192,Usr=Моторин Александр,Exception=580392e6-ba49-4280-ac67-fcd6f2180121,Descr='src\VResourceInfoBaseImpl.cpp(1129):
580392e6-ba49-4280-ac67-fcd6f2180121: Неспецифицированная ошибка работы с ресурсом
Ошибка при выполнении запроса POST к ресурсу /e1cib/logForm:
8d366056-4d5a-4d88-a207-0ae535b7d28e: Метод объекта не обнаружен (ПроверитьОбъектОбработан)
{ОбщийМодуль.РаботаСФайламиСлужебный.Модуль(4954)}:		ОбновлениеИнформационнойБазы.ПроверитьОбъектОбработан(ОбъектЗначение, Контекст);
{Обработка.РаботаСФайлами.Форма.ПрисоединенныйФайл.Форма(26)}:	РаботаСФайламиСлужебный.ФормаЭлементаПриСозданииНаСервере(
'
27:13.205033-0,EXCP,2,process=rphost,p:processName=astoffice,OSThread=8896,t:clientID=1204,t:applicationName=1CV8,t:computerName=ast12trmarket,t:connectID=7530,SessionID=34192,Usr=Моторин Александр,Exception=580392e6-ba49-4280-ac67-fcd6f2180121,Descr='src\VResourceInfoBaseImpl.cpp(1129):
580392e6-ba49-4280-ac67-fcd6f2180121: Неспецифицированная ошибка работы с ресурсом
Ошибка при выполнении запроса POST к ресурсу /e1cib/logForm:
8d366056-4d5a-4d88-a207-0ae535b7d28e: Метод объекта не обнаружен (ПроверитьОбъектОбработан)
{ОбщийМодуль.РаботаСФайламиСлужебный.Модуль(4954)}:		ОбновлениеИнформационнойБазы.ПроверитьОбъектОбработан(ОбъектЗначение, Контекст);
{Обработка.РаботаСФайлами.Форма.ПрисоединенныйФайл.Форма(26)}:	РаботаСФайламиСлужебный.ФормаЭлементаПриСозданииНаСервере(
'
30:26.155033-0,EXCP,2,process=rphost,p:processName=astoffice,OSThread=7032,t:clientID=1204,t:applicationName=1CV8,t:computerName=ast12trmarket,t:connectID=7530,SessionID=34192,Usr=Моторин Александр,Exception=580392e6-ba49-4280-ac67-fcd6f2180121,Descr='src\VResourceInfoBaseImpl.cpp(1129):
580392e6-ba49-4280-ac67-fcd6f2180121: Неспецифицированная ошибка работы с ресурсом
Ошибка при выполнении запроса POST к ресурсу /e1cib/logForm:
8d366056-4d5a-4d88-a207-0ae535b7d28e: Метод объекта не обнаружен (ПроверитьОбъектОбработан)
{ОбщийМодуль.РаботаСФайламиСлужебный.Модуль(4954)}:		ОбновлениеИнформационнойБазы.ПроверитьОбъектОбработан(ОбъектЗначение, Контекст);
{Обработка.РаботаСФайлами.Форма.ПрисоединенныйФайл.Форма(26)}:	РаботаСФайламиСлужебный.ФормаЭлементаПриСозданииНаСервере(
'
31:47.301033-0,EXCP,2,process=rphost,p:processName=astoffice,OSThread=9540,t:clientID=1204,t:applicationName=1CV8,t:computerName=ast12trmarket,t:connectID=7530,SessionID=34192,Usr=Моторин Александр,Exception=580392e6-ba49-4280-ac67-fcd6f2180121,Descr='src\VResourceInfoBaseImpl.cpp(1129):
580392e6-ba49-4280-ac67-fcd6f2180121: Неспецифицированная ошибка работы с ресурсом
Ошибка при выполнении запроса POST к ресурсу /e1cib/logForm:
8d366056-4d5a-4d88-a207-0ae535b7d28e: Метод объекта не обнаружен (ПроверитьОбъектОбработан)
{ОбщийМодуль.РаботаСФайламиСлужебный.Модуль(4954)}:		ОбновлениеИнформационнойБазы.ПроверитьОбъектОбработан(ОбъектЗначение, Контекст);
{Обработка.РаботаСФайлами.Форма.ПрисоединенныйФайл.Форма(26)}:	РаботаСФайламиСлужебный.ФормаЭлементаПриСозданииНаСервере(
'
32:28.676026-0,EXCP,2,process=rphost,p:processName=astoffice,OSThread=6784,t:clientID=1204,t:applicationName=1CV8,t:computerName=ast12trmarket,t:connectID=7530,SessionID=34192,Usr=Моторин Александр,Exception=580392e6-ba49-4280-ac67-fcd6f2180121,Descr='src\VResourceInfoBaseImpl.cpp(1129):
580392e6-ba49-4280-ac67-fcd6f2180121: Неспецифицированная ошибка работы с ресурсом
Ошибка при выполнении запроса POST к ресурсу /e1cib/logForm:
8d366056-4d5a-4d88-a207-0ae535b7d28e: Метод объекта не обнаружен (ПроверитьОбъектОбработан)
{ОбщийМодуль.РаботаСФайламиСлужебный.Модуль(4954)}:		ОбновлениеИнформационнойБазы.ПроверитьОбъектОбработан(ОбъектЗначение, Контекст);
{Обработка.РаботаСФайлами.Форма.ПрисоединенныйФайл.Форма(26)}:	РаботаСФайламиСлужебный.ФормаЭлементаПриСозданииНаСервере(
'
