55:08.976000-5327999,DBMSSQL,4,process=rphost,p:processName=astoffice,OSThread=9340,t:clientID=29,t:applicationName=1CV8,t:computerName=AST12TSDAST,t:connectID=2604,SessionID=5681,Usr=Темеркулова Сания,DBMS=DBMSSQL,DataBase=ASTSQLOFFICE2\AstOffice,Trans=0,dbpid=82,Sql="SELECT TOP 25
T69._DocumentTRef,
T69._DocumentRRef,
T69._Date_Time,
T69._Number,
0x08 + T69._DocumentTRef,
T69._Posted,
CAST(T69._Fld14694 AS NVARCHAR(100)),
T69._Fld14701RRef,
T70.Q_001_F_001RRef,
T70.Q_001_F_002TRef,
T70.Q_001_F_002RRef,
T77.Q_001_F_001TRef,
T77.Q_001_F_001RRef,
T77.Q_001_F_002_,
CASE WHEN (T77.Q_001_F_002_ = ?) THEN ? WHEN (T77.Q_001_F_002_ = ?) THEN ? WHEN (T77.Q_001_F_002_ = ?) THEN ? WHEN (T77.Q_001_F_002_ = ?) THEN ? WHEN (T77.Q_001_F_002_ = ?) THEN ? WHEN (T77.Q_001_F_002_ = ?) THEN ? WHEN (T77.Q_001_F_002_ = ?) THEN ? WHEN (T77.Q_001_F_002_ = ?) THEN ? WHEN (T77.Q_001_F_002_ = ?) THEN ? WHEN (T77.Q_001_F_002_ = ?) AND T77.Q_001_F_000_ = 0x01 AND (T77.Q_001_F_003_ = ?) THEN ? WHEN (T77.Q_001_F_002_ = ?) AND (T77.Q_001_F_000_ = 0x00) AND (T77.Q_001_F_004_ = ?) AND (T77.Q_001_F_005_ = ?) THEN ? WHEN T77.Q_001_F_000_ = 0x01 AND (T77.Q_001_F_003_ <> ?) THEN ? WHEN (T77.Q_001_F_000_ = 0x00) AND (T77.Q_001_F_004_ <> ?) AND (T77.Q_001_F_005_ = ?) THEN ? WHEN (T77.Q_001_F_000_ = 0x00) AND (T77.Q_001_F_005_ <> ?) THEN ? WHEN (T77.Q_001_F_002_ = ?) THEN ? ELSE ? END,
CASE WHEN (T77.Q_001_F_003_ <> ?) AND T77.Q_001_F_000_ = 0x01 THEN 0x01 ELSE 0x00 END,
CASE WHEN (T77.Q_001_F_004_ <> ?) AND (T77.Q_001_F_000_ = 0x00) THEN 0x01 ELSE 0x00 END,
CASE WHEN (T77.Q_001_F_005_ <> ?) AND (T77.Q_001_F_000_ = 0x00) THEN 0x01 ELSE 0x00 END,
CASE WHEN (ISNULL(CAST(T80.Q_001_F_001_ AS NUMERIC(7, 0)),?) = ?) THEN ? ELSE ? END,
CASE WHEN (NOT ((ISNULL(T98.Fld11162_,0x00)) = 0x01)) THEN ? WHEN (T98.Fld11161RRef = ?) THEN ? WHEN (T102._Fld11166RRef = ?) THEN ? ELSE ? END,
T69._Marked
FROM dbo._DocumentJournal14688 T69 WITH(NOLOCK)
INNER JOIN (SELECT
0x000000EF AS Q_001_F_000TRef,
T71._IDRRef AS Q_001_F_000RRef,
T71._Fld5445RRef AS Q_001_F_001RRef,
0x0000006F AS Q_001_F_002TRef,
T71._Fld5446RRef AS Q_001_F_002RRef,
T71._Date_Time AS Q_001_F_003_,
T71._Number AS Q_001_F_004_,
T71._Posted AS Q_001_F_005_
FROM dbo._Document239 T71 WITH(NOLOCK)
WHERE ((T71._Fld5445RRef = ?) OR (T71._Fld5446RRef = ?)) AND (T71._Date_Time >= ?) AND (T71._Fld14650 = 0x00)
UNION ALL SELECT
0x0000010D AS IDTRef,
T72._IDRRef AS IDRRef,
T72._Fld7216RRef AS Fld7216RRef,
0x00000049 AS Fld7201TRef,
T72._Fld7201RRef AS Fld7201RRef,
T72._Date_Time AS Date_Time_,
T72._Number AS Number_,
T72._Posted AS Posted_
FROM dbo._Document269 T72 WITH(NOLOCK)
WHERE (T72._Fld7216RRef = ?) AND (T72._Date_Time >= ?)
UNION ALL SELECT
0x000038D8 AS IDTRef,
T73._IDRRef AS IDRRef,
T74.Q_001_F_001RRef AS Q_001_F_001RRef,
0x0000006F,
0x00000000000000000000000000000000,
T73._Date_Time AS Date_Time_,
T73._Number AS Number_,
T73._Posted AS Posted_
FROM dbo._Document14552 T73 WITH(NOLOCK)
INNER JOIN (SELECT
T75._Document14552_IDRRef AS Q_001_F_000RRef,
T75._Fld14565RRef AS Q_001_F_001RRef
FROM dbo._Document14552_VT14561 T75 WITH(NOLOCK)
LEFT OUTER JOIN dbo._Document14552 T76 WITH(NOLOCK)
ON T75._Document14552_IDRRef = T76._IDRRef
WHERE (T75._Fld14565RRef = ?) AND (T76._Date_Time >= ?)
GROUP BY T75._Document14552_IDRRef,
T75._Fld14565RRef) T74
ON (T73._IDRRef = T74.Q_001_F_000RRef)
WHERE (T73._Date_Time >= ?)) T70
LEFT OUTER JOIN (SELECT
0x01 AS Q_001_F_000_,
0x0000393C AS Q_001_F_001TRef,
T78._IDRRef AS Q_001_F_001RRef,
T78._Fld14663 AS Q_001_F_002_,
T78._Fld14664 AS Q_001_F_003_,
? AS Q_001_F_004_,
? AS Q_001_F_005_,
T78._Fld14666_TYPE AS Q_001_F_006_TYPE,
T78._Fld14666_RTRef AS Q_001_F_006_RTRef,
T78._Fld14666_RRRef AS Q_001_F_006_RRRef
FROM dbo._Document14652 T78 WITH(NOLOCK)
WHERE (T78._Fld20873RRef = ?)
UNION ALL SELECT
0x00,
0x0000393D AS IDTRef,
T79._IDRRef AS IDRRef,
T79._Fld14675 AS Fld14675_,
?,
T79._Fld14676 AS Fld14676_,
T79._Fld14678 AS Fld14678_,
T79._Fld14680_TYPE AS Fld14680_TYPE,
T79._Fld14680_RTRef AS Fld14680_RTRef,
T79._Fld14680_RRRef AS Fld14680_RRRef
FROM dbo._Document14653 T79 WITH(NOLOCK)
WHERE (T79._Fld20872RRef = ?)) T77
LEFT OUTER JOIN (SELECT
T81.Q_001_F_000TRef AS Q_001_F_000TRef,
T81.Q_001_F_000RRef AS Q_001_F_000RRef,
CAST(SUM(T81.Q_001_F_001_) AS NUMERIC(7, 0)) AS Q_001_F_001_
FROM (SELECT
CASE WHEN T82.Q_001_F_000RRef IS NOT NULL THEN 0x0000393C END AS Q_001_F_000TRef,
T82.Q_001_F_000RRef AS Q_001_F_000RRef,
CASE WHEN (T84._Fld14664 = ?) THEN CASE WHEN (ISNULL(CAST(T82.Q_001_F_002_ AS NUMERIC(21, 3)),?) = ISNULL(CAST(T85.Q_001_F_002_ AS NUMERIC(21, 3)),?)) THEN ? ELSE ? END ELSE CASE WHEN (ISNULL(CAST(T82.Q_001_F_003_ AS NUMERIC(21, 3)),?) = ISNULL(CAST(T85.Q_001_F_002_ AS NUMERIC(21, 3)),?)) THEN ? ELSE ? END END AS Q_001_F_001_
FROM (SELECT
T83._Document14652_IDRRef AS Q_001_F_000RRef,
T83._Fld14669RRef AS Q_001_F_001RRef,
CAST(SUM(T83._Fld14670) AS NUMERIC(21, 3)) AS Q_001_F_002_,
CAST(SUM(T83._Fld14671) AS NUMERIC(21, 3)) AS Q_001_F_003_
FROM dbo._Document14652_VT14667 T83 WITH(NOLOCK)
GROUP BY T83._Document14652_IDRRef,
T83._Fld14669RRef) T82
LEFT OUTER JOIN dbo._Document14652 T84 WITH(NOLOCK)
ON T82.Q_001_F_000RRef = T84._IDRRef
FULL OUTER JOIN (SELECT
T86._Document239_IDRRef AS Q_001_F_000RRef,
T86._Fld5453RRef AS Q_001_F_001RRef,
CAST(SUM(T86._Fld5458) AS NUMERIC(21, 3)) AS Q_001_F_002_
FROM dbo._Document239_VT5451 T86 WITH(NOLOCK)
INNER JOIN dbo._Document14652 T87 WITH(NOLOCK)
ON (0x08 = T87._Fld14666_TYPE AND 0x000000EF = T87._Fld14666_RTRef AND T86._Document239_IDRRef = T87._Fld14666_RRRef)
GROUP BY T86._Document239_IDRRef,
T86._Fld5453RRef) T85
ON (T84._Fld14666_TYPE = 0x08 AND T84._Fld14666_RTRef = 0x000000EF) AND (T84._Fld14666_TYPE = 0x08 AND T84._Fld14666_RTRef = 0x000000EF AND T84._Fld14666_RRRef = T85.Q_001_F_000RRef) AND (T82.Q_001_F_001RRef = T85.Q_001_F_001RRef)
UNION ALL SELECT
CASE WHEN T88.Q_001_F_000RRef IS NOT NULL THEN 0x0000393D END AS Q_001_F_000TRef,
T88.Q_001_F_000RRef AS Q_001_F_000RRef,
CASE WHEN (T90._Fld14676 = ?) AND (T90._Fld14678 = ?) THEN CASE WHEN (ISNULL(CAST(T88.Q_001_F_002_ AS NUMERIC(21, 3)),?) = ISNULL(CAST(T91.Q_001_F_002_ AS NUMERIC(21, 3)),?)) THEN ? ELSE ? END WHEN (T90._Fld14676 <> ?) AND (T90._Fld14678 = ?) THEN CASE WHEN (ISNULL(CAST(T88.Q_001_F_003_ AS NUMERIC(21, 3)),?) = ISNULL(CAST(T91.Q_001_F_002_ AS NUMERIC(21, 3)),?)) THEN ? ELSE ? END ELSE CASE WHEN (ISNULL(CAST(T88.Q_001_F_004_ AS NUMERIC(21, 3)),?) = ISNULL(CAST(T91.Q_001_F_002_ AS NUMERIC(21, 3)),?)) THEN ? ELSE ? END END
FROM (SELECT
T89._Document14653_IDRRef AS Q_001_F_000RRef,
T89._Fld14683RRef AS Q_001_F_001RRef,
CAST(SUM(T89._Fld14684) AS NUMERIC(21, 3)) AS Q_001_F_002_,
CAST(SUM(T89._Fld14685) AS NUMERIC(21, 3)) AS Q_001_F_003_,
CAST(SUM(T89._Fld14686) AS NUMERIC(21, 3)) AS Q_001_F_004_
FROM dbo._Document14653_VT14681 T89 WITH(NOLOCK)
GROUP BY T89._Document14653_IDRRef,
T89._Fld14683RRef) T88
LEFT OUTER JOIN dbo._Document14653 T90 WITH(NOLOCK)
ON T88.Q_001_F_000RRef = T90._IDRRef
FULL OUTER JOIN (SELECT
0x000000EF AS Q_001_F_000TRef,
T92._Document239_IDRRef AS Q_001_F_000RRef,
T92._Fld5453RRef AS Q_001_F_001RRef,
CAST(SUM(T92._Fld5458) AS NUMERIC(21, 3)) AS Q_001_F_002_
FROM dbo._Document239_VT5451 T92 WITH(NOLOCK)
INNER JOIN dbo._Document14653 T93 WITH(NOLOCK)
ON (0x08 = T93._Fld14680_TYPE AND 0x000000EF = T93._Fld14680_RTRef AND T92._Document239_IDRRef = T93._Fld14680_RRRef)
GROUP BY T92._Document239_IDRRef,
T92._Fld5453RRef
UNION ALL SELECT
0x0000010D,
T94._Document269_IDRRef,
T94._Fld7233RRef AS Fld7233RRef,
CAST(SUM(T94._Fld7241) AS NUMERIC(21, 3))
FROM dbo._Document269_VT7231 T94 WITH(NOLOCK)
INNER JOIN dbo._Document14653 T95 WITH(NOLOCK)
ON (0x08 = T95._Fld14680_TYPE AND 0x0000010D = T95._Fld14680_RTRef AND T94._Document269_IDRRef = T95._Fld14680_RRRef)
GROUP BY T94._Document269_IDRRef,
T94._Fld7233RRef
UNION ALL SELECT
0x000038D8,
T96._Document14552_IDRRef,
T96._Fld14564RRef AS Fld14564RRef,
CAST(SUM(T96._Fld14568) AS NUMERIC(21, 3))
FROM dbo._Document14552_VT14561 T96 WITH(NOLOCK)
INNER JOIN dbo._Document14653 T97 WITH(NOLOCK)
ON (0x08 = T97._Fld14680_TYPE AND 0x000038D8 = T97._Fld14680_RTRef AND T96._Document14552_IDRRef = T97._Fld14680_RRRef)
WHERE (T96._Fld14565RRef = ?)
GROUP BY T96._Document14552_IDRRef,
T96._Fld14564RRef) T91
ON (T90._Fld14680_TYPE = 0x08 AND T90._Fld14680_RTRef = T91.Q_001_F_000TRef AND T90._Fld14680_RRRef = T91.Q_001_F_000RRef) AND (T88.Q_001_F_001RRef = T91.Q_001_F_001RRef)) T81
GROUP BY T81.Q_001_F_000TRef,
T81.Q_001_F_000RRef) T80
ON (T77.Q_001_F_001TRef = T80.Q_001_F_000TRef AND T77.Q_001_F_001RRef = T80.Q_001_F_000RRef)
ON (0x08 = T77.Q_001_F_006_TYPE AND T70.Q_001_F_000TRef = T77.Q_001_F_006_RTRef AND T70.Q_001_F_000RRef = T77.Q_001_F_006_RRRef)
ON (T69._DocumentTRef = T70.Q_001_F_000TRef AND T69._DocumentRRef = T70.Q_001_F_000RRef)
LEFT OUTER JOIN (SELECT
T101._Fld11161RRef AS Fld11161RRef,
T101._Fld11160_TYPE AS Fld11160_TYPE,
T101._Fld11160_RTRef AS Fld11160_RTRef,
T101._Fld11160_RRRef AS Fld11160_RRRef,
T101._Fld11162 AS Fld11162_
FROM (SELECT
T100._Fld11160_TYPE AS Fld11160_TYPE,
T100._Fld11160_RTRef AS Fld11160_RTRef,
T100._Fld11160_RRRef AS Fld11160_RRRef,
MAX(T100._Period) AS MAXPERIOD_
FROM dbo._InfoRg11159 T100 WITH(NOLOCK)
GROUP BY T100._Fld11160_TYPE,
T100._Fld11160_RTRef,
T100._Fld11160_RRRef) T99
INNER JOIN dbo._InfoRg11159 T101 WITH(NOLOCK)
ON T99.Fld11160_TYPE = T101._Fld11160_TYPE AND T99.Fld11160_RTRef = T101._Fld11160_RTRef AND T99.Fld11160_RRRef = T101._Fld11160_RRRef AND T99.MAXPERIOD_ = T101._Period) T98
LEFT OUTER JOIN dbo._InfoRg11164 T102 WITH(NOLOCK)
ON (T98.Fld11161RRef = T102._Fld11165RRef) AND (T102._Fld11166RRef = ?)
ON (0x08 = T98.Fld11160_TYPE AND T69._DocumentTRef = T98.Fld11160_RTRef AND T69._DocumentRRef = T98.Fld11160_RRRef)
WHERE (T69._Fld14701RRef = ?) AND T69._Date_Time < ?
ORDER BY (T69._Date_Time) DESC, (T69._DocumentTRef) DESC, (T69._DocumentRRef) DESC
OPTION (FAST 1)
p_0: 0N
p_1: 'На отправку'
p_2: 15N
p_3: 'Ошибка'
p_4: 1N
p_5: 'документ отправлен'
p_6: 2N
p_7: 'in progress'
p_8: 3N
p_9: 'Invoice accepted'
p_10: 90N
p_11: 'canceled'
p_12: 99N
p_13: 'not found'
p_14: 21N
p_15: 'Oder ready for shipping'
p_16: 22N
p_17: 'Oder has shipped'
p_18: 10N
p_19: 20010101000000
p_20: 'В обработке'
p_21: 10N
p_22: 20010101000000
p_23: 20010101000000
p_24: 'В обработке'
p_25: 20010101000000
p_26: 'Оприходован'
p_27: 20010101000000
p_28: 20010101000000
p_29: 'Отобран'
p_30: 20010101000000
p_31: 'Отгружен'
p_32: 5N
p_33: 'В буфере'
p_34: ''
p_35: 20010101000000
p_36: 20010101000000
p_37: 20010101000000
p_38: 0N
p_39: 0N
p_40: 1N
p_41: 0N
p_42: 4N
p_43: 0x9DC32C768A55A60711E54D6453F2DDFB
p_44: 1N
p_45: 0x9DC32C768A55A60711E54D6453F2DDFB
p_46: 2N
p_47: 0N
p_48: 0xA227005056B6DBD711E9E00D5C73F875
p_49: 0xA227005056B6DBD711E9E00D5C73F875
p_50: 40220101000000
p_51: 0xA227005056B6DBD711E9E00D5C73F875
p_52: 40220101000000
p_53: 0xA227005056B6DBD711E9E00D5C73F875
p_54: 40220101000000
p_55: 40220101000000
p_56: 20010101000000
p_57: 20010101000000
p_58: 0xA227005056B6DBD711E9E00D5C73F875
p_59: 20010101000000
p_60: 0xA227005056B6DBD711E9E00D5C73F875
p_61: 20010101000000
p_62: 0N
p_63: 0N
p_64: 0N
p_65: 1N
p_66: 0N
p_67: 0N
p_68: 0N
p_69: 1N
p_70: 20010101000000
p_71: 20010101000000
p_72: 0N
p_73: 0N
p_74: 0N
p_75: 1N
p_76: 20010101000000
p_77: 20010101000000
p_78: 0N
p_79: 0N
p_80: 0N
p_81: 1N
p_82: 0N
p_83: 0N
p_84: 0N
p_85: 1N
p_86: 0xA227005056B6DBD711E9E00D5C73F875
p_87: 0x9DC32C768A55A60711E54D6453F2DDFB
p_88: 0x80CCAC162D6E1B3711E8291098140E38
p_89: 40230407134155
",Rows=25,RowsAffected=-1,Context=ДинамическийСписок.ПолучитьДанные : Обработка.мчт_ИнтерфейсМенеджераContinental.Форма.Форма.Реквизит.СписокПоступление
55:42.304000-5905994,DBMSSQL,4,process=rphost,p:processName=astoffice,OSThread=13032,t:clientID=29,t:applicationName=1CV8,t:computerName=AST12TSDAST,t:connectID=2604,SessionID=5681,Usr=Темеркулова Сания,DBMS=DBMSSQL,DataBase=ASTSQLOFFICE2\AstOffice,Trans=0,dbpid=82,Sql="SELECT TOP 25
T69._DocumentTRef,
T69._DocumentRRef,
T69._Date_Time,
T69._Number,
0x08 + T69._DocumentTRef,
T69._Posted,
CAST(T69._Fld14694 AS NVARCHAR(100)),
T69._Fld14701RRef,
T70.Q_001_F_001RRef,
T70.Q_001_F_002TRef,
T70.Q_001_F_002RRef,
T77.Q_001_F_001TRef,
T77.Q_001_F_001RRef,
T77.Q_001_F_002_,
CASE WHEN (T77.Q_001_F_002_ = ?) THEN ? WHEN (T77.Q_001_F_002_ = ?) THEN ? WHEN (T77.Q_001_F_002_ = ?) THEN ? WHEN (T77.Q_001_F_002_ = ?) THEN ? WHEN (T77.Q_001_F_002_ = ?) THEN ? WHEN (T77.Q_001_F_002_ = ?) THEN ? WHEN (T77.Q_001_F_002_ = ?) THEN ? WHEN (T77.Q_001_F_002_ = ?) THEN ? WHEN (T77.Q_001_F_002_ = ?) THEN ? WHEN (T77.Q_001_F_002_ = ?) AND T77.Q_001_F_000_ = 0x01 AND (T77.Q_001_F_003_ = ?) THEN ? WHEN (T77.Q_001_F_002_ = ?) AND (T77.Q_001_F_000_ = 0x00) AND (T77.Q_001_F_004_ = ?) AND (T77.Q_001_F_005_ = ?) THEN ? WHEN T77.Q_001_F_000_ = 0x01 AND (T77.Q_001_F_003_ <> ?) THEN ? WHEN (T77.Q_001_F_000_ = 0x00) AND (T77.Q_001_F_004_ <> ?) AND (T77.Q_001_F_005_ = ?) THEN ? WHEN (T77.Q_001_F_000_ = 0x00) AND (T77.Q_001_F_005_ <> ?) THEN ? WHEN (T77.Q_001_F_002_ = ?) THEN ? ELSE ? END,
CASE WHEN (T77.Q_001_F_003_ <> ?) AND T77.Q_001_F_000_ = 0x01 THEN 0x01 ELSE 0x00 END,
CASE WHEN (T77.Q_001_F_004_ <> ?) AND (T77.Q_001_F_000_ = 0x00) THEN 0x01 ELSE 0x00 END,
CASE WHEN (T77.Q_001_F_005_ <> ?) AND (T77.Q_001_F_000_ = 0x00) THEN 0x01 ELSE 0x00 END,
CASE WHEN (ISNULL(CAST(T80.Q_001_F_001_ AS NUMERIC(7, 0)),?) = ?) THEN ? ELSE ? END,
CASE WHEN (NOT ((ISNULL(T98.Fld11162_,0x00)) = 0x01)) THEN ? WHEN (T98.Fld11161RRef = ?) THEN ? WHEN (T102._Fld11166RRef = ?) THEN ? ELSE ? END,
T69._Marked
FROM dbo._DocumentJournal14688 T69 WITH(NOLOCK)
INNER JOIN (SELECT
0x000000EF AS Q_001_F_000TRef,
T71._IDRRef AS Q_001_F_000RRef,
T71._Fld5445RRef AS Q_001_F_001RRef,
0x0000006F AS Q_001_F_002TRef,
T71._Fld5446RRef AS Q_001_F_002RRef,
T71._Date_Time AS Q_001_F_003_,
T71._Number AS Q_001_F_004_,
T71._Posted AS Q_001_F_005_
FROM dbo._Document239 T71 WITH(NOLOCK)
WHERE ((T71._Fld5445RRef = ?) OR (T71._Fld5446RRef = ?)) AND (T71._Date_Time >= ?) AND (T71._Fld14650 = 0x00)
UNION ALL SELECT
0x0000010D AS IDTRef,
T72._IDRRef AS IDRRef,
T72._Fld7216RRef AS Fld7216RRef,
0x00000049 AS Fld7201TRef,
T72._Fld7201RRef AS Fld7201RRef,
T72._Date_Time AS Date_Time_,
T72._Number AS Number_,
T72._Posted AS Posted_
FROM dbo._Document269 T72 WITH(NOLOCK)
WHERE (T72._Fld7216RRef = ?) AND (T72._Date_Time >= ?)
UNION ALL SELECT
0x000038D8 AS IDTRef,
T73._IDRRef AS IDRRef,
T74.Q_001_F_001RRef AS Q_001_F_001RRef,
0x0000006F,
0x00000000000000000000000000000000,
T73._Date_Time AS Date_Time_,
T73._Number AS Number_,
T73._Posted AS Posted_
FROM dbo._Document14552 T73 WITH(NOLOCK)
INNER JOIN (SELECT
T75._Document14552_IDRRef AS Q_001_F_000RRef,
T75._Fld14565RRef AS Q_001_F_001RRef
FROM dbo._Document14552_VT14561 T75 WITH(NOLOCK)
LEFT OUTER JOIN dbo._Document14552 T76 WITH(NOLOCK)
ON T75._Document14552_IDRRef = T76._IDRRef
WHERE (T75._Fld14565RRef = ?) AND (T76._Date_Time >= ?)
GROUP BY T75._Document14552_IDRRef,
T75._Fld14565RRef) T74
ON (T73._IDRRef = T74.Q_001_F_000RRef)
WHERE (T73._Date_Time >= ?)) T70
LEFT OUTER JOIN (SELECT
0x01 AS Q_001_F_000_,
0x0000393C AS Q_001_F_001TRef,
T78._IDRRef AS Q_001_F_001RRef,
T78._Fld14663 AS Q_001_F_002_,
T78._Fld14664 AS Q_001_F_003_,
? AS Q_001_F_004_,
? AS Q_001_F_005_,
T78._Fld14666_TYPE AS Q_001_F_006_TYPE,
T78._Fld14666_RTRef AS Q_001_F_006_RTRef,
T78._Fld14666_RRRef AS Q_001_F_006_RRRef
FROM dbo._Document14652 T78 WITH(NOLOCK)
WHERE (T78._Fld20873RRef = ?)
UNION ALL SELECT
0x00,
0x0000393D AS IDTRef,
T79._IDRRef AS IDRRef,
T79._Fld14675 AS Fld14675_,
?,
T79._Fld14676 AS Fld14676_,
T79._Fld14678 AS Fld14678_,
T79._Fld14680_TYPE AS Fld14680_TYPE,
T79._Fld14680_RTRef AS Fld14680_RTRef,
T79._Fld14680_RRRef AS Fld14680_RRRef
FROM dbo._Document14653 T79 WITH(NOLOCK)
WHERE (T79._Fld20872RRef = ?)) T77
LEFT OUTER JOIN (SELECT
T81.Q_001_F_000TRef AS Q_001_F_000TRef,
T81.Q_001_F_000RRef AS Q_001_F_000RRef,
CAST(SUM(T81.Q_001_F_001_) AS NUMERIC(7, 0)) AS Q_001_F_001_
FROM (SELECT
CASE WHEN T82.Q_001_F_000RRef IS NOT NULL THEN 0x0000393C END AS Q_001_F_000TRef,
T82.Q_001_F_000RRef AS Q_001_F_000RRef,
CASE WHEN (T84._Fld14664 = ?) THEN CASE WHEN (ISNULL(CAST(T82.Q_001_F_002_ AS NUMERIC(21, 3)),?) = ISNULL(CAST(T85.Q_001_F_002_ AS NUMERIC(21, 3)),?)) THEN ? ELSE ? END ELSE CASE WHEN (ISNULL(CAST(T82.Q_001_F_003_ AS NUMERIC(21, 3)),?) = ISNULL(CAST(T85.Q_001_F_002_ AS NUMERIC(21, 3)),?)) THEN ? ELSE ? END END AS Q_001_F_001_
FROM (SELECT
T83._Document14652_IDRRef AS Q_001_F_000RRef,
T83._Fld14669RRef AS Q_001_F_001RRef,
CAST(SUM(T83._Fld14670) AS NUMERIC(21, 3)) AS Q_001_F_002_,
CAST(SUM(T83._Fld14671) AS NUMERIC(21, 3)) AS Q_001_F_003_
FROM dbo._Document14652_VT14667 T83 WITH(NOLOCK)
GROUP BY T83._Document14652_IDRRef,
T83._Fld14669RRef) T82
LEFT OUTER JOIN dbo._Document14652 T84 WITH(NOLOCK)
ON T82.Q_001_F_000RRef = T84._IDRRef
FULL OUTER JOIN (SELECT
T86._Document239_IDRRef AS Q_001_F_000RRef,
T86._Fld5453RRef AS Q_001_F_001RRef,
CAST(SUM(T86._Fld5458) AS NUMERIC(21, 3)) AS Q_001_F_002_
FROM dbo._Document239_VT5451 T86 WITH(NOLOCK)
INNER JOIN dbo._Document14652 T87 WITH(NOLOCK)
ON (0x08 = T87._Fld14666_TYPE AND 0x000000EF = T87._Fld14666_RTRef AND T86._Document239_IDRRef = T87._Fld14666_RRRef)
GROUP BY T86._Document239_IDRRef,
T86._Fld5453RRef) T85
ON (T84._Fld14666_TYPE = 0x08 AND T84._Fld14666_RTRef = 0x000000EF) AND (T84._Fld14666_TYPE = 0x08 AND T84._Fld14666_RTRef = 0x000000EF AND T84._Fld14666_RRRef = T85.Q_001_F_000RRef) AND (T82.Q_001_F_001RRef = T85.Q_001_F_001RRef)
UNION ALL SELECT
CASE WHEN T88.Q_001_F_000RRef IS NOT NULL THEN 0x0000393D END AS Q_001_F_000TRef,
T88.Q_001_F_000RRef AS Q_001_F_000RRef,
CASE WHEN (T90._Fld14676 = ?) AND (T90._Fld14678 = ?) THEN CASE WHEN (ISNULL(CAST(T88.Q_001_F_002_ AS NUMERIC(21, 3)),?) = ISNULL(CAST(T91.Q_001_F_002_ AS NUMERIC(21, 3)),?)) THEN ? ELSE ? END WHEN (T90._Fld14676 <> ?) AND (T90._Fld14678 = ?) THEN CASE WHEN (ISNULL(CAST(T88.Q_001_F_003_ AS NUMERIC(21, 3)),?) = ISNULL(CAST(T91.Q_001_F_002_ AS NUMERIC(21, 3)),?)) THEN ? ELSE ? END ELSE CASE WHEN (ISNULL(CAST(T88.Q_001_F_004_ AS NUMERIC(21, 3)),?) = ISNULL(CAST(T91.Q_001_F_002_ AS NUMERIC(21, 3)),?)) THEN ? ELSE ? END END
FROM (SELECT
T89._Document14653_IDRRef AS Q_001_F_000RRef,
T89._Fld14683RRef AS Q_001_F_001RRef,
CAST(SUM(T89._Fld14684) AS NUMERIC(21, 3)) AS Q_001_F_002_,
CAST(SUM(T89._Fld14685) AS NUMERIC(21, 3)) AS Q_001_F_003_,
CAST(SUM(T89._Fld14686) AS NUMERIC(21, 3)) AS Q_001_F_004_
FROM dbo._Document14653_VT14681 T89 WITH(NOLOCK)
GROUP BY T89._Document14653_IDRRef,
T89._Fld14683RRef) T88
LEFT OUTER JOIN dbo._Document14653 T90 WITH(NOLOCK)
ON T88.Q_001_F_000RRef = T90._IDRRef
FULL OUTER JOIN (SELECT
0x000000EF AS Q_001_F_000TRef,
T92._Document239_IDRRef AS Q_001_F_000RRef,
T92._Fld5453RRef AS Q_001_F_001RRef,
CAST(SUM(T92._Fld5458) AS NUMERIC(21, 3)) AS Q_001_F_002_
FROM dbo._Document239_VT5451 T92 WITH(NOLOCK)
INNER JOIN dbo._Document14653 T93 WITH(NOLOCK)
ON (0x08 = T93._Fld14680_TYPE AND 0x000000EF = T93._Fld14680_RTRef AND T92._Document239_IDRRef = T93._Fld14680_RRRef)
GROUP BY T92._Document239_IDRRef,
T92._Fld5453RRef
UNION ALL SELECT
0x0000010D,
T94._Document269_IDRRef,
T94._Fld7233RRef AS Fld7233RRef,
CAST(SUM(T94._Fld7241) AS NUMERIC(21, 3))
FROM dbo._Document269_VT7231 T94 WITH(NOLOCK)
INNER JOIN dbo._Document14653 T95 WITH(NOLOCK)
ON (0x08 = T95._Fld14680_TYPE AND 0x0000010D = T95._Fld14680_RTRef AND T94._Document269_IDRRef = T95._Fld14680_RRRef)
GROUP BY T94._Document269_IDRRef,
T94._Fld7233RRef
UNION ALL SELECT
0x000038D8,
T96._Document14552_IDRRef,
T96._Fld14564RRef AS Fld14564RRef,
CAST(SUM(T96._Fld14568) AS NUMERIC(21, 3))
FROM dbo._Document14552_VT14561 T96 WITH(NOLOCK)
INNER JOIN dbo._Document14653 T97 WITH(NOLOCK)
ON (0x08 = T97._Fld14680_TYPE AND 0x000038D8 = T97._Fld14680_RTRef AND T96._Document14552_IDRRef = T97._Fld14680_RRRef)
WHERE (T96._Fld14565RRef = ?)
GROUP BY T96._Document14552_IDRRef,
T96._Fld14564RRef) T91
ON (T90._Fld14680_TYPE = 0x08 AND T90._Fld14680_RTRef = T91.Q_001_F_000TRef AND T90._Fld14680_RRRef = T91.Q_001_F_000RRef) AND (T88.Q_001_F_001RRef = T91.Q_001_F_001RRef)) T81
GROUP BY T81.Q_001_F_000TRef,
T81.Q_001_F_000RRef) T80
ON (T77.Q_001_F_001TRef = T80.Q_001_F_000TRef AND T77.Q_001_F_001RRef = T80.Q_001_F_000RRef)
ON (0x08 = T77.Q_001_F_006_TYPE AND T70.Q_001_F_000TRef = T77.Q_001_F_006_RTRef AND T70.Q_001_F_000RRef = T77.Q_001_F_006_RRRef)
ON (T69._DocumentTRef = T70.Q_001_F_000TRef AND T69._DocumentRRef = T70.Q_001_F_000RRef)
LEFT OUTER JOIN (SELECT
T101._Fld11161RRef AS Fld11161RRef,
T101._Fld11160_TYPE AS Fld11160_TYPE,
T101._Fld11160_RTRef AS Fld11160_RTRef,
T101._Fld11160_RRRef AS Fld11160_RRRef,
T101._Fld11162 AS Fld11162_
FROM (SELECT
T100._Fld11160_TYPE AS Fld11160_TYPE,
T100._Fld11160_RTRef AS Fld11160_RTRef,
T100._Fld11160_RRRef AS Fld11160_RRRef,
MAX(T100._Period) AS MAXPERIOD_
FROM dbo._InfoRg11159 T100 WITH(NOLOCK)
GROUP BY T100._Fld11160_TYPE,
T100._Fld11160_RTRef,
T100._Fld11160_RRRef) T99
INNER JOIN dbo._InfoRg11159 T101 WITH(NOLOCK)
ON T99.Fld11160_TYPE = T101._Fld11160_TYPE AND T99.Fld11160_RTRef = T101._Fld11160_RTRef AND T99.Fld11160_RRRef = T101._Fld11160_RRRef AND T99.MAXPERIOD_ = T101._Period) T98
LEFT OUTER JOIN dbo._InfoRg11164 T102 WITH(NOLOCK)
ON (T98.Fld11161RRef = T102._Fld11165RRef) AND (T102._Fld11166RRef = ?)
ON (0x08 = T98.Fld11160_TYPE AND T69._DocumentTRef = T98.Fld11160_RTRef AND T69._DocumentRRef = T98.Fld11160_RRRef)
WHERE (T69._Fld14701RRef = ?) AND T69._Date_Time < ?
ORDER BY (T69._Date_Time) DESC, (T69._DocumentTRef) DESC, (T69._DocumentRRef) DESC
OPTION (FAST 1)
p_0: 0N
p_1: 'На отправку'
p_2: 15N
p_3: 'Ошибка'
p_4: 1N
p_5: 'документ отправлен'
p_6: 2N
p_7: 'in progress'
p_8: 3N
p_9: 'Invoice accepted'
p_10: 90N
p_11: 'canceled'
p_12: 99N
p_13: 'not found'
p_14: 21N
p_15: 'Oder ready for shipping'
p_16: 22N
p_17: 'Oder has shipped'
p_18: 10N
p_19: 20010101000000
p_20: 'В обработке'
p_21: 10N
p_22: 20010101000000
p_23: 20010101000000
p_24: 'В обработке'
p_25: 20010101000000
p_26: 'Оприходован'
p_27: 20010101000000
p_28: 20010101000000
p_29: 'Отобран'
p_30: 20010101000000
p_31: 'Отгружен'
p_32: 5N
p_33: 'В буфере'
p_34: ''
p_35: 20010101000000
p_36: 20010101000000
p_37: 20010101000000
p_38: 0N
p_39: 0N
p_40: 1N
p_41: 0N
p_42: 4N
p_43: 0x9DC32C768A55A60711E54D6453F2DDFB
p_44: 1N
p_45: 0x9DC32C768A55A60711E54D6453F2DDFB
p_46: 2N
p_47: 0N
p_48: 0xA227005056B6DBD711E9E00D5C73F875
p_49: 0xA227005056B6DBD711E9E00D5C73F875
p_50: 40220101000000
p_51: 0xA227005056B6DBD711E9E00D5C73F875
p_52: 40220101000000
p_53: 0xA227005056B6DBD711E9E00D5C73F875
p_54: 40220101000000
p_55: 40220101000000
p_56: 20010101000000
p_57: 20010101000000
p_58: 0xA227005056B6DBD711E9E00D5C73F875
p_59: 20010101000000
p_60: 0xA227005056B6DBD711E9E00D5C73F875
p_61: 20010101000000
p_62: 0N
p_63: 0N
p_64: 0N
p_65: 1N
p_66: 0N
p_67: 0N
p_68: 0N
p_69: 1N
p_70: 20010101000000
p_71: 20010101000000
p_72: 0N
p_73: 0N
p_74: 0N
p_75: 1N
p_76: 20010101000000
p_77: 20010101000000
p_78: 0N
p_79: 0N
p_80: 0N
p_81: 1N
p_82: 0N
p_83: 0N
p_84: 0N
p_85: 1N
p_86: 0xA227005056B6DBD711E9E00D5C73F875
p_87: 0x9DC32C768A55A60711E54D6453F2DDFB
p_88: 0x80CCAC162D6E1B3711E8291098140E38
p_89: 40230407134155
",Rows=25,RowsAffected=-1,Context=ДинамическийСписок.ПолучитьДанные : Обработка.мчт_ИнтерфейсМенеджераContinental.Форма.Форма.Реквизит.СписокПоступление
56:09.349000-5389988,DBMSSQL,4,process=rphost,p:processName=astoffice,OSThread=8612,t:clientID=29,t:applicationName=1CV8,t:computerName=AST12TSDAST,t:connectID=2604,SessionID=5681,Usr=Темеркулова Сания,DBMS=DBMSSQL,DataBase=ASTSQLOFFICE2\AstOffice,Trans=0,dbpid=87,Sql="SELECT TOP 25
T69._DocumentTRef,
T69._DocumentRRef,
T69._Date_Time,
T69._Number,
0x08 + T69._DocumentTRef,
T69._Posted,
CAST(T69._Fld14694 AS NVARCHAR(100)),
T69._Fld14701RRef,
T70.Q_001_F_001RRef,
T70.Q_001_F_002TRef,
T70.Q_001_F_002RRef,
T77.Q_001_F_001TRef,
T77.Q_001_F_001RRef,
T77.Q_001_F_002_,
CASE WHEN (T77.Q_001_F_002_ = ?) THEN ? WHEN (T77.Q_001_F_002_ = ?) THEN ? WHEN (T77.Q_001_F_002_ = ?) THEN ? WHEN (T77.Q_001_F_002_ = ?) THEN ? WHEN (T77.Q_001_F_002_ = ?) THEN ? WHEN (T77.Q_001_F_002_ = ?) THEN ? WHEN (T77.Q_001_F_002_ = ?) THEN ? WHEN (T77.Q_001_F_002_ = ?) THEN ? WHEN (T77.Q_001_F_002_ = ?) THEN ? WHEN (T77.Q_001_F_002_ = ?) AND T77.Q_001_F_000_ = 0x01 AND (T77.Q_001_F_003_ = ?) THEN ? WHEN (T77.Q_001_F_002_ = ?) AND (T77.Q_001_F_000_ = 0x00) AND (T77.Q_001_F_004_ = ?) AND (T77.Q_001_F_005_ = ?) THEN ? WHEN T77.Q_001_F_000_ = 0x01 AND (T77.Q_001_F_003_ <> ?) THEN ? WHEN (T77.Q_001_F_000_ = 0x00) AND (T77.Q_001_F_004_ <> ?) AND (T77.Q_001_F_005_ = ?) THEN ? WHEN (T77.Q_001_F_000_ = 0x00) AND (T77.Q_001_F_005_ <> ?) THEN ? WHEN (T77.Q_001_F_002_ = ?) THEN ? ELSE ? END,
CASE WHEN (T77.Q_001_F_003_ <> ?) AND T77.Q_001_F_000_ = 0x01 THEN 0x01 ELSE 0x00 END,
CASE WHEN (T77.Q_001_F_004_ <> ?) AND (T77.Q_001_F_000_ = 0x00) THEN 0x01 ELSE 0x00 END,
CASE WHEN (T77.Q_001_F_005_ <> ?) AND (T77.Q_001_F_000_ = 0x00) THEN 0x01 ELSE 0x00 END,
CASE WHEN (ISNULL(CAST(T80.Q_001_F_001_ AS NUMERIC(7, 0)),?) = ?) THEN ? ELSE ? END,
CASE WHEN (NOT ((ISNULL(T98.Fld11162_,0x00)) = 0x01)) THEN ? WHEN (T98.Fld11161RRef = ?) THEN ? WHEN (T102._Fld11166RRef = ?) THEN ? ELSE ? END,
T69._Marked
FROM dbo._DocumentJournal14688 T69 WITH(NOLOCK)
INNER JOIN (SELECT
0x000000EF AS Q_001_F_000TRef,
T71._IDRRef AS Q_001_F_000RRef,
T71._Fld5445RRef AS Q_001_F_001RRef,
0x0000006F AS Q_001_F_002TRef,
T71._Fld5446RRef AS Q_001_F_002RRef,
T71._Date_Time AS Q_001_F_003_,
T71._Number AS Q_001_F_004_,
T71._Posted AS Q_001_F_005_
FROM dbo._Document239 T71 WITH(NOLOCK)
WHERE ((T71._Fld5445RRef = ?) OR (T71._Fld5446RRef = ?)) AND (T71._Date_Time >= ?) AND (T71._Fld14650 = 0x00)
UNION ALL SELECT
0x0000010D AS IDTRef,
T72._IDRRef AS IDRRef,
T72._Fld7216RRef AS Fld7216RRef,
0x00000049 AS Fld7201TRef,
T72._Fld7201RRef AS Fld7201RRef,
T72._Date_Time AS Date_Time_,
T72._Number AS Number_,
T72._Posted AS Posted_
FROM dbo._Document269 T72 WITH(NOLOCK)
WHERE (T72._Fld7216RRef = ?) AND (T72._Date_Time >= ?)
UNION ALL SELECT
0x000038D8 AS IDTRef,
T73._IDRRef AS IDRRef,
T74.Q_001_F_001RRef AS Q_001_F_001RRef,
0x0000006F,
0x00000000000000000000000000000000,
T73._Date_Time AS Date_Time_,
T73._Number AS Number_,
T73._Posted AS Posted_
FROM dbo._Document14552 T73 WITH(NOLOCK)
INNER JOIN (SELECT
T75._Document14552_IDRRef AS Q_001_F_000RRef,
T75._Fld14565RRef AS Q_001_F_001RRef
FROM dbo._Document14552_VT14561 T75 WITH(NOLOCK)
LEFT OUTER JOIN dbo._Document14552 T76 WITH(NOLOCK)
ON T75._Document14552_IDRRef = T76._IDRRef
WHERE (T75._Fld14565RRef = ?) AND (T76._Date_Time >= ?)
GROUP BY T75._Document14552_IDRRef,
T75._Fld14565RRef) T74
ON (T73._IDRRef = T74.Q_001_F_000RRef)
WHERE (T73._Date_Time >= ?)) T70
LEFT OUTER JOIN (SELECT
0x01 AS Q_001_F_000_,
0x0000393C AS Q_001_F_001TRef,
T78._IDRRef AS Q_001_F_001RRef,
T78._Fld14663 AS Q_001_F_002_,
T78._Fld14664 AS Q_001_F_003_,
? AS Q_001_F_004_,
? AS Q_001_F_005_,
T78._Fld14666_TYPE AS Q_001_F_006_TYPE,
T78._Fld14666_RTRef AS Q_001_F_006_RTRef,
T78._Fld14666_RRRef AS Q_001_F_006_RRRef
FROM dbo._Document14652 T78 WITH(NOLOCK)
WHERE (T78._Fld20873RRef = ?)
UNION ALL SELECT
0x00,
0x0000393D AS IDTRef,
T79._IDRRef AS IDRRef,
T79._Fld14675 AS Fld14675_,
?,
T79._Fld14676 AS Fld14676_,
T79._Fld14678 AS Fld14678_,
T79._Fld14680_TYPE AS Fld14680_TYPE,
T79._Fld14680_RTRef AS Fld14680_RTRef,
T79._Fld14680_RRRef AS Fld14680_RRRef
FROM dbo._Document14653 T79 WITH(NOLOCK)
WHERE (T79._Fld20872RRef = ?)) T77
LEFT OUTER JOIN (SELECT
T81.Q_001_F_000TRef AS Q_001_F_000TRef,
T81.Q_001_F_000RRef AS Q_001_F_000RRef,
CAST(SUM(T81.Q_001_F_001_) AS NUMERIC(7, 0)) AS Q_001_F_001_
FROM (SELECT
CASE WHEN T82.Q_001_F_000RRef IS NOT NULL THEN 0x0000393C END AS Q_001_F_000TRef,
T82.Q_001_F_000RRef AS Q_001_F_000RRef,
CASE WHEN (T84._Fld14664 = ?) THEN CASE WHEN (ISNULL(CAST(T82.Q_001_F_002_ AS NUMERIC(21, 3)),?) = ISNULL(CAST(T85.Q_001_F_002_ AS NUMERIC(21, 3)),?)) THEN ? ELSE ? END ELSE CASE WHEN (ISNULL(CAST(T82.Q_001_F_003_ AS NUMERIC(21, 3)),?) = ISNULL(CAST(T85.Q_001_F_002_ AS NUMERIC(21, 3)),?)) THEN ? ELSE ? END END AS Q_001_F_001_
FROM (SELECT
T83._Document14652_IDRRef AS Q_001_F_000RRef,
T83._Fld14669RRef AS Q_001_F_001RRef,
CAST(SUM(T83._Fld14670) AS NUMERIC(21, 3)) AS Q_001_F_002_,
CAST(SUM(T83._Fld14671) AS NUMERIC(21, 3)) AS Q_001_F_003_
FROM dbo._Document14652_VT14667 T83 WITH(NOLOCK)
GROUP BY T83._Document14652_IDRRef,
T83._Fld14669RRef) T82
LEFT OUTER JOIN dbo._Document14652 T84 WITH(NOLOCK)
ON T82.Q_001_F_000RRef = T84._IDRRef
FULL OUTER JOIN (SELECT
T86._Document239_IDRRef AS Q_001_F_000RRef,
T86._Fld5453RRef AS Q_001_F_001RRef,
CAST(SUM(T86._Fld5458) AS NUMERIC(21, 3)) AS Q_001_F_002_
FROM dbo._Document239_VT5451 T86 WITH(NOLOCK)
INNER JOIN dbo._Document14652 T87 WITH(NOLOCK)
ON (0x08 = T87._Fld14666_TYPE AND 0x000000EF = T87._Fld14666_RTRef AND T86._Document239_IDRRef = T87._Fld14666_RRRef)
GROUP BY T86._Document239_IDRRef,
T86._Fld5453RRef) T85
ON (T84._Fld14666_TYPE = 0x08 AND T84._Fld14666_RTRef = 0x000000EF) AND (T84._Fld14666_TYPE = 0x08 AND T84._Fld14666_RTRef = 0x000000EF AND T84._Fld14666_RRRef = T85.Q_001_F_000RRef) AND (T82.Q_001_F_001RRef = T85.Q_001_F_001RRef)
UNION ALL SELECT
CASE WHEN T88.Q_001_F_000RRef IS NOT NULL THEN 0x0000393D END AS Q_001_F_000TRef,
T88.Q_001_F_000RRef AS Q_001_F_000RRef,
CASE WHEN (T90._Fld14676 = ?) AND (T90._Fld14678 = ?) THEN CASE WHEN (ISNULL(CAST(T88.Q_001_F_002_ AS NUMERIC(21, 3)),?) = ISNULL(CAST(T91.Q_001_F_002_ AS NUMERIC(21, 3)),?)) THEN ? ELSE ? END WHEN (T90._Fld14676 <> ?) AND (T90._Fld14678 = ?) THEN CASE WHEN (ISNULL(CAST(T88.Q_001_F_003_ AS NUMERIC(21, 3)),?) = ISNULL(CAST(T91.Q_001_F_002_ AS NUMERIC(21, 3)),?)) THEN ? ELSE ? END ELSE CASE WHEN (ISNULL(CAST(T88.Q_001_F_004_ AS NUMERIC(21, 3)),?) = ISNULL(CAST(T91.Q_001_F_002_ AS NUMERIC(21, 3)),?)) THEN ? ELSE ? END END
FROM (SELECT
T89._Document14653_IDRRef AS Q_001_F_000RRef,
T89._Fld14683RRef AS Q_001_F_001RRef,
CAST(SUM(T89._Fld14684) AS NUMERIC(21, 3)) AS Q_001_F_002_,
CAST(SUM(T89._Fld14685) AS NUMERIC(21, 3)) AS Q_001_F_003_,
CAST(SUM(T89._Fld14686) AS NUMERIC(21, 3)) AS Q_001_F_004_
FROM dbo._Document14653_VT14681 T89 WITH(NOLOCK)
GROUP BY T89._Document14653_IDRRef,
T89._Fld14683RRef) T88
LEFT OUTER JOIN dbo._Document14653 T90 WITH(NOLOCK)
ON T88.Q_001_F_000RRef = T90._IDRRef
FULL OUTER JOIN (SELECT
0x000000EF AS Q_001_F_000TRef,
T92._Document239_IDRRef AS Q_001_F_000RRef,
T92._Fld5453RRef AS Q_001_F_001RRef,
CAST(SUM(T92._Fld5458) AS NUMERIC(21, 3)) AS Q_001_F_002_
FROM dbo._Document239_VT5451 T92 WITH(NOLOCK)
INNER JOIN dbo._Document14653 T93 WITH(NOLOCK)
ON (0x08 = T93._Fld14680_TYPE AND 0x000000EF = T93._Fld14680_RTRef AND T92._Document239_IDRRef = T93._Fld14680_RRRef)
GROUP BY T92._Document239_IDRRef,
T92._Fld5453RRef
UNION ALL SELECT
0x0000010D,
T94._Document269_IDRRef,
T94._Fld7233RRef AS Fld7233RRef,
CAST(SUM(T94._Fld7241) AS NUMERIC(21, 3))
FROM dbo._Document269_VT7231 T94 WITH(NOLOCK)
INNER JOIN dbo._Document14653 T95 WITH(NOLOCK)
ON (0x08 = T95._Fld14680_TYPE AND 0x0000010D = T95._Fld14680_RTRef AND T94._Document269_IDRRef = T95._Fld14680_RRRef)
GROUP BY T94._Document269_IDRRef,
T94._Fld7233RRef
UNION ALL SELECT
0x000038D8,
T96._Document14552_IDRRef,
T96._Fld14564RRef AS Fld14564RRef,
CAST(SUM(T96._Fld14568) AS NUMERIC(21, 3))
FROM dbo._Document14552_VT14561 T96 WITH(NOLOCK)
INNER JOIN dbo._Document14653 T97 WITH(NOLOCK)
ON (0x08 = T97._Fld14680_TYPE AND 0x000038D8 = T97._Fld14680_RTRef AND T96._Document14552_IDRRef = T97._Fld14680_RRRef)
WHERE (T96._Fld14565RRef = ?)
GROUP BY T96._Document14552_IDRRef,
T96._Fld14564RRef) T91
ON (T90._Fld14680_TYPE = 0x08 AND T90._Fld14680_RTRef = T91.Q_001_F_000TRef AND T90._Fld14680_RRRef = T91.Q_001_F_000RRef) AND (T88.Q_001_F_001RRef = T91.Q_001_F_001RRef)) T81
GROUP BY T81.Q_001_F_000TRef,
T81.Q_001_F_000RRef) T80
ON (T77.Q_001_F_001TRef = T80.Q_001_F_000TRef AND T77.Q_001_F_001RRef = T80.Q_001_F_000RRef)
ON (0x08 = T77.Q_001_F_006_TYPE AND T70.Q_001_F_000TRef = T77.Q_001_F_006_RTRef AND T70.Q_001_F_000RRef = T77.Q_001_F_006_RRRef)
ON (T69._DocumentTRef = T70.Q_001_F_000TRef AND T69._DocumentRRef = T70.Q_001_F_000RRef)
LEFT OUTER JOIN (SELECT
T101._Fld11161RRef AS Fld11161RRef,
T101._Fld11160_TYPE AS Fld11160_TYPE,
T101._Fld11160_RTRef AS Fld11160_RTRef,
T101._Fld11160_RRRef AS Fld11160_RRRef,
T101._Fld11162 AS Fld11162_
FROM (SELECT
T100._Fld11160_TYPE AS Fld11160_TYPE,
T100._Fld11160_RTRef AS Fld11160_RTRef,
T100._Fld11160_RRRef AS Fld11160_RRRef,
MAX(T100._Period) AS MAXPERIOD_
FROM dbo._InfoRg11159 T100 WITH(NOLOCK)
GROUP BY T100._Fld11160_TYPE,
T100._Fld11160_RTRef,
T100._Fld11160_RRRef) T99
INNER JOIN dbo._InfoRg11159 T101 WITH(NOLOCK)
ON T99.Fld11160_TYPE = T101._Fld11160_TYPE AND T99.Fld11160_RTRef = T101._Fld11160_RTRef AND T99.Fld11160_RRRef = T101._Fld11160_RRRef AND T99.MAXPERIOD_ = T101._Period) T98
LEFT OUTER JOIN dbo._InfoRg11164 T102 WITH(NOLOCK)
ON (T98.Fld11161RRef = T102._Fld11165RRef) AND (T102._Fld11166RRef = ?)
ON (0x08 = T98.Fld11160_TYPE AND T69._DocumentTRef = T98.Fld11160_RTRef AND T69._DocumentRRef = T98.Fld11160_RRRef)
WHERE (T69._Fld14701RRef = ?) AND T69._Date_Time < ?
ORDER BY (T69._Date_Time) DESC, (T69._DocumentTRef) DESC, (T69._DocumentRRef) DESC
OPTION (FAST 1)
p_0: 0N
p_1: 'На отправку'
p_2: 15N
p_3: 'Ошибка'
p_4: 1N
p_5: 'документ отправлен'
p_6: 2N
p_7: 'in progress'
p_8: 3N
p_9: 'Invoice accepted'
p_10: 90N
p_11: 'canceled'
p_12: 99N
p_13: 'not found'
p_14: 21N
p_15: 'Oder ready for shipping'
p_16: 22N
p_17: 'Oder has shipped'
p_18: 10N
p_19: 20010101000000
p_20: 'В обработке'
p_21: 10N
p_22: 20010101000000
p_23: 20010101000000
p_24: 'В обработке'
p_25: 20010101000000
p_26: 'Оприходован'
p_27: 20010101000000
p_28: 20010101000000
p_29: 'Отобран'
p_30: 20010101000000
p_31: 'Отгружен'
p_32: 5N
p_33: 'В буфере'
p_34: ''
p_35: 20010101000000
p_36: 20010101000000
p_37: 20010101000000
p_38: 0N
p_39: 0N
p_40: 1N
p_41: 0N
p_42: 4N
p_43: 0x9DC32C768A55A60711E54D6453F2DDFB
p_44: 1N
p_45: 0x9DC32C768A55A60711E54D6453F2DDFB
p_46: 2N
p_47: 0N
p_48: 0xA227005056B6DBD711E9E00D5C73F875
p_49: 0xA227005056B6DBD711E9E00D5C73F875
p_50: 40220101000000
p_51: 0xA227005056B6DBD711E9E00D5C73F875
p_52: 40220101000000
p_53: 0xA227005056B6DBD711E9E00D5C73F875
p_54: 40220101000000
p_55: 40220101000000
p_56: 20010101000000
p_57: 20010101000000
p_58: 0xA227005056B6DBD711E9E00D5C73F875
p_59: 20010101000000
p_60: 0xA227005056B6DBD711E9E00D5C73F875
p_61: 20010101000000
p_62: 0N
p_63: 0N
p_64: 0N
p_65: 1N
p_66: 0N
p_67: 0N
p_68: 0N
p_69: 1N
p_70: 20010101000000
p_71: 20010101000000
p_72: 0N
p_73: 0N
p_74: 0N
p_75: 1N
p_76: 20010101000000
p_77: 20010101000000
p_78: 0N
p_79: 0N
p_80: 0N
p_81: 1N
p_82: 0N
p_83: 0N
p_84: 0N
p_85: 1N
p_86: 0xA227005056B6DBD711E9E00D5C73F875
p_87: 0x9DC32C768A55A60711E54D6453F2DDFB
p_88: 0x80CCAC162D6E1B3711E8291098140E38
p_89: 40230407134155
",Rows=25,RowsAffected=-1,Context=ДинамическийСписок.ПолучитьДанные : Обработка.мчт_ИнтерфейсМенеджераContinental.Форма.Форма.Реквизит.СписокПоступление
57:14.546000-1702996,DBMSSQL,4,process=rphost,p:processName=astoffice,OSThread=12408,t:clientID=29,t:applicationName=1CV8,t:computerName=AST12TSDAST,t:connectID=2604,SessionID=5681,Usr=Темеркулова Сания,DBMS=DBMSSQL,DataBase=ASTSQLOFFICE2\AstOffice,Trans=0,dbpid=82,Sql="SELECT TOP 45
T69._DocumentTRef,
T69._DocumentRRef,
T69._Date_Time,
T69._Number,
0x08 + T69._DocumentTRef,
T69._Posted,
CAST(T69._Fld14694 AS NVARCHAR(100)),
T69._Fld14701RRef,
T70.Q_001_F_001RRef,
T70.Q_001_F_002TRef,
T70.Q_001_F_002RRef,
T77.Q_001_F_001TRef,
T77.Q_001_F_001RRef,
T77.Q_001_F_002_,
CASE WHEN (T77.Q_001_F_002_ = ?) THEN ? WHEN (T77.Q_001_F_002_ = ?) THEN ? WHEN (T77.Q_001_F_002_ = ?) THEN ? WHEN (T77.Q_001_F_002_ = ?) THEN ? WHEN (T77.Q_001_F_002_ = ?) THEN ? WHEN (T77.Q_001_F_002_ = ?) THEN ? WHEN (T77.Q_001_F_002_ = ?) THEN ? WHEN (T77.Q_001_F_002_ = ?) THEN ? WHEN (T77.Q_001_F_002_ = ?) THEN ? WHEN (T77.Q_001_F_002_ = ?) AND T77.Q_001_F_000_ = 0x01 AND (T77.Q_001_F_003_ = ?) THEN ? WHEN (T77.Q_001_F_002_ = ?) AND (T77.Q_001_F_000_ = 0x00) AND (T77.Q_001_F_004_ = ?) AND (T77.Q_001_F_005_ = ?) THEN ? WHEN T77.Q_001_F_000_ = 0x01 AND (T77.Q_001_F_003_ <> ?) THEN ? WHEN (T77.Q_001_F_000_ = 0x00) AND (T77.Q_001_F_004_ <> ?) AND (T77.Q_001_F_005_ = ?) THEN ? WHEN (T77.Q_001_F_000_ = 0x00) AND (T77.Q_001_F_005_ <> ?) THEN ? WHEN (T77.Q_001_F_002_ = ?) THEN ? ELSE ? END,
CASE WHEN (T77.Q_001_F_003_ <> ?) AND T77.Q_001_F_000_ = 0x01 THEN 0x01 ELSE 0x00 END,
CASE WHEN (T77.Q_001_F_004_ <> ?) AND (T77.Q_001_F_000_ = 0x00) THEN 0x01 ELSE 0x00 END,
CASE WHEN (T77.Q_001_F_005_ <> ?) AND (T77.Q_001_F_000_ = 0x00) THEN 0x01 ELSE 0x00 END,
CASE WHEN (ISNULL(CAST(T80.Q_001_F_001_ AS NUMERIC(7, 0)),?) = ?) THEN ? ELSE ? END,
CASE WHEN (NOT ((ISNULL(T98.Fld11162_,0x00)) = 0x01)) THEN ? WHEN (T98.Fld11161RRef = ?) THEN ? WHEN (T102._Fld11166RRef = ?) THEN ? ELSE ? END,
T69._Marked
FROM dbo._DocumentJournal14688 T69 WITH(NOLOCK)
INNER JOIN (SELECT
0x000000EF AS Q_001_F_000TRef,
T71._IDRRef AS Q_001_F_000RRef,
T71._Fld5445RRef AS Q_001_F_001RRef,
0x0000006F AS Q_001_F_002TRef,
T71._Fld5446RRef AS Q_001_F_002RRef,
T71._Date_Time AS Q_001_F_003_,
T71._Number AS Q_001_F_004_,
T71._Posted AS Q_001_F_005_
FROM dbo._Document239 T71 WITH(NOLOCK)
WHERE ((T71._Fld5445RRef = ?) OR (T71._Fld5446RRef = ?)) AND (T71._Date_Time >= ?) AND (T71._Fld14650 = 0x00)
UNION ALL SELECT
0x0000010D AS IDTRef,
T72._IDRRef AS IDRRef,
T72._Fld7216RRef AS Fld7216RRef,
0x00000049 AS Fld7201TRef,
T72._Fld7201RRef AS Fld7201RRef,
T72._Date_Time AS Date_Time_,
T72._Number AS Number_,
T72._Posted AS Posted_
FROM dbo._Document269 T72 WITH(NOLOCK)
WHERE (T72._Fld7216RRef = ?) AND (T72._Date_Time >= ?)
UNION ALL SELECT
0x000038D8 AS IDTRef,
T73._IDRRef AS IDRRef,
T74.Q_001_F_001RRef AS Q_001_F_001RRef,
0x0000006F,
0x00000000000000000000000000000000,
T73._Date_Time AS Date_Time_,
T73._Number AS Number_,
T73._Posted AS Posted_
FROM dbo._Document14552 T73 WITH(NOLOCK)
INNER JOIN (SELECT
T75._Document14552_IDRRef AS Q_001_F_000RRef,
T75._Fld14565RRef AS Q_001_F_001RRef
FROM dbo._Document14552_VT14561 T75 WITH(NOLOCK)
LEFT OUTER JOIN dbo._Document14552 T76 WITH(NOLOCK)
ON T75._Document14552_IDRRef = T76._IDRRef
WHERE (T75._Fld14565RRef = ?) AND (T76._Date_Time >= ?)
GROUP BY T75._Document14552_IDRRef,
T75._Fld14565RRef) T74
ON (T73._IDRRef = T74.Q_001_F_000RRef)
WHERE (T73._Date_Time >= ?)) T70
LEFT OUTER JOIN (SELECT
0x01 AS Q_001_F_000_,
0x0000393C AS Q_001_F_001TRef,
T78._IDRRef AS Q_001_F_001RRef,
T78._Fld14663 AS Q_001_F_002_,
T78._Fld14664 AS Q_001_F_003_,
? AS Q_001_F_004_,
? AS Q_001_F_005_,
T78._Fld14666_TYPE AS Q_001_F_006_TYPE,
T78._Fld14666_RTRef AS Q_001_F_006_RTRef,
T78._Fld14666_RRRef AS Q_001_F_006_RRRef
FROM dbo._Document14652 T78 WITH(NOLOCK)
WHERE (T78._Fld20873RRef = ?)
UNION ALL SELECT
0x00,
0x0000393D AS IDTRef,
T79._IDRRef AS IDRRef,
T79._Fld14675 AS Fld14675_,
?,
T79._Fld14676 AS Fld14676_,
T79._Fld14678 AS Fld14678_,
T79._Fld14680_TYPE AS Fld14680_TYPE,
T79._Fld14680_RTRef AS Fld14680_RTRef,
T79._Fld14680_RRRef AS Fld14680_RRRef
FROM dbo._Document14653 T79 WITH(NOLOCK)
WHERE (T79._Fld20872RRef = ?)) T77
LEFT OUTER JOIN (SELECT
T81.Q_001_F_000TRef AS Q_001_F_000TRef,
T81.Q_001_F_000RRef AS Q_001_F_000RRef,
CAST(SUM(T81.Q_001_F_001_) AS NUMERIC(7, 0)) AS Q_001_F_001_
FROM (SELECT
CASE WHEN T82.Q_001_F_000RRef IS NOT NULL THEN 0x0000393C END AS Q_001_F_000TRef,
T82.Q_001_F_000RRef AS Q_001_F_000RRef,
CASE WHEN (T84._Fld14664 = ?) THEN CASE WHEN (ISNULL(CAST(T82.Q_001_F_002_ AS NUMERIC(21, 3)),?) = ISNULL(CAST(T85.Q_001_F_002_ AS NUMERIC(21, 3)),?)) THEN ? ELSE ? END ELSE CASE WHEN (ISNULL(CAST(T82.Q_001_F_003_ AS NUMERIC(21, 3)),?) = ISNULL(CAST(T85.Q_001_F_002_ AS NUMERIC(21, 3)),?)) THEN ? ELSE ? END END AS Q_001_F_001_
FROM (SELECT
T83._Document14652_IDRRef AS Q_001_F_000RRef,
T83._Fld14669RRef AS Q_001_F_001RRef,
CAST(SUM(T83._Fld14670) AS NUMERIC(21, 3)) AS Q_001_F_002_,
CAST(SUM(T83._Fld14671) AS NUMERIC(21, 3)) AS Q_001_F_003_
FROM dbo._Document14652_VT14667 T83 WITH(NOLOCK)
GROUP BY T83._Document14652_IDRRef,
T83._Fld14669RRef) T82
LEFT OUTER JOIN dbo._Document14652 T84 WITH(NOLOCK)
ON T82.Q_001_F_000RRef = T84._IDRRef
FULL OUTER JOIN (SELECT
T86._Document239_IDRRef AS Q_001_F_000RRef,
T86._Fld5453RRef AS Q_001_F_001RRef,
CAST(SUM(T86._Fld5458) AS NUMERIC(21, 3)) AS Q_001_F_002_
FROM dbo._Document239_VT5451 T86 WITH(NOLOCK)
INNER JOIN dbo._Document14652 T87 WITH(NOLOCK)
ON (0x08 = T87._Fld14666_TYPE AND 0x000000EF = T87._Fld14666_RTRef AND T86._Document239_IDRRef = T87._Fld14666_RRRef)
GROUP BY T86._Document239_IDRRef,
T86._Fld5453RRef) T85
ON (T84._Fld14666_TYPE = 0x08 AND T84._Fld14666_RTRef = 0x000000EF) AND (T84._Fld14666_TYPE = 0x08 AND T84._Fld14666_RTRef = 0x000000EF AND T84._Fld14666_RRRef = T85.Q_001_F_000RRef) AND (T82.Q_001_F_001RRef = T85.Q_001_F_001RRef)
UNION ALL SELECT
CASE WHEN T88.Q_001_F_000RRef IS NOT NULL THEN 0x0000393D END AS Q_001_F_000TRef,
T88.Q_001_F_000RRef AS Q_001_F_000RRef,
CASE WHEN (T90._Fld14676 = ?) AND (T90._Fld14678 = ?) THEN CASE WHEN (ISNULL(CAST(T88.Q_001_F_002_ AS NUMERIC(21, 3)),?) = ISNULL(CAST(T91.Q_001_F_002_ AS NUMERIC(21, 3)),?)) THEN ? ELSE ? END WHEN (T90._Fld14676 <> ?) AND (T90._Fld14678 = ?) THEN CASE WHEN (ISNULL(CAST(T88.Q_001_F_003_ AS NUMERIC(21, 3)),?) = ISNULL(CAST(T91.Q_001_F_002_ AS NUMERIC(21, 3)),?)) THEN ? ELSE ? END ELSE CASE WHEN (ISNULL(CAST(T88.Q_001_F_004_ AS NUMERIC(21, 3)),?) = ISNULL(CAST(T91.Q_001_F_002_ AS NUMERIC(21, 3)),?)) THEN ? ELSE ? END END
FROM (SELECT
T89._Document14653_IDRRef AS Q_001_F_000RRef,
T89._Fld14683RRef AS Q_001_F_001RRef,
CAST(SUM(T89._Fld14684) AS NUMERIC(21, 3)) AS Q_001_F_002_,
CAST(SUM(T89._Fld14685) AS NUMERIC(21, 3)) AS Q_001_F_003_,
CAST(SUM(T89._Fld14686) AS NUMERIC(21, 3)) AS Q_001_F_004_
FROM dbo._Document14653_VT14681 T89 WITH(NOLOCK)
GROUP BY T89._Document14653_IDRRef,
T89._Fld14683RRef) T88
LEFT OUTER JOIN dbo._Document14653 T90 WITH(NOLOCK)
ON T88.Q_001_F_000RRef = T90._IDRRef
FULL OUTER JOIN (SELECT
0x000000EF AS Q_001_F_000TRef,
T92._Document239_IDRRef AS Q_001_F_000RRef,
T92._Fld5453RRef AS Q_001_F_001RRef,
CAST(SUM(T92._Fld5458) AS NUMERIC(21, 3)) AS Q_001_F_002_
FROM dbo._Document239_VT5451 T92 WITH(NOLOCK)
INNER JOIN dbo._Document14653 T93 WITH(NOLOCK)
ON (0x08 = T93._Fld14680_TYPE AND 0x000000EF = T93._Fld14680_RTRef AND T92._Document239_IDRRef = T93._Fld14680_RRRef)
GROUP BY T92._Document239_IDRRef,
T92._Fld5453RRef
UNION ALL SELECT
0x0000010D,
T94._Document269_IDRRef,
T94._Fld7233RRef AS Fld7233RRef,
CAST(SUM(T94._Fld7241) AS NUMERIC(21, 3))
FROM dbo._Document269_VT7231 T94 WITH(NOLOCK)
INNER JOIN dbo._Document14653 T95 WITH(NOLOCK)
ON (0x08 = T95._Fld14680_TYPE AND 0x0000010D = T95._Fld14680_RTRef AND T94._Document269_IDRRef = T95._Fld14680_RRRef)
GROUP BY T94._Document269_IDRRef,
T94._Fld7233RRef
UNION ALL SELECT
0x000038D8,
T96._Document14552_IDRRef,
T96._Fld14564RRef AS Fld14564RRef,
CAST(SUM(T96._Fld14568) AS NUMERIC(21, 3))
FROM dbo._Document14552_VT14561 T96 WITH(NOLOCK)
INNER JOIN dbo._Document14653 T97 WITH(NOLOCK)
ON (0x08 = T97._Fld14680_TYPE AND 0x000038D8 = T97._Fld14680_RTRef AND T96._Document14552_IDRRef = T97._Fld14680_RRRef)
WHERE (T96._Fld14565RRef = ?)
GROUP BY T96._Document14552_IDRRef,
T96._Fld14564RRef) T91
ON (T90._Fld14680_TYPE = 0x08 AND T90._Fld14680_RTRef = T91.Q_001_F_000TRef AND T90._Fld14680_RRRef = T91.Q_001_F_000RRef) AND (T88.Q_001_F_001RRef = T91.Q_001_F_001RRef)) T81
GROUP BY T81.Q_001_F_000TRef,
T81.Q_001_F_000RRef) T80
ON (T77.Q_001_F_001TRef = T80.Q_001_F_000TRef AND T77.Q_001_F_001RRef = T80.Q_001_F_000RRef)
ON (0x08 = T77.Q_001_F_006_TYPE AND T70.Q_001_F_000TRef = T77.Q_001_F_006_RTRef AND T70.Q_001_F_000RRef = T77.Q_001_F_006_RRRef)
ON (T69._DocumentTRef = T70.Q_001_F_000TRef AND T69._DocumentRRef = T70.Q_001_F_000RRef)
LEFT OUTER JOIN (SELECT
T101._Fld11161RRef AS Fld11161RRef,
T101._Fld11160_TYPE AS Fld11160_TYPE,
T101._Fld11160_RTRef AS Fld11160_RTRef,
T101._Fld11160_RRRef AS Fld11160_RRRef,
T101._Fld11162 AS Fld11162_
FROM (SELECT
T100._Fld11160_TYPE AS Fld11160_TYPE,
T100._Fld11160_RTRef AS Fld11160_RTRef,
T100._Fld11160_RRRef AS Fld11160_RRRef,
MAX(T100._Period) AS MAXPERIOD_
FROM dbo._InfoRg11159 T100 WITH(NOLOCK)
GROUP BY T100._Fld11160_TYPE,
T100._Fld11160_RTRef,
T100._Fld11160_RRRef) T99
INNER JOIN dbo._InfoRg11159 T101 WITH(NOLOCK)
ON T99.Fld11160_TYPE = T101._Fld11160_TYPE AND T99.Fld11160_RTRef = T101._Fld11160_RTRef AND T99.Fld11160_RRRef = T101._Fld11160_RRRef AND T99.MAXPERIOD_ = T101._Period) T98
LEFT OUTER JOIN dbo._InfoRg11164 T102 WITH(NOLOCK)
ON (T98.Fld11161RRef = T102._Fld11165RRef) AND (T102._Fld11166RRef = ?)
ON (0x08 = T98.Fld11160_TYPE AND T69._DocumentTRef = T98.Fld11160_RTRef AND T69._DocumentRRef = T98.Fld11160_RRRef)
WHERE T69._Date_Time > ?
ORDER BY (T69._Date_Time), (T69._DocumentTRef), (T69._DocumentRRef)
OPTION (FAST 1)
p_0: 0N
p_1: 'На отправку'
p_2: 15N
p_3: 'Ошибка'
p_4: 1N
p_5: 'документ отправлен'
p_6: 2N
p_7: 'in progress'
p_8: 3N
p_9: 'Invoice accepted'
p_10: 90N
p_11: 'canceled'
p_12: 99N
p_13: 'not found'
p_14: 21N
p_15: 'Oder ready for shipping'
p_16: 22N
p_17: 'Oder has shipped'
p_18: 10N
p_19: 20010101000000
p_20: 'В обработке'
p_21: 10N
p_22: 20010101000000
p_23: 20010101000000
p_24: 'В обработке'
p_25: 20010101000000
p_26: 'Оприходован'
p_27: 20010101000000
p_28: 20010101000000
p_29: 'Отобран'
p_30: 20010101000000
p_31: 'Отгружен'
p_32: 5N
p_33: 'В буфере'
p_34: ''
p_35: 20010101000000
p_36: 20010101000000
p_37: 20010101000000
p_38: 0N
p_39: 0N
p_40: 1N
p_41: 0N
p_42: 4N
p_43: 0x9DC32C768A55A60711E54D6453F2DDFB
p_44: 1N
p_45: 0x9DC32C768A55A60711E54D6453F2DDFB
p_46: 2N
p_47: 0N
p_48: 0xA227005056B6DBD711E9E00D5C73F875
p_49: 0xA227005056B6DBD711E9E00D5C73F875
p_50: 40220101000000
p_51: 0xA227005056B6DBD711E9E00D5C73F875
p_52: 40220101000000
p_53: 0xA227005056B6DBD711E9E00D5C73F875
p_54: 40220101000000
p_55: 40220101000000
p_56: 20010101000000
p_57: 20010101000000
p_58: 0xA227005056B6DBD711E9E00D5C73F875
p_59: 20010101000000
p_60: 0xA227005056B6DBD711E9E00D5C73F875
p_61: 20010101000000
p_62: 0N
p_63: 0N
p_64: 0N
p_65: 1N
p_66: 0N
p_67: 0N
p_68: 0N
p_69: 1N
p_70: 20010101000000
p_71: 20010101000000
p_72: 0N
p_73: 0N
p_74: 0N
p_75: 1N
p_76: 20010101000000
p_77: 20010101000000
p_78: 0N
p_79: 0N
p_80: 0N
p_81: 1N
p_82: 0N
p_83: 0N
p_84: 0N
p_85: 1N
p_86: 0xA227005056B6DBD711E9E00D5C73F875
p_87: 0x9DC32C768A55A60711E54D6453F2DDFB
p_88: 40230407134155
",Rows=4,RowsAffected=-1,Context=ДинамическийСписок.ПолучитьДанные : Обработка.мчт_ИнтерфейсМенеджераContinental.Форма.Форма.Реквизит.СписокПоступление
57:16.718004-2140000,DBMSSQL,4,process=rphost,p:processName=astoffice,OSThread=12408,t:clientID=29,t:applicationName=1CV8,t:computerName=AST12TSDAST,t:connectID=2604,SessionID=5681,Usr=Темеркулова Сания,DBMS=DBMSSQL,DataBase=ASTSQLOFFICE2\AstOffice,Trans=0,dbpid=82,Sql="SELECT TOP 45
T69._DocumentTRef,
T69._DocumentRRef,
T69._Date_Time,
T69._Number,
0x08 + T69._DocumentTRef,
T69._Posted,
CAST(T69._Fld14694 AS NVARCHAR(100)),
T69._Fld14701RRef,
T70.Q_001_F_001RRef,
T70.Q_001_F_002TRef,
T70.Q_001_F_002RRef,
T77.Q_001_F_001TRef,
T77.Q_001_F_001RRef,
T77.Q_001_F_002_,
CASE WHEN (T77.Q_001_F_002_ = ?) THEN ? WHEN (T77.Q_001_F_002_ = ?) THEN ? WHEN (T77.Q_001_F_002_ = ?) THEN ? WHEN (T77.Q_001_F_002_ = ?) THEN ? WHEN (T77.Q_001_F_002_ = ?) THEN ? WHEN (T77.Q_001_F_002_ = ?) THEN ? WHEN (T77.Q_001_F_002_ = ?) THEN ? WHEN (T77.Q_001_F_002_ = ?) THEN ? WHEN (T77.Q_001_F_002_ = ?) THEN ? WHEN (T77.Q_001_F_002_ = ?) AND T77.Q_001_F_000_ = 0x01 AND (T77.Q_001_F_003_ = ?) THEN ? WHEN (T77.Q_001_F_002_ = ?) AND (T77.Q_001_F_000_ = 0x00) AND (T77.Q_001_F_004_ = ?) AND (T77.Q_001_F_005_ = ?) THEN ? WHEN T77.Q_001_F_000_ = 0x01 AND (T77.Q_001_F_003_ <> ?) THEN ? WHEN (T77.Q_001_F_000_ = 0x00) AND (T77.Q_001_F_004_ <> ?) AND (T77.Q_001_F_005_ = ?) THEN ? WHEN (T77.Q_001_F_000_ = 0x00) AND (T77.Q_001_F_005_ <> ?) THEN ? WHEN (T77.Q_001_F_002_ = ?) THEN ? ELSE ? END,
CASE WHEN (T77.Q_001_F_003_ <> ?) AND T77.Q_001_F_000_ = 0x01 THEN 0x01 ELSE 0x00 END,
CASE WHEN (T77.Q_001_F_004_ <> ?) AND (T77.Q_001_F_000_ = 0x00) THEN 0x01 ELSE 0x00 END,
CASE WHEN (T77.Q_001_F_005_ <> ?) AND (T77.Q_001_F_000_ = 0x00) THEN 0x01 ELSE 0x00 END,
CASE WHEN (ISNULL(CAST(T80.Q_001_F_001_ AS NUMERIC(7, 0)),?) = ?) THEN ? ELSE ? END,
CASE WHEN (NOT ((ISNULL(T98.Fld11162_,0x00)) = 0x01)) THEN ? WHEN (T98.Fld11161RRef = ?) THEN ? WHEN (T102._Fld11166RRef = ?) THEN ? ELSE ? END,
T69._Marked
FROM dbo._DocumentJournal14688 T69 WITH(NOLOCK)
INNER JOIN (SELECT
0x000000EF AS Q_001_F_000TRef,
T71._IDRRef AS Q_001_F_000RRef,
T71._Fld5445RRef AS Q_001_F_001RRef,
0x0000006F AS Q_001_F_002TRef,
T71._Fld5446RRef AS Q_001_F_002RRef,
T71._Date_Time AS Q_001_F_003_,
T71._Number AS Q_001_F_004_,
T71._Posted AS Q_001_F_005_
FROM dbo._Document239 T71 WITH(NOLOCK)
WHERE ((T71._Fld5445RRef = ?) OR (T71._Fld5446RRef = ?)) AND (T71._Date_Time >= ?) AND (T71._Fld14650 = 0x00)
UNION ALL SELECT
0x0000010D AS IDTRef,
T72._IDRRef AS IDRRef,
T72._Fld7216RRef AS Fld7216RRef,
0x00000049 AS Fld7201TRef,
T72._Fld7201RRef AS Fld7201RRef,
T72._Date_Time AS Date_Time_,
T72._Number AS Number_,
T72._Posted AS Posted_
FROM dbo._Document269 T72 WITH(NOLOCK)
WHERE (T72._Fld7216RRef = ?) AND (T72._Date_Time >= ?)
UNION ALL SELECT
0x000038D8 AS IDTRef,
T73._IDRRef AS IDRRef,
T74.Q_001_F_001RRef AS Q_001_F_001RRef,
0x0000006F,
0x00000000000000000000000000000000,
T73._Date_Time AS Date_Time_,
T73._Number AS Number_,
T73._Posted AS Posted_
FROM dbo._Document14552 T73 WITH(NOLOCK)
INNER JOIN (SELECT
T75._Document14552_IDRRef AS Q_001_F_000RRef,
T75._Fld14565RRef AS Q_001_F_001RRef
FROM dbo._Document14552_VT14561 T75 WITH(NOLOCK)
LEFT OUTER JOIN dbo._Document14552 T76 WITH(NOLOCK)
ON T75._Document14552_IDRRef = T76._IDRRef
WHERE (T75._Fld14565RRef = ?) AND (T76._Date_Time >= ?)
GROUP BY T75._Document14552_IDRRef,
T75._Fld14565RRef) T74
ON (T73._IDRRef = T74.Q_001_F_000RRef)
WHERE (T73._Date_Time >= ?)) T70
LEFT OUTER JOIN (SELECT
0x01 AS Q_001_F_000_,
0x0000393C AS Q_001_F_001TRef,
T78._IDRRef AS Q_001_F_001RRef,
T78._Fld14663 AS Q_001_F_002_,
T78._Fld14664 AS Q_001_F_003_,
? AS Q_001_F_004_,
? AS Q_001_F_005_,
T78._Fld14666_TYPE AS Q_001_F_006_TYPE,
T78._Fld14666_RTRef AS Q_001_F_006_RTRef,
T78._Fld14666_RRRef AS Q_001_F_006_RRRef
FROM dbo._Document14652 T78 WITH(NOLOCK)
WHERE (T78._Fld20873RRef = ?)
UNION ALL SELECT
0x00,
0x0000393D AS IDTRef,
T79._IDRRef AS IDRRef,
T79._Fld14675 AS Fld14675_,
?,
T79._Fld14676 AS Fld14676_,
T79._Fld14678 AS Fld14678_,
T79._Fld14680_TYPE AS Fld14680_TYPE,
T79._Fld14680_RTRef AS Fld14680_RTRef,
T79._Fld14680_RRRef AS Fld14680_RRRef
FROM dbo._Document14653 T79 WITH(NOLOCK)
WHERE (T79._Fld20872RRef = ?)) T77
LEFT OUTER JOIN (SELECT
T81.Q_001_F_000TRef AS Q_001_F_000TRef,
T81.Q_001_F_000RRef AS Q_001_F_000RRef,
CAST(SUM(T81.Q_001_F_001_) AS NUMERIC(7, 0)) AS Q_001_F_001_
FROM (SELECT
CASE WHEN T82.Q_001_F_000RRef IS NOT NULL THEN 0x0000393C END AS Q_001_F_000TRef,
T82.Q_001_F_000RRef AS Q_001_F_000RRef,
CASE WHEN (T84._Fld14664 = ?) THEN CASE WHEN (ISNULL(CAST(T82.Q_001_F_002_ AS NUMERIC(21, 3)),?) = ISNULL(CAST(T85.Q_001_F_002_ AS NUMERIC(21, 3)),?)) THEN ? ELSE ? END ELSE CASE WHEN (ISNULL(CAST(T82.Q_001_F_003_ AS NUMERIC(21, 3)),?) = ISNULL(CAST(T85.Q_001_F_002_ AS NUMERIC(21, 3)),?)) THEN ? ELSE ? END END AS Q_001_F_001_
FROM (SELECT
T83._Document14652_IDRRef AS Q_001_F_000RRef,
T83._Fld14669RRef AS Q_001_F_001RRef,
CAST(SUM(T83._Fld14670) AS NUMERIC(21, 3)) AS Q_001_F_002_,
CAST(SUM(T83._Fld14671) AS NUMERIC(21, 3)) AS Q_001_F_003_
FROM dbo._Document14652_VT14667 T83 WITH(NOLOCK)
GROUP BY T83._Document14652_IDRRef,
T83._Fld14669RRef) T82
LEFT OUTER JOIN dbo._Document14652 T84 WITH(NOLOCK)
ON T82.Q_001_F_000RRef = T84._IDRRef
FULL OUTER JOIN (SELECT
T86._Document239_IDRRef AS Q_001_F_000RRef,
T86._Fld5453RRef AS Q_001_F_001RRef,
CAST(SUM(T86._Fld5458) AS NUMERIC(21, 3)) AS Q_001_F_002_
FROM dbo._Document239_VT5451 T86 WITH(NOLOCK)
INNER JOIN dbo._Document14652 T87 WITH(NOLOCK)
ON (0x08 = T87._Fld14666_TYPE AND 0x000000EF = T87._Fld14666_RTRef AND T86._Document239_IDRRef = T87._Fld14666_RRRef)
GROUP BY T86._Document239_IDRRef,
T86._Fld5453RRef) T85
ON (T84._Fld14666_TYPE = 0x08 AND T84._Fld14666_RTRef = 0x000000EF) AND (T84._Fld14666_TYPE = 0x08 AND T84._Fld14666_RTRef = 0x000000EF AND T84._Fld14666_RRRef = T85.Q_001_F_000RRef) AND (T82.Q_001_F_001RRef = T85.Q_001_F_001RRef)
UNION ALL SELECT
CASE WHEN T88.Q_001_F_000RRef IS NOT NULL THEN 0x0000393D END AS Q_001_F_000TRef,
T88.Q_001_F_000RRef AS Q_001_F_000RRef,
CASE WHEN (T90._Fld14676 = ?) AND (T90._Fld14678 = ?) THEN CASE WHEN (ISNULL(CAST(T88.Q_001_F_002_ AS NUMERIC(21, 3)),?) = ISNULL(CAST(T91.Q_001_F_002_ AS NUMERIC(21, 3)),?)) THEN ? ELSE ? END WHEN (T90._Fld14676 <> ?) AND (T90._Fld14678 = ?) THEN CASE WHEN (ISNULL(CAST(T88.Q_001_F_003_ AS NUMERIC(21, 3)),?) = ISNULL(CAST(T91.Q_001_F_002_ AS NUMERIC(21, 3)),?)) THEN ? ELSE ? END ELSE CASE WHEN (ISNULL(CAST(T88.Q_001_F_004_ AS NUMERIC(21, 3)),?) = ISNULL(CAST(T91.Q_001_F_002_ AS NUMERIC(21, 3)),?)) THEN ? ELSE ? END END
FROM (SELECT
T89._Document14653_IDRRef AS Q_001_F_000RRef,
T89._Fld14683RRef AS Q_001_F_001RRef,
CAST(SUM(T89._Fld14684) AS NUMERIC(21, 3)) AS Q_001_F_002_,
CAST(SUM(T89._Fld14685) AS NUMERIC(21, 3)) AS Q_001_F_003_,
CAST(SUM(T89._Fld14686) AS NUMERIC(21, 3)) AS Q_001_F_004_
FROM dbo._Document14653_VT14681 T89 WITH(NOLOCK)
GROUP BY T89._Document14653_IDRRef,
T89._Fld14683RRef) T88
LEFT OUTER JOIN dbo._Document14653 T90 WITH(NOLOCK)
ON T88.Q_001_F_000RRef = T90._IDRRef
FULL OUTER JOIN (SELECT
0x000000EF AS Q_001_F_000TRef,
T92._Document239_IDRRef AS Q_001_F_000RRef,
T92._Fld5453RRef AS Q_001_F_001RRef,
CAST(SUM(T92._Fld5458) AS NUMERIC(21, 3)) AS Q_001_F_002_
FROM dbo._Document239_VT5451 T92 WITH(NOLOCK)
INNER JOIN dbo._Document14653 T93 WITH(NOLOCK)
ON (0x08 = T93._Fld14680_TYPE AND 0x000000EF = T93._Fld14680_RTRef AND T92._Document239_IDRRef = T93._Fld14680_RRRef)
GROUP BY T92._Document239_IDRRef,
T92._Fld5453RRef
UNION ALL SELECT
0x0000010D,
T94._Document269_IDRRef,
T94._Fld7233RRef AS Fld7233RRef,
CAST(SUM(T94._Fld7241) AS NUMERIC(21, 3))
FROM dbo._Document269_VT7231 T94 WITH(NOLOCK)
INNER JOIN dbo._Document14653 T95 WITH(NOLOCK)
ON (0x08 = T95._Fld14680_TYPE AND 0x0000010D = T95._Fld14680_RTRef AND T94._Document269_IDRRef = T95._Fld14680_RRRef)
GROUP BY T94._Document269_IDRRef,
T94._Fld7233RRef
UNION ALL SELECT
0x000038D8,
T96._Document14552_IDRRef,
T96._Fld14564RRef AS Fld14564RRef,
CAST(SUM(T96._Fld14568) AS NUMERIC(21, 3))
FROM dbo._Document14552_VT14561 T96 WITH(NOLOCK)
INNER JOIN dbo._Document14653 T97 WITH(NOLOCK)
ON (0x08 = T97._Fld14680_TYPE AND 0x000038D8 = T97._Fld14680_RTRef AND T96._Document14552_IDRRef = T97._Fld14680_RRRef)
WHERE (T96._Fld14565RRef = ?)
GROUP BY T96._Document14552_IDRRef,
T96._Fld14564RRef) T91
ON (T90._Fld14680_TYPE = 0x08 AND T90._Fld14680_RTRef = T91.Q_001_F_000TRef AND T90._Fld14680_RRRef = T91.Q_001_F_000RRef) AND (T88.Q_001_F_001RRef = T91.Q_001_F_001RRef)) T81
GROUP BY T81.Q_001_F_000TRef,
T81.Q_001_F_000RRef) T80
ON (T77.Q_001_F_001TRef = T80.Q_001_F_000TRef AND T77.Q_001_F_001RRef = T80.Q_001_F_000RRef)
ON (0x08 = T77.Q_001_F_006_TYPE AND T70.Q_001_F_000TRef = T77.Q_001_F_006_RTRef AND T70.Q_001_F_000RRef = T77.Q_001_F_006_RRRef)
ON (T69._DocumentTRef = T70.Q_001_F_000TRef AND T69._DocumentRRef = T70.Q_001_F_000RRef)
LEFT OUTER JOIN (SELECT
T101._Fld11161RRef AS Fld11161RRef,
T101._Fld11160_TYPE AS Fld11160_TYPE,
T101._Fld11160_RTRef AS Fld11160_RTRef,
T101._Fld11160_RRRef AS Fld11160_RRRef,
T101._Fld11162 AS Fld11162_
FROM (SELECT
T100._Fld11160_TYPE AS Fld11160_TYPE,
T100._Fld11160_RTRef AS Fld11160_RTRef,
T100._Fld11160_RRRef AS Fld11160_RRRef,
MAX(T100._Period) AS MAXPERIOD_
FROM dbo._InfoRg11159 T100 WITH(NOLOCK)
GROUP BY T100._Fld11160_TYPE,
T100._Fld11160_RTRef,
T100._Fld11160_RRRef) T99
INNER JOIN dbo._InfoRg11159 T101 WITH(NOLOCK)
ON T99.Fld11160_TYPE = T101._Fld11160_TYPE AND T99.Fld11160_RTRef = T101._Fld11160_RTRef AND T99.Fld11160_RRRef = T101._Fld11160_RRRef AND T99.MAXPERIOD_ = T101._Period) T98
LEFT OUTER JOIN dbo._InfoRg11164 T102 WITH(NOLOCK)
ON (T98.Fld11161RRef = T102._Fld11165RRef) AND (T102._Fld11166RRef = ?)
ON (0x08 = T98.Fld11160_TYPE AND T69._DocumentTRef = T98.Fld11160_RTRef AND T69._DocumentRRef = T98.Fld11160_RRRef)
WHERE T69._Date_Time < ?
ORDER BY (T69._Date_Time) DESC, (T69._DocumentTRef) DESC, (T69._DocumentRRef) DESC
OPTION (FAST 1)
p_0: 0N
p_1: 'На отправку'
p_2: 15N
p_3: 'Ошибка'
p_4: 1N
p_5: 'документ отправлен'
p_6: 2N
p_7: 'in progress'
p_8: 3N
p_9: 'Invoice accepted'
p_10: 90N
p_11: 'canceled'
p_12: 99N
p_13: 'not found'
p_14: 21N
p_15: 'Oder ready for shipping'
p_16: 22N
p_17: 'Oder has shipped'
p_18: 10N
p_19: 20010101000000
p_20: 'В обработке'
p_21: 10N
p_22: 20010101000000
p_23: 20010101000000
p_24: 'В обработке'
p_25: 20010101000000
p_26: 'Оприходован'
p_27: 20010101000000
p_28: 20010101000000
p_29: 'Отобран'
p_30: 20010101000000
p_31: 'Отгружен'
p_32: 5N
p_33: 'В буфере'
p_34: ''
p_35: 20010101000000
p_36: 20010101000000
p_37: 20010101000000
p_38: 0N
p_39: 0N
p_40: 1N
p_41: 0N
p_42: 4N
p_43: 0x9DC32C768A55A60711E54D6453F2DDFB
p_44: 1N
p_45: 0x9DC32C768A55A60711E54D6453F2DDFB
p_46: 2N
p_47: 0N
p_48: 0xA227005056B6DBD711E9E00D5C73F875
p_49: 0xA227005056B6DBD711E9E00D5C73F875
p_50: 40220101000000
p_51: 0xA227005056B6DBD711E9E00D5C73F875
p_52: 40220101000000
p_53: 0xA227005056B6DBD711E9E00D5C73F875
p_54: 40220101000000
p_55: 40220101000000
p_56: 20010101000000
p_57: 20010101000000
p_58: 0xA227005056B6DBD711E9E00D5C73F875
p_59: 20010101000000
p_60: 0xA227005056B6DBD711E9E00D5C73F875
p_61: 20010101000000
p_62: 0N
p_63: 0N
p_64: 0N
p_65: 1N
p_66: 0N
p_67: 0N
p_68: 0N
p_69: 1N
p_70: 20010101000000
p_71: 20010101000000
p_72: 0N
p_73: 0N
p_74: 0N
p_75: 1N
p_76: 20010101000000
p_77: 20010101000000
p_78: 0N
p_79: 0N
p_80: 0N
p_81: 1N
p_82: 0N
p_83: 0N
p_84: 0N
p_85: 1N
p_86: 0xA227005056B6DBD711E9E00D5C73F875
p_87: 0x9DC32C768A55A60711E54D6453F2DDFB
p_88: 40230407134155
",Rows=45,RowsAffected=-1,Context=ДинамическийСписок.ПолучитьДанные : Обработка.мчт_ИнтерфейсМенеджераContinental.Форма.Форма.Реквизит.СписокПоступление
58:21.201006-1250001,DBMSSQL,4,process=rphost,p:processName=astoffice,OSThread=8648,t:clientID=58,t:applicationName=1CV8,t:computerName=RDS4,t:connectID=2640,SessionID=5831,Usr=Каирдосова Сымбат,DBMS=DBMSSQL,DataBase=ASTSQLOFFICE2\AstOffice,Trans=0,dbpid=87,Sql="SELECT
0x00003532,
T1._IDRRef,
T2._Date_Time,
0x00003532,
T1._IDRRef,
T1._Number,
T1._Date_Time,
?,
CAST(NULL AS BINARY(1)),
CAST(NULL AS BINARY(1)),
CAST(NULL AS NUMERIC(38,8)),
CAST(NULL AS DATETIME),
CAST(NULL AS NVARCHAR),
CAST(NULL AS VARBINARY),
CAST(NULL AS BINARY(4)),
CAST(NULL AS BINARY(16)),
CAST(NULL AS NUMERIC(15, 2)),
CAST(NULL AS BINARY(16)),
T1._Posted,
T1._Marked,
?
FROM dbo._Document13618 T1 WITH(NOLOCK)
LEFT OUTER JOIN dbo._Document13618 T2 WITH(NOLOCK)
ON T1._IDRRef = T2._IDRRef
WHERE (T1._Fld16131_TYPE = 0x08 AND T1._Fld16131_RTRef = 0x00004E84 AND T1._Fld16131_RRRef = ?)
UNION ALL SELECT
0x00003E0C,
T3._Document15884_IDRRef,
T4._Date_Time,
CASE WHEN T4._IDRRef IS NOT NULL THEN 0x00003E0C END,
T4._IDRRef,
T4._Number,
T4._Date_Time,
?,
CAST(NULL AS BINARY(1)),
CAST(NULL AS BINARY(1)),
CAST(NULL AS NUMERIC(38,8)),
CAST(NULL AS DATETIME),
CAST(NULL AS NVARCHAR),
CAST(NULL AS VARBINARY),
CAST(NULL AS BINARY(4)),
CAST(NULL AS BINARY(16)),
CAST(NULL AS NUMERIC(15, 2)),
CAST(NULL AS BINARY(16)),
T4._Posted,
T4._Marked,
?
FROM dbo._Document15884_VT15886 T3 WITH(NOLOCK)
LEFT OUTER JOIN dbo._Document15884 T4 WITH(NOLOCK)
ON T3._Document15884_IDRRef = T4._IDRRef
WHERE (T3._Fld15894_TYPE = 0x08 AND T3._Fld15894_RTRef = 0x00004E84 AND T3._Fld15894_RRRef = ?)
UNION ALL SELECT
0x00003E0C,
T5._Document15884_IDRRef,
T6._Date_Time,
CASE WHEN T6._IDRRef IS NOT NULL THEN 0x00003E0C END,
T6._IDRRef,
T6._Number,
T6._Date_Time,
?,
CAST(NULL AS BINARY(1)),
CAST(NULL AS BINARY(1)),
CAST(NULL AS NUMERIC(38,8)),
CAST(NULL AS DATETIME),
CAST(NULL AS NVARCHAR),
CAST(NULL AS VARBINARY),
CAST(NULL AS BINARY(4)),
CAST(NULL AS BINARY(16)),
CAST(NULL AS NUMERIC(15, 2)),
CAST(NULL AS BINARY(16)),
T6._Posted,
T6._Marked,
?
FROM dbo._Document15884_VT15898 T5 WITH(NOLOCK)
LEFT OUTER JOIN dbo._Document15884 T6 WITH(NOLOCK)
ON T5._Document15884_IDRRef = T6._IDRRef
WHERE (T5._Fld15906_TYPE = 0x08 AND T5._Fld15906_RTRef = 0x00004E84 AND T5._Fld15906_RRRef = ?)
UNION ALL SELECT
0x0000011C,
T7._IDRRef,
T8._Date_Time,
0x0000011C,
T7._IDRRef,
T7._Number,
T7._Date_Time,
?,
CAST(NULL AS BINARY(1)),
CAST(NULL AS BINARY(1)),
CAST(NULL AS NUMERIC(38,8)),
CAST(NULL AS DATETIME),
CAST(NULL AS NVARCHAR),
CAST(NULL AS VARBINARY),
CAST(NULL AS BINARY(4)),
CAST(NULL AS BINARY(16)),
CAST(NULL AS NUMERIC(15, 2)),
CAST(NULL AS BINARY(16)),
T7._Posted,
T7._Marked,
?
FROM dbo._Document284 T7 WITH(NOLOCK)
LEFT OUTER JOIN dbo._Document284 T8 WITH(NOLOCK)
ON T7._IDRRef = T8._IDRRef
WHERE (T7._Fld8119_TYPE = 0x08 AND T7._Fld8119_RTRef = 0x00004E84 AND T7._Fld8119_RRRef = ?)
UNION ALL SELECT
0x000056EF,
T9._IDRRef,
T10._Date_Time,
0x000056EF,
T9._IDRRef,
T9._Number,
T9._Date_Time,
?,
CAST(NULL AS BINARY(1)),
CAST(NULL AS BINARY(1)),
CAST(NULL AS NUMERIC(38,8)),
CAST(NULL AS DATETIME),
CAST(NULL AS NVARCHAR),
CAST(NULL AS VARBINARY),
CAST(NULL AS BINARY(4)),
CAST(NULL AS BINARY(16)),
T9._Fld22412,
T9._Fld22409RRef,
T9._Posted,
T9._Marked,
?
FROM dbo._Document22255 T9 WITH(NOLOCK)
LEFT OUTER JOIN dbo._Document22255 T10 WITH(NOLOCK)
ON T9._IDRRef = T10._IDRRef
WHERE (T9._Fld22414_TYPE = 0x08 AND T9._Fld22414_RTRef = 0x00004E84 AND T9._Fld22414_RRRef = ?)
UNION ALL SELECT
0x000056F0,
T11._IDRRef,
T12._Date_Time,
0x000056F0,
T11._IDRRef,
T11._Number,
T11._Date_Time,
?,
CAST(NULL AS BINARY(1)),
CAST(NULL AS BINARY(1)),
CAST(NULL AS NUMERIC(38,8)),
CAST(NULL AS DATETIME),
CAST(NULL AS NVARCHAR),
CAST(NULL AS VARBINARY),
CAST(NULL AS BINARY(4)),
CAST(NULL AS BINARY(16)),
T11._Fld22430,
T11._Fld22426RRef,
T11._Posted,
T11._Marked,
?
FROM dbo._Document22256 T11 WITH(NOLOCK)
LEFT OUTER JOIN dbo._Document22256 T12 WITH(NOLOCK)
ON T11._IDRRef = T12._IDRRef
WHERE (T11._Fld22432_TYPE = 0x08 AND T11._Fld22432_RTRef = 0x00004E84 AND T11._Fld22432_RRRef = ?)
ORDER BY 3
p_0: 0N
p_1: 'ма_КонвертацияБуферногоНоминала'
p_2: 0xA211005056B60E3D11EDCD27B86339BF
p_3: 1N
p_4: 'мчт_фактПоАкции'
p_5: 0xA211005056B60E3D11EDCD27B86339BF
p_6: 1N
p_7: 'мчт_фактПоАкции'
p_8: 0xA211005056B60E3D11EDCD27B86339BF
p_9: 2N
p_10: 'Сторнирование'
p_11: 0xA211005056B60E3D11EDCD27B86339BF
p_12: 3N
p_13: 'ЗаявкаНаУменьшениеСуммыПлатежа'
p_14: 0xA211005056B60E3D11EDCD27B86339BF
p_15: 4N
p_16: 'ЗаявкаНаПоступление'
p_17: 0xA211005056B60E3D11EDCD27B86339BF
",Rows=0,RowsAffected=0
58:21.201012-0,Context,2,process=rphost,p:processName=astoffice,OSThread=8648,t:clientID=58,t:applicationName=1CV8,t:computerName=RDS4,t:connectID=2640,SessionID=5831,Usr=Каирдосова Сымбат,Context='
Документ.РеализацияТоваровУслуг.Форма.мчт_ФормаДокументаПередачи.Форма : 3501 : РаботаСДиалогами.ПоказатьСтруктуруПодчиненностиДокумента(Ссылка);
	ОбщийМодуль.РаботаСДиалогами.Модуль : 6173 : ФормаСтруктурыПодчиненности.Открыть();
		ОбщаяФорма.ФормаСтруктурыПодчиненности.Форма : 443 : ВывестиДеревоДокументов();
			ОбщаяФорма.ФормаСтруктурыПодчиненности.Форма : 16 : ВывестиПодчиненныеДокументы(мДерево);
				ОбщаяФорма.ФормаСтруктурыПодчиненности.Форма : 416 : ВывестиПодчиненныеДокументы(НоваяСтрока);
					ОбщаяФорма.ФормаСтруктурыПодчиненности.Форма : 402 : Выборка = Запрос.Выполнить().Выбрать();'
58:35.998000-26203975,DBMSSQL,4,process=rphost,p:processName=astoffice,OSThread=8456,t:clientID=29,t:applicationName=1CV8,t:computerName=AST12TSDAST,t:connectID=2604,SessionID=5681,Usr=Темеркулова Сания,DBMS=DBMSSQL,DataBase=ASTSQLOFFICE2\AstOffice,Trans=0,dbpid=74,Sql='INSERT INTO #tt19 WITH(TABLOCK) (_Q_001_F_000RRef, _Q_001_F_001RRef) SELECT
T2._Document269_IDRRef,
T2._Fld13628RRef
FROM #tt18 T1 WITH(NOLOCK)
INNER JOIN dbo._Document269_VT7231 T2 WITH(NOLOCK)
ON 1=1
LEFT OUTER JOIN dbo._Document269 T3 WITH(NOLOCK)
ON T2._Document269_IDRRef = T3._IDRRef
WHERE (T2._Fld13628RRef IN (T1._Q_000_F_000RRef)) AND T3._Posted = 0x01 AND (T3._Marked = 0x00)
GROUP BY T2._Document269_IDRRef,
T2._Fld13628RRef',Rows=0,RowsAffected=1
58:35.998006-0,Context,2,process=rphost,p:processName=astoffice,OSThread=8456,t:clientID=29,t:applicationName=1CV8,t:computerName=AST12TSDAST,t:connectID=2604,SessionID=5681,Usr=Темеркулова Сания,Context='
Обработка.мчт_РабочееМестоПоВнутреннимЗаказам.Форма.ФормаКомпактная.Форма : 622 : Результат = Запрос.Выполнить().Выгрузить();'
58:51.904001-11874994,DBMSSQL,4,process=rphost,p:processName=astoffice,OSThread=8456,t:clientID=83,t:applicationName=1CV8,t:computerName=AST12TSDSHRC,t:connectID=2694,SessionID=5966,Usr=Ващенко Евгений,DBMS=DBMSSQL,DataBase=ASTSQLOFFICE2\AstOffice,Trans=0,dbpid=74,Sql='SELECT
T1.Q_001_F_000RRef,
T1.Q_001_F_001RRef
FROM (SELECT
T4._IDRRef AS Q_001_F_000RRef,
T2._Q_000_F_001RRef AS Q_001_F_001RRef
FROM #tt20 T2 WITH(NOLOCK)
LEFT OUTER JOIN dbo._Document255 T3 WITH(NOLOCK)
ON T2._Q_000_F_001RRef = T3._IDRRef
LEFT OUTER JOIN dbo._Document239 T4 WITH(NOLOCK)
LEFT OUTER JOIN dbo._Document179 T5 WITH(NOLOCK)
ON T4._Fld5437_TYPE = 0x08 AND T4._Fld5437_RTRef = 0x000000B3 AND T4._Fld5437_RRRef = T5._IDRRef
LEFT OUTER JOIN dbo._Document166 T6 WITH(NOLOCK)
ON T4._Fld5437_TYPE = 0x08 AND T4._Fld5437_RTRef = 0x000000A6 AND T4._Fld5437_RRRef = T6._IDRRef
LEFT OUTER JOIN dbo._Document233 T7 WITH(NOLOCK)
ON T4._Fld5437_TYPE = 0x08 AND T4._Fld5437_RTRef = 0x000000E9 AND T4._Fld5437_RRRef = T7._IDRRef
LEFT OUTER JOIN dbo._Document306 T8 WITH(NOLOCK)
ON T4._Fld5437_TYPE = 0x08 AND T4._Fld5437_RTRef = 0x00000132 AND T4._Fld5437_RRRef = T8._IDRRef
LEFT OUTER JOIN dbo._Document14552 T9 WITH(NOLOCK)
ON T4._Fld5437_TYPE = 0x08 AND T4._Fld5437_RTRef = 0x000038D8 AND T4._Fld5437_RRRef = T9._IDRRef
LEFT OUTER JOIN dbo._Document168 T10 WITH(NOLOCK)
ON T4._Fld5437_TYPE = 0x08 AND T4._Fld5437_RTRef = 0x000000A8 AND T4._Fld5437_RRRef = T10._IDRRef
LEFT OUTER JOIN dbo._Document255 T11 WITH(NOLOCK)
ON T4._Fld5437_TYPE = 0x08 AND T4._Fld5437_RTRef = 0x000000FF AND T4._Fld5437_RRRef = T11._IDRRef
LEFT OUTER JOIN dbo._Document239 T12 WITH(NOLOCK)
ON T4._Fld5437_TYPE = 0x08 AND T4._Fld5437_RTRef = 0x000000EF AND T4._Fld5437_RRRef = T12._IDRRef
LEFT OUTER JOIN dbo._Document12923 T13 WITH(NOLOCK)
ON T4._Fld5437_TYPE = 0x08 AND T4._Fld5437_RTRef = 0x0000327B AND T4._Fld5437_RRRef = T13._IDRRef
ON (0x000000FF = CASE WHEN T4._Fld5437_TYPE = 0x08 AND T4._Fld5437_RTRef = 0x000000B3 THEN CASE WHEN T5._IDRRef IS NOT NULL THEN 0x000000B3 END WHEN T4._Fld5437_TYPE = 0x08 AND T4._Fld5437_RTRef = 0x000000A6 THEN CASE WHEN T6._IDRRef IS NOT NULL THEN 0x000000A6 END WHEN T4._Fld5437_TYPE = 0x08 AND T4._Fld5437_RTRef = 0x000000E9 THEN CASE WHEN T7._IDRRef IS NOT NULL THEN 0x000000E9 END WHEN T4._Fld5437_TYPE = 0x08 AND T4._Fld5437_RTRef = 0x00000132 THEN CASE WHEN T8._IDRRef IS NOT NULL THEN 0x00000132 END WHEN T4._Fld5437_TYPE = 0x08 AND T4._Fld5437_RTRef = 0x000038D8 THEN CASE WHEN T9._IDRRef IS NOT NULL THEN 0x000038D8 END WHEN T4._Fld5437_TYPE = 0x08 AND T4._Fld5437_RTRef = 0x000000A8 THEN CASE WHEN T10._IDRRef IS NOT NULL THEN 0x000000A8 END WHEN T4._Fld5437_TYPE = 0x08 AND T4._Fld5437_RTRef = 0x000000FF THEN CASE WHEN T11._IDRRef IS NOT NULL THEN 0x000000FF END WHEN T4._Fld5437_TYPE = 0x08 AND T4._Fld5437_RTRef = 0x000000EF THEN CASE WHEN T12._IDRRef IS NOT NULL THEN 0x000000EF END WHEN T4._Fld5437_TYPE = 0x08 AND T4._Fld5437_RTRef = 0x0000327B THEN CASE WHEN T13._IDRRef IS NOT NULL THEN 0x0000327B END ELSE CAST(NULL AS BINARY(4)) END AND T3._IDRRef = CASE WHEN T4._Fld5437_TYPE = 0x08 AND T4._Fld5437_RTRef = 0x000000B3 THEN T5._IDRRef WHEN T4._Fld5437_TYPE = 0x08 AND T4._Fld5437_RTRef = 0x000000A6 THEN T6._IDRRef WHEN T4._Fld5437_TYPE = 0x08 AND T4._Fld5437_RTRef = 0x000000E9 THEN T7._IDRRef WHEN T4._Fld5437_TYPE = 0x08 AND T4._Fld5437_RTRef = 0x00000132 THEN T8._IDRRef WHEN T4._Fld5437_TYPE = 0x08 AND T4._Fld5437_RTRef = 0x000038D8 THEN T9._IDRRef WHEN T4._Fld5437_TYPE = 0x08 AND T4._Fld5437_RTRef = 0x000000A8 THEN T10._IDRRef WHEN T4._Fld5437_TYPE = 0x08 AND T4._Fld5437_RTRef = 0x000000FF THEN T11._IDRRef WHEN T4._Fld5437_TYPE = 0x08 AND T4._Fld5437_RTRef = 0x000000EF THEN T12._IDRRef WHEN T4._Fld5437_TYPE = 0x08 AND T4._Fld5437_RTRef = 0x0000327B THEN T13._IDRRef ELSE CAST(NULL AS BINARY(16)) END)
WHERE CASE WHEN T4._Fld5437_TYPE = 0x08 AND T4._Fld5437_RTRef = 0x000000B3 THEN CASE WHEN T5._IDRRef IS NOT NULL THEN 0x000000B3 END WHEN T4._Fld5437_TYPE = 0x08 AND T4._Fld5437_RTRef = 0x000000A6 THEN CASE WHEN T6._IDRRef IS NOT NULL THEN 0x000000A6 END WHEN T4._Fld5437_TYPE = 0x08 AND T4._Fld5437_RTRef = 0x000000E9 THEN CASE WHEN T7._IDRRef IS NOT NULL THEN 0x000000E9 END WHEN T4._Fld5437_TYPE = 0x08 AND T4._Fld5437_RTRef = 0x00000132 THEN CASE WHEN T8._IDRRef IS NOT NULL THEN 0x00000132 END WHEN T4._Fld5437_TYPE = 0x08 AND T4._Fld5437_RTRef = 0x000038D8 THEN CASE WHEN T9._IDRRef IS NOT NULL THEN 0x000038D8 END WHEN T4._Fld5437_TYPE = 0x08 AND T4._Fld5437_RTRef = 0x000000A8 THEN CASE WHEN T10._IDRRef IS NOT NULL THEN 0x000000A8 END WHEN T4._Fld5437_TYPE = 0x08 AND T4._Fld5437_RTRef = 0x000000FF THEN CASE WHEN T11._IDRRef IS NOT NULL THEN 0x000000FF END WHEN T4._Fld5437_TYPE = 0x08 AND T4._Fld5437_RTRef = 0x000000EF THEN CASE WHEN T12._IDRRef IS NOT NULL THEN 0x000000EF END WHEN T4._Fld5437_TYPE = 0x08 AND T4._Fld5437_RTRef = 0x0000327B THEN CASE WHEN T13._IDRRef IS NOT NULL THEN 0x0000327B END ELSE CAST(NULL AS BINARY(4)) END = 0x000000FF AND CASE WHEN T4._Fld5437_TYPE = 0x08 AND T4._Fld5437_RTRef = 0x000000B3 THEN T5._IDRRef WHEN T4._Fld5437_TYPE = 0x08 AND T4._Fld5437_RTRef = 0x000000A6 THEN T6._IDRRef WHEN T4._Fld5437_TYPE = 0x08 AND T4._Fld5437_RTRef = 0x000000E9 THEN T7._IDRRef WHEN T4._Fld5437_TYPE = 0x08 AND T4._Fld5437_RTRef = 0x00000132 THEN T8._IDRRef WHEN T4._Fld5437_TYPE = 0x08 AND T4._Fld5437_RTRef = 0x000038D8 THEN T9._IDRRef WHEN T4._Fld5437_TYPE = 0x08 AND T4._Fld5437_RTRef = 0x000000A8 THEN T10._IDRRef WHEN T4._Fld5437_TYPE = 0x08 AND T4._Fld5437_RTRef = 0x000000FF THEN T11._IDRRef WHEN T4._Fld5437_TYPE = 0x08 AND T4._Fld5437_RTRef = 0x000000EF THEN T12._IDRRef WHEN T4._Fld5437_TYPE = 0x08 AND T4._Fld5437_RTRef = 0x0000327B THEN T13._IDRRef ELSE CAST(NULL AS BINARY(16)) END IN
(SELECT
T14._Q_000_F_001RRef AS Q_002_F_000RRef
FROM #tt20 T14 WITH(NOLOCK)) AND T4._Posted = 0x01
GROUP BY T4._IDRRef,
T2._Q_000_F_001RRef) T1
LEFT OUTER JOIN dbo._Document239 T15 WITH(NOLOCK)
ON T1.Q_001_F_000RRef = T15._IDRRef
WHERE (T15._Date_Time <= ?)
p_0: 40230407135633
',Rows=0,RowsAffected=0
58:51.904011-0,Context,2,process=rphost,p:processName=astoffice,OSThread=8456,t:clientID=83,t:applicationName=1CV8,t:computerName=AST12TSDSHRC,t:connectID=2694,SessionID=5966,Usr=Ващенко Евгений,Context='
Документ.ПоступлениеДопРасходов.МодульОбъекта : 3446 : РезультатВыполнения 		= Запрос.ВыполнитьПакет();'
