00:10.004026-1890986,DBMSSQL,4,process=rphost,p:processName=astoffice,OSThread=2816,t:clientID=25,t:applicationName=1CV8,t:computerName=ast12manit7n,t:connectID=3073,SessionID=5028,Usr=Рахимов Назымбек,AppID=1CV8,DBMS=DBMSSQL,DataBase=ASTSQLOFFICE2\AstOffice,Trans=0,dbpid=84,Sql="SELECT
T1.Q_001_F_000_TYPE,
T1.Q_001_F_000_RTRef,
T1.Q_001_F_000_RRRef,
CASE WHEN (T1.Q_001_F_000_TYPE = 0x08 AND T1.Q_001_F_000_RTRef = 0x00000054) THEN CASE WHEN CASE WHEN T1.Q_001_F_000_TYPE = 0x08 AND T1.Q_001_F_000_RTRef = 0x00000054 THEN T1.Q_001_F_000_RRRef END IS NOT NULL THEN 0x00000054 END WHEN (T1.Q_001_F_000_TYPE = 0x08 AND T1.Q_001_F_000_RTRef = 0x0000005B) THEN CASE WHEN CASE WHEN T1.Q_001_F_000_TYPE = 0x08 AND T1.Q_001_F_000_RTRef = 0x0000005B THEN T1.Q_001_F_000_RRRef END IS NOT NULL THEN 0x0000005B END END,
CASE WHEN (T1.Q_001_F_000_TYPE = 0x08 AND T1.Q_001_F_000_RTRef = 0x00000054) THEN CASE WHEN T1.Q_001_F_000_TYPE = 0x08 THEN T1.Q_001_F_000_RRRef WHEN T1.Q_001_F_000_TYPE IN (0x08) THEN 0x00000000000000000000000000000000 END WHEN (T1.Q_001_F_000_TYPE = 0x08 AND T1.Q_001_F_000_RTRef = 0x0000005B) THEN CASE WHEN T1.Q_001_F_000_TYPE = 0x08 THEN T1.Q_001_F_000_RRRef WHEN T1.Q_001_F_000_TYPE IN (0x08) THEN 0x00000000000000000000000000000000 END END,
CASE WHEN (T1.Q_001_F_000_TYPE = 0x08 AND T1.Q_001_F_000_RTRef = 0x00000054) THEN T14._Description WHEN (T1.Q_001_F_000_TYPE = 0x08 AND T1.Q_001_F_000_RTRef = 0x0000005B) THEN T15._Description END,
CASE WHEN (T1.Q_001_F_000_TYPE = 0x08 AND T1.Q_001_F_000_RTRef = 0x00000054) THEN 0.0 WHEN (T1.Q_001_F_000_TYPE = 0x08 AND T1.Q_001_F_000_RTRef = 0x0000005B) THEN 1.0 END,
T1.Q_001_F_007_,
T1.Q_001_F_002_,
T1.Q_001_F_006_,
T1.Q_001_F_010_,
T1.Q_001_F_014_,
CASE WHEN T1.Q_001_F_000_TYPE = 0x08 AND T1.Q_001_F_000_RTRef = 0x00000054 THEN CASE WHEN T14._Folder IS NOT NULL THEN 0x02 END WHEN T1.Q_001_F_000_TYPE = 0x08 AND T1.Q_001_F_000_RTRef = 0x0000005B THEN CASE WHEN T15._Folder IS NOT NULL THEN 0x02 END ELSE T1.Q_001_F_000_TYPE END,
CASE WHEN T1.Q_001_F_000_TYPE = 0x08 AND T1.Q_001_F_000_RTRef = 0x00000054 THEN T14._Folder WHEN T1.Q_001_F_000_TYPE = 0x08 AND T1.Q_001_F_000_RTRef = 0x0000005B THEN T15._Folder ELSE 0x00 END,
CASE WHEN T1.Q_001_F_000_TYPE = 0x08 AND T1.Q_001_F_000_RTRef = 0x00000054 THEN CASE WHEN T14._Folder IS NOT NULL THEN 0x00000000 END WHEN T1.Q_001_F_000_TYPE = 0x08 AND T1.Q_001_F_000_RTRef = 0x0000005B THEN CASE WHEN T15._Folder IS NOT NULL THEN 0x00000000 END ELSE T1.Q_001_F_000_RTRef END,
CASE WHEN T1.Q_001_F_000_TYPE = 0x08 AND T1.Q_001_F_000_RTRef = 0x00000054 THEN CASE WHEN T14._Folder IS NOT NULL THEN 0x00000000000000000000000000000000 END WHEN T1.Q_001_F_000_TYPE = 0x08 AND T1.Q_001_F_000_RTRef = 0x0000005B THEN CASE WHEN T15._Folder IS NOT NULL THEN 0x00000000000000000000000000000000 END ELSE T1.Q_001_F_000_RRRef END,
CASE WHEN T1.Q_001_F_000_TYPE = 0x08 AND T1.Q_001_F_000_RTRef = 0x00000054 THEN CASE WHEN T14._Description IS NOT NULL THEN 0x05 END WHEN T1.Q_001_F_000_TYPE = 0x08 AND T1.Q_001_F_000_RTRef = 0x0000005B THEN CASE WHEN T15._Description IS NOT NULL THEN 0x05 END ELSE T1.Q_001_F_000_TYPE END,
CASE WHEN T1.Q_001_F_000_TYPE = 0x08 AND T1.Q_001_F_000_RTRef = 0x00000054 THEN T14._Description WHEN T1.Q_001_F_000_TYPE = 0x08 AND T1.Q_001_F_000_RTRef = 0x0000005B THEN T15._Description ELSE N'' END,
CASE WHEN T1.Q_001_F_000_TYPE = 0x08 AND T1.Q_001_F_000_RTRef = 0x00000054 THEN CASE WHEN T14._Description IS NOT NULL THEN 0x00000000 END WHEN T1.Q_001_F_000_TYPE = 0x08 AND T1.Q_001_F_000_RTRef = 0x0000005B THEN CASE WHEN T15._Description IS NOT NULL THEN 0x00000000 END ELSE T1.Q_001_F_000_RTRef END,
CASE WHEN T1.Q_001_F_000_TYPE = 0x08 AND T1.Q_001_F_000_RTRef = 0x00000054 THEN CASE WHEN T14._Description IS NOT NULL THEN 0x00000000000000000000000000000000 END WHEN T1.Q_001_F_000_TYPE = 0x08 AND T1.Q_001_F_000_RTRef = 0x0000005B THEN CASE WHEN T15._Description IS NOT NULL THEN 0x00000000000000000000000000000000 END ELSE T1.Q_001_F_000_RRRef END,
CASE WHEN T1.Q_001_F_000_TYPE = 0x08 AND T1.Q_001_F_000_RTRef = 0x00000054 THEN CASE WHEN T14._IDRRef IS NOT NULL THEN 0x08 END WHEN T1.Q_001_F_000_TYPE = 0x08 AND T1.Q_001_F_000_RTRef = 0x0000005B THEN CASE WHEN T15._IDRRef IS NOT NULL THEN 0x08 END ELSE T1.Q_001_F_000_TYPE END,
CASE WHEN T1.Q_001_F_000_TYPE = 0x08 AND T1.Q_001_F_000_RTRef = 0x00000054 THEN CASE WHEN T14._IDRRef IS NOT NULL THEN 0x00000054 END WHEN T1.Q_001_F_000_TYPE = 0x08 AND T1.Q_001_F_000_RTRef = 0x0000005B THEN CASE WHEN T15._IDRRef IS NOT NULL THEN 0x0000005B END ELSE T1.Q_001_F_000_RTRef END,
CASE WHEN T1.Q_001_F_000_TYPE = 0x08 AND T1.Q_001_F_000_RTRef = 0x00000054 THEN T14._IDRRef WHEN T1.Q_001_F_000_TYPE = 0x08 AND T1.Q_001_F_000_RTRef = 0x0000005B THEN T15._IDRRef ELSE T1.Q_001_F_000_RRRef END,
CASE WHEN T1.Q_001_F_000_TYPE = 0x08 AND T1.Q_001_F_000_RTRef = 0x00000054 THEN CASE WHEN T14._ParentIDRRef IS NOT NULL THEN 0x00000054 END WHEN T1.Q_001_F_000_TYPE = 0x08 AND T1.Q_001_F_000_RTRef = 0x0000005B THEN CASE WHEN T15._ParentIDRRef IS NOT NULL THEN 0x0000005B END ELSE CAST(NULL AS BINARY(4)) END,
CASE WHEN T1.Q_001_F_000_TYPE = 0x08 AND T1.Q_001_F_000_RTRef = 0x00000054 THEN T14._ParentIDRRef WHEN T1.Q_001_F_000_TYPE = 0x08 AND T1.Q_001_F_000_RTRef = 0x0000005B THEN T15._ParentIDRRef ELSE CAST(NULL AS BINARY(16)) END
FROM (SELECT
T2.Q_001_F_004_TYPE AS Q_001_F_000_TYPE,
T2.Q_001_F_004_RTRef AS Q_001_F_000_RTRef,
T2.Q_001_F_004_RRRef AS Q_001_F_000_RRRef,
CAST(SUM(T2.Q_001_F_010_) AS NUMERIC(27, 3)) AS Q_001_F_001_,
CAST(SUM(T2.Q_001_F_011_) AS NUMERIC(38, 8)) AS Q_001_F_002_,
CAST(SUM(T2.Q_001_F_012_) AS NUMERIC(37, 6)) AS Q_001_F_003_,
CAST(SUM(T2.Q_001_F_013_) AS NUMERIC(28, 2)) AS Q_001_F_004_,
CAST(SUM(T2.Q_001_F_014_) AS NUMERIC(27, 2)) AS Q_001_F_005_,
CAST(SUM(T2.Q_001_F_015_) AS NUMERIC(27, 2)) AS Q_001_F_006_,
CAST(SUM(T2.Q_001_F_018_) AS NUMERIC(27, 2)) AS Q_001_F_007_,
CAST(SUM(T2.Q_001_F_017_) AS NUMERIC(27, 2)) AS Q_001_F_008_,
CAST(SUM(T2.Q_001_F_016_) AS NUMERIC(28, 2)) AS Q_001_F_009_,
(CAST(SUM(T2.Q_001_F_015_) AS NUMERIC(27, 2)) - CAST(SUM(T2.Q_001_F_018_) AS NUMERIC(27, 2))) AS Q_001_F_010_,
(CAST(SUM(T2.Q_001_F_013_) AS NUMERIC(28, 2)) - CAST(SUM(T2.Q_001_F_016_) AS NUMERIC(28, 2))) AS Q_001_F_011_,
(100.0 * CAST(CASE WHEN (CAST(SUM(T2.Q_001_F_018_) AS NUMERIC(27, 2)) <> 0.0) THEN (CAST(((CAST(SUM(T2.Q_001_F_015_) AS NUMERIC(27, 2)) - CAST(SUM(T2.Q_001_F_018_) AS NUMERIC(27, 2)))) AS NUMERIC(34, 8)) / CAST(SUM(T2.Q_001_F_018_) AS NUMERIC(27, 2))) ELSE 0.0 END AS NUMERIC(34, 8))) AS Q_001_F_012_,
(100.0 * CAST(CASE WHEN (CAST(SUM(T2.Q_001_F_016_) AS NUMERIC(28, 2)) <> 0.0) THEN (CAST(((CAST(SUM(T2.Q_001_F_013_) AS NUMERIC(28, 2)) - CAST(SUM(T2.Q_001_F_016_) AS NUMERIC(28, 2)))) AS NUMERIC(35, 8)) / CAST(SUM(T2.Q_001_F_016_) AS NUMERIC(28, 2))) ELSE 0.0 END AS NUMERIC(34, 8))) AS Q_001_F_013_,
(100.0 * CAST(CASE WHEN (CAST(SUM(T2.Q_001_F_015_) AS NUMERIC(27, 2)) <> 0.0) THEN (CAST(((CAST(SUM(T2.Q_001_F_015_) AS NUMERIC(27, 2)) - CAST(SUM(T2.Q_001_F_018_) AS NUMERIC(27, 2)))) AS NUMERIC(34, 8)) / CAST(SUM(T2.Q_001_F_015_) AS NUMERIC(27, 2))) ELSE 0.0 END AS NUMERIC(34, 8))) AS Q_001_F_014_,
(100.0 * CAST(CASE WHEN (CAST(SUM(T2.Q_001_F_013_) AS NUMERIC(28, 2)) <> 0.0) THEN (CAST(((CAST(SUM(T2.Q_001_F_013_) AS NUMERIC(28, 2)) - CAST(SUM(T2.Q_001_F_016_) AS NUMERIC(28, 2)))) AS NUMERIC(35, 8)) / CAST(SUM(T2.Q_001_F_013_) AS NUMERIC(28, 2))) ELSE 0.0 END AS NUMERIC(34, 8))) AS Q_001_F_015_
FROM (SELECT
T3.Fld11890_TYPE AS Q_001_F_000_TYPE,
T3.Fld11890_RTRef AS Q_001_F_000_RTRef,
T3.Fld11890_RRRef AS Q_001_F_000_RRRef,
T3.Fld11891RRef AS Q_001_F_001RRef,
T3.Fld11892RRef AS Q_001_F_002RRef,
T3.Fld11888RRef AS Q_001_F_003RRef,
T3.Fld11885_TYPE AS Q_001_F_004_TYPE,
T3.Fld11885_RTRef AS Q_001_F_004_RTRef,
T3.Fld11885_RRRef AS Q_001_F_004_RRRef,
T3.Fld11886RRef AS Q_001_F_005RRef,
T3.Fld11887_TYPE AS Q_001_F_006_TYPE,
T3.Fld11887_RTRef AS Q_001_F_006_RTRef,
T3.Fld11887_RRRef AS Q_001_F_006_RRRef,
T3.Fld11893RRef AS Q_001_F_007RRef,
T3.RecorderTRef AS Q_001_F_008TRef,
T3.RecorderRRef AS Q_001_F_008RRef,
T3.Period_ AS Q_001_F_009_,
T3.Fld11895Turnover_ AS Q_001_F_010_,
((T3.Fld11895Turnover_ * ISNULL(CAST(CASE WHEN T3.Fld11885_TYPE = 0x08 AND T3.Fld11885_RTRef = 0x00000054 THEN T12._Fld952 ELSE CAST(NULL AS NUMERIC(10, 3)) END AS NUMERIC(10, 3)),?)) / ISNULL(CAST(CASE WHEN T3.Fld11885_TYPE = 0x08 AND T3.Fld11885_RTRef = 0x00000054 THEN T13._Fld952 ELSE CAST(NULL AS NUMERIC(10, 3)) END AS NUMERIC(10, 3)),?)) AS Q_001_F_011_,
(T3.Fld11895Turnover_ * ISNULL(CAST(CASE WHEN T3.Fld11885_TYPE = 0x08 AND T3.Fld11885_RTRef = 0x00000054 THEN T12._Fld952 ELSE CAST(NULL AS NUMERIC(10, 3)) END AS NUMERIC(10, 3)),?)) AS Q_001_F_012_,
(T3.Fld11897Turnover_ - T3.Fld11896Turnover_) AS Q_001_F_013_,
T3.Fld11896Turnover_ AS Q_001_F_014_,
T3.Fld11897Turnover_ AS Q_001_F_015_,
(ISNULL(CAST(T7.Q_001_F_004_ AS NUMERIC(21, 2)),?) - ISNULL(CAST(T7.Q_001_F_005_ AS NUMERIC(21, 2)),?)) AS Q_001_F_016_,
ISNULL(CAST(T7.Q_001_F_005_ AS NUMERIC(21, 2)),?) AS Q_001_F_017_,
ISNULL(CAST(T7.Q_001_F_004_ AS NUMERIC(21, 2)),?) AS Q_001_F_018_
FROM (SELECT
T4._Period AS Period_,
T4._RecorderTRef AS RecorderTRef,
T4._RecorderRRef AS RecorderRRef,
T4._Fld11885_TYPE AS Fld11885_TYPE,
T4._Fld11885_RTRef AS Fld11885_RTRef,
T4._Fld11885_RRRef AS Fld11885_RRRef,
T4._Fld11886RRef AS Fld11886RRef,
T4._Fld11887_TYPE AS Fld11887_TYPE,
T4._Fld11887_RTRef AS Fld11887_RTRef,
T4._Fld11887_RRRef AS Fld11887_RRRef,
T4._Fld11890_TYPE AS Fld11890_TYPE,
T4._Fld11890_RTRef AS Fld11890_RTRef,
T4._Fld11890_RRRef AS Fld11890_RRRef,
T4._Fld11891RRef AS Fld11891RRef,
T4._Fld11892RRef AS Fld11892RRef,
T4._Fld11888RRef AS Fld11888RRef,
T4._Fld11893RRef AS Fld11893RRef,
CAST(SUM(T4._Fld11897) AS NUMERIC(21, 2)) AS Fld11897Turnover_,
CAST(SUM(T4._Fld11896) AS NUMERIC(21, 2)) AS Fld11896Turnover_,
CAST(SUM(T4._Fld11895) AS NUMERIC(21, 3)) AS Fld11895Turnover_
FROM dbo._AccumRg11884 T4 WITH(NOLOCK)
LEFT OUTER JOIN dbo._Reference84 T5 WITH(NOLOCK)
ON T4._Fld11885_TYPE = 0x08 AND T4._Fld11885_RTRef = 0x00000054 AND T4._Fld11885_RRRef = T5._IDRRef
LEFT OUTER JOIN dbo._Reference85 T6 WITH(NOLOCK)
ON T5._Fld1301RRef = T6._IDRRef
WHERE T4._Period >= ? AND T4._Period <= ? AND T4._Active = 0x01 AND ((CASE WHEN T4._Fld11885_TYPE = 0x08 AND T4._Fld11885_RTRef = 0x00000054 THEN T5._Fld1301RRef ELSE CAST(NULL AS BINARY(16)) END IN (?, ?, ?, ?, ?, ?, ?, ?, ?, ?, ?, ?, ?, ?, ?, ?, ?, ?, ?, ?, ?, ?, ?, ?)) AND (CASE WHEN T4._Fld11885_TYPE = 0x08 AND T4._Fld11885_RTRef = 0x00000054 THEN T6._Fld13198RRef ELSE CAST(NULL AS BINARY(16)) END = ?))
GROUP BY T4._Period,
T4._RecorderTRef,
T4._RecorderRRef,
T4._Fld11885_TYPE,
T4._Fld11885_RTRef,
T4._Fld11885_RRRef,
T4._Fld11886RRef,
T4._Fld11887_TYPE,
T4._Fld11887_RTRef,
T4._Fld11887_RRRef,
T4._Fld11890_TYPE,
T4._Fld11890_RTRef,
T4._Fld11890_RRRef,
T4._Fld11891RRef,
T4._Fld11892RRef,
T4._Fld11888RRef,
T4._Fld11893RRef
HAVING (CAST(SUM(T4._Fld11897) AS NUMERIC(21, 2))) <> 0.0 OR (CAST(SUM(T4._Fld11896) AS NUMERIC(21, 2))) <> 0.0 OR (CAST(SUM(T4._Fld11895) AS NUMERIC(21, 3))) <> 0.0) T3
LEFT OUTER JOIN (SELECT
T8._Fld11915RRef AS Q_001_F_000RRef,
T8._Fld11916RRef AS Q_001_F_001RRef,
T8._Fld11917_TYPE AS Q_001_F_002_TYPE,
T8._Fld11917_RTRef AS Q_001_F_002_RTRef,
T8._Fld11917_RRRef AS Q_001_F_002_RRRef,
CASE WHEN (T8._Fld11925_TYPE <> 0x01) THEN T8._Fld11925_TYPE ELSE 0x08 END AS Q_001_F_003_TYPE,
CASE WHEN (T8._Fld11925_TYPE <> 0x01) THEN T8._Fld11925_RTRef ELSE T8._RecorderTRef END AS Q_001_F_003_RTRef,
CASE WHEN (T8._Fld11925_TYPE <> 0x01) THEN T8._Fld11925_RRRef ELSE T8._RecorderRRef END AS Q_001_F_003_RRRef,
CAST(SUM(T8._Fld11922) AS NUMERIC(21, 2)) AS Q_001_F_004_,
CAST(SUM(T8._Fld11923) AS NUMERIC(21, 2)) AS Q_001_F_005_
FROM dbo._AccumRg11914 T8 WITH(NOLOCK)
LEFT OUTER JOIN dbo._Reference84 T9 WITH(NOLOCK)
ON T8._Fld11915RRef = T9._IDRRef
LEFT OUTER JOIN dbo._Reference85 T10 WITH(NOLOCK)
ON T9._Fld1301RRef = T10._IDRRef
WHERE (T8._Period >= ?) AND (T8._Period <= ?) AND (T10._Fld13198RRef = ?)
GROUP BY T8._Fld11915RRef,
T8._Fld11916RRef,
T8._Fld11917_TYPE,
T8._Fld11917_RTRef,
T8._Fld11917_RRRef,
CASE WHEN (T8._Fld11925_TYPE <> 0x01) THEN T8._Fld11925_TYPE ELSE 0x08 END,
CASE WHEN (T8._Fld11925_TYPE <> 0x01) THEN T8._Fld11925_RTRef ELSE T8._RecorderTRef END,
CASE WHEN (T8._Fld11925_TYPE <> 0x01) THEN T8._Fld11925_RRRef ELSE T8._RecorderRRef END) T7
ON (0x08 = T3.Fld11885_TYPE AND 0x00000054 = T3.Fld11885_RTRef AND T7.Q_001_F_000RRef = T3.Fld11885_RRRef) AND (T7.Q_001_F_001RRef = T3.Fld11886RRef) AND (T7.Q_001_F_002_TYPE = T3.Fld11887_TYPE AND T7.Q_001_F_002_RTRef = T3.Fld11887_RTRef AND T7.Q_001_F_002_RRRef = T3.Fld11887_RRRef) AND (T7.Q_001_F_003_TYPE = 0x08 AND T7.Q_001_F_003_RTRef = T3.RecorderTRef AND T7.Q_001_F_003_RRRef = T3.RecorderRRef)
LEFT OUTER JOIN dbo._Reference84 T11 WITH(NOLOCK)
ON T3.Fld11885_TYPE = 0x08 AND T3.Fld11885_RTRef = 0x00000054 AND T3.Fld11885_RRRef = T11._IDRRef
LEFT OUTER JOIN dbo._Reference58 T12 WITH(NOLOCK)
ON T11._Fld1299RRef = T12._IDRRef
LEFT OUTER JOIN dbo._Reference58 T13 WITH(NOLOCK)
ON T11._Fld1297RRef = T13._IDRRef) T2
GROUP BY T2.Q_001_F_004_TYPE,
T2.Q_001_F_004_RTRef,
T2.Q_001_F_004_RRRef
HAVING (CAST(SUM(T2.Q_001_F_010_) AS NUMERIC(27, 3)) <> 0.0) OR (CAST(SUM(T2.Q_001_F_015_) AS NUMERIC(27, 2)) <> 0.0) OR (CAST(SUM(T2.Q_001_F_018_) AS NUMERIC(27, 2)) <> 0.0)) T1
LEFT OUTER JOIN dbo._Reference84 T14 WITH(NOLOCK)
ON T1.Q_001_F_000_TYPE = 0x08 AND T1.Q_001_F_000_RTRef = 0x00000054 AND T1.Q_001_F_000_RRRef = T14._IDRRef
LEFT OUTER JOIN dbo._Reference91 T15 WITH(NOLOCK)
ON T1.Q_001_F_000_TYPE = 0x08 AND T1.Q_001_F_000_RTRef = 0x0000005B AND T1.Q_001_F_000_RRRef = T15._IDRRef
ORDER BY (T1.Q_001_F_006_) DESC, (CASE WHEN T1.Q_001_F_000_TYPE = 0x08 AND T1.Q_001_F_000_RTRef = 0x00000054 THEN CASE WHEN T14._Folder IS NOT NULL THEN 0x02 END WHEN T1.Q_001_F_000_TYPE = 0x08 AND T1.Q_001_F_000_RTRef = 0x0000005B THEN CASE WHEN T15._Folder IS NOT NULL THEN 0x02 END ELSE T1.Q_001_F_000_TYPE END), (CASE WHEN T1.Q_001_F_000_TYPE = 0x08 AND T1.Q_001_F_000_RTRef = 0x00000054 THEN T14._Folder WHEN T1.Q_001_F_000_TYPE = 0x08 AND T1.Q_001_F_000_RTRef = 0x0000005B THEN T15._Folder ELSE 0x00 END), (CASE WHEN T1.Q_001_F_000_TYPE = 0x08 AND T1.Q_001_F_000_RTRef = 0x00000054 THEN CASE WHEN T14._Folder IS NOT NULL THEN 0x00000000 END WHEN T1.Q_001_F_000_TYPE = 0x08 AND T1.Q_001_F_000_RTRef = 0x0000005B THEN CASE WHEN T15._Folder IS NOT NULL THEN 0x00000000 END ELSE T1.Q_001_F_000_RTRef END), (CASE WHEN T1.Q_001_F_000_TYPE = 0x08 AND T1.Q_001_F_000_RTRef = 0x00000054 THEN CASE WHEN T14._Folder IS NOT NULL THEN 0x00000000000000000000000000000000 END WHEN T1.Q_001_F_000_TYPE = 0x08 AND T1.Q_001_F_000_RTRef = 0x0000005B THEN CASE WHEN T15._Folder IS NOT NULL THEN 0x00000000000000000000000000000000 END ELSE T1.Q_001_F_000_RRRef END), (CASE WHEN T1.Q_001_F_000_TYPE = 0x08 AND T1.Q_001_F_000_RTRef = 0x00000054 THEN CASE WHEN T14._Description IS NOT NULL THEN 0x05 END WHEN T1.Q_001_F_000_TYPE = 0x08 AND T1.Q_001_F_000_RTRef = 0x0000005B THEN CASE WHEN T15._Description IS NOT NULL THEN 0x05 END ELSE T1.Q_001_F_000_TYPE END), (CASE WHEN T1.Q_001_F_000_TYPE = 0x08 AND T1.Q_001_F_000_RTRef = 0x00000054 THEN T14._Description WHEN T1.Q_001_F_000_TYPE = 0x08 AND T1.Q_001_F_000_RTRef = 0x0000005B THEN T15._Description ELSE N'' END), (CASE WHEN T1.Q_001_F_000_TYPE = 0x08 AND T1.Q_001_F_000_RTRef = 0x00000054 THEN CASE WHEN T14._Description IS NOT NULL THEN 0x00000000 END WHEN T1.Q_001_F_000_TYPE = 0x08 AND T1.Q_001_F_000_RTRef = 0x0000005B THEN CASE WHEN T15._Description IS NOT NULL THEN 0x00000000 END ELSE T1.Q_001_F_000_RTRef END), (CASE WHEN T1.Q_001_F_000_TYPE = 0x08 AND T1.Q_001_F_000_RTRef = 0x00000054 THEN CASE WHEN T14._Description IS NOT NULL THEN 0x00000000000000000000000000000000 END WHEN T1.Q_001_F_000_TYPE = 0x08 AND T1.Q_001_F_000_RTRef = 0x0000005B THEN CASE WHEN T15._Description IS NOT NULL THEN 0x00000000000000000000000000000000 END ELSE T1.Q_001_F_000_RRRef END), (CASE WHEN T1.Q_001_F_000_TYPE = 0x08 AND T1.Q_001_F_000_RTRef = 0x00000054 THEN CASE WHEN T14._IDRRef IS NOT NULL THEN 0x08 END WHEN T1.Q_001_F_000_TYPE = 0x08 AND T1.Q_001_F_000_RTRef = 0x0000005B THEN CASE WHEN T15._IDRRef IS NOT NULL THEN 0x08 END ELSE T1.Q_001_F_000_TYPE END), (CASE WHEN T1.Q_001_F_000_TYPE = 0x08 AND T1.Q_001_F_000_RTRef = 0x00000054 THEN CASE WHEN T14._IDRRef IS NOT NULL THEN 0x00000054 END WHEN T1.Q_001_F_000_TYPE = 0x08 AND T1.Q_001_F_000_RTRef = 0x0000005B THEN CASE WHEN T15._IDRRef IS NOT NULL THEN 0x0000005B END ELSE T1.Q_001_F_000_RTRef END), (CASE WHEN T1.Q_001_F_000_TYPE = 0x08 AND T1.Q_001_F_000_RTRef = 0x00000054 THEN T14._IDRRef WHEN T1.Q_001_F_000_TYPE = 0x08 AND T1.Q_001_F_000_RTRef = 0x0000005B THEN T15._IDRRef ELSE T1.Q_001_F_000_RRRef END)
p_0: 1N
p_1: 1N
p_2: 1N
p_3: 0N
p_4: 0N
p_5: 0N
p_6: 0N
p_7: 40230407000000
p_8: 40230407235959
p_9: 0x996590E6BAD53EC511DF826DB2076AE2
p_10: 0x94BA2C768A5D355111E5D5EBB3105762
p_11: 0xAD2D2C768A5D355111E67BBCD2F493D7
p_12: 0xA217005056B6DBD711E8A21450778ECB
p_13: 0x85E390E6BAD53EC511DFEA44A0978191
p_14: 0x85E390E6BAD53EC511DFEA4676C74049
p_15: 0x85E390E6BAD53EC511DFEA4676C74058
p_16: 0x8E270022649B083E11E014D319AECDFF
p_17: 0x97110022649B083E11E01D3F1F970150
p_18: 0x97110022649B083E11E01D3F1F970152
p_19: 0x8C3A0022649B083E11E0327500E5FDD2
p_20: 0x9EF868B599C9809D11E067E5D44278A3
p_21: 0xA47468B599C9809D11E11EF1D4E507EB
p_22: 0xA0FA68B599C9809D11E159189A0B4BB6
p_23: 0xB37668B599C9809D11E16E5CF1B5781A
p_24: 0x89F92C768A5D355311E4CEF6C190D86A
p_25: 0x9FFE2C768A5D355311E48C12B89DDEB0
p_26: 0x89F92C768A5D355311E4CC53E834B477
p_27: 0xA0E32C768A5D355111E623B967A80EDC
p_28: 0xA21C005056B6DBD711E90F3ED016A5FC
p_29: 0xA239005056B6DBD711EB56516E45317A
p_30: 0xA23F005056B6DBD711EBCCCD9A27332F
p_31: 0xA23A005056B6DBD711EB8E0981A5EDDB
p_32: 0x89F92C768A5D355311E4CEF6C190D851
p_33: 0x80CB1866DAF0891511E7E958C7886B42
p_34: 40230407000000
p_35: 40230407235959
p_36: 0x80CB1866DAF0891511E7E958C7886B42
",Rows=93,RowsAffected=-1
00:10.019009-0,Context,2,process=rphost,p:processName=astoffice,OSThread=2816,t:clientID=25,t:applicationName=1CV8,t:computerName=ast12manit7n,t:connectID=3073,SessionID=5028,Usr=Рахимов Назымбек,AppID=1CV8,Context='
Отчет.ВаловаяПрибыль.Форма.Форма.Форма : 55 : ОбновитьОтчет();
	Отчет.ВаловаяПрибыль.Форма.Форма.Форма : 8 : СформироватьОтчет(ЭлементыФормы.ПолеТабличногоДокументаРезультат);
		Отчет.ВаловаяПрибыль.МодульОбъекта : 985 : УниверсальныйОтчет.СформироватьОтчет(ТабличныйДокумент);
			Отчет.УниверсальныйОтчет.МодульОбъекта : 86 : ПостроительОтчета.Вывести(ТабличныйДокумент);'
00:36.754007-1874994,DBMSSQL,4,process=rphost,p:processName=astoffice,OSThread=4288,t:clientID=25,t:applicationName=1CV8,t:computerName=ast12manit7n,t:connectID=3073,SessionID=5028,Usr=Рахимов Назымбек,AppID=1CV8,DBMS=DBMSSQL,DataBase=ASTSQLOFFICE2\AstOffice,Trans=0,dbpid=81,Sql="SELECT
T1.Q_001_F_000_TYPE,
T1.Q_001_F_000_RTRef,
T1.Q_001_F_000_RRRef,
CASE WHEN (T1.Q_001_F_000_TYPE = 0x08 AND T1.Q_001_F_000_RTRef = 0x00000054) THEN CASE WHEN CASE WHEN T1.Q_001_F_000_TYPE = 0x08 AND T1.Q_001_F_000_RTRef = 0x00000054 THEN T1.Q_001_F_000_RRRef END IS NOT NULL THEN 0x00000054 END WHEN (T1.Q_001_F_000_TYPE = 0x08 AND T1.Q_001_F_000_RTRef = 0x0000005B) THEN CASE WHEN CASE WHEN T1.Q_001_F_000_TYPE = 0x08 AND T1.Q_001_F_000_RTRef = 0x0000005B THEN T1.Q_001_F_000_RRRef END IS NOT NULL THEN 0x0000005B END END,
CASE WHEN (T1.Q_001_F_000_TYPE = 0x08 AND T1.Q_001_F_000_RTRef = 0x00000054) THEN CASE WHEN T1.Q_001_F_000_TYPE = 0x08 THEN T1.Q_001_F_000_RRRef WHEN T1.Q_001_F_000_TYPE IN (0x08) THEN 0x00000000000000000000000000000000 END WHEN (T1.Q_001_F_000_TYPE = 0x08 AND T1.Q_001_F_000_RTRef = 0x0000005B) THEN CASE WHEN T1.Q_001_F_000_TYPE = 0x08 THEN T1.Q_001_F_000_RRRef WHEN T1.Q_001_F_000_TYPE IN (0x08) THEN 0x00000000000000000000000000000000 END END,
CASE WHEN (T1.Q_001_F_000_TYPE = 0x08 AND T1.Q_001_F_000_RTRef = 0x00000054) THEN T14._Description WHEN (T1.Q_001_F_000_TYPE = 0x08 AND T1.Q_001_F_000_RTRef = 0x0000005B) THEN T15._Description END,
CASE WHEN (T1.Q_001_F_000_TYPE = 0x08 AND T1.Q_001_F_000_RTRef = 0x00000054) THEN 0.0 WHEN (T1.Q_001_F_000_TYPE = 0x08 AND T1.Q_001_F_000_RTRef = 0x0000005B) THEN 1.0 END,
T1.Q_001_F_007_,
T1.Q_001_F_002_,
T1.Q_001_F_006_,
T1.Q_001_F_010_,
T1.Q_001_F_014_,
CASE WHEN T1.Q_001_F_000_TYPE = 0x08 AND T1.Q_001_F_000_RTRef = 0x00000054 THEN CASE WHEN T14._Folder IS NOT NULL THEN 0x02 END WHEN T1.Q_001_F_000_TYPE = 0x08 AND T1.Q_001_F_000_RTRef = 0x0000005B THEN CASE WHEN T15._Folder IS NOT NULL THEN 0x02 END ELSE T1.Q_001_F_000_TYPE END,
CASE WHEN T1.Q_001_F_000_TYPE = 0x08 AND T1.Q_001_F_000_RTRef = 0x00000054 THEN T14._Folder WHEN T1.Q_001_F_000_TYPE = 0x08 AND T1.Q_001_F_000_RTRef = 0x0000005B THEN T15._Folder ELSE 0x00 END,
CASE WHEN T1.Q_001_F_000_TYPE = 0x08 AND T1.Q_001_F_000_RTRef = 0x00000054 THEN CASE WHEN T14._Folder IS NOT NULL THEN 0x00000000 END WHEN T1.Q_001_F_000_TYPE = 0x08 AND T1.Q_001_F_000_RTRef = 0x0000005B THEN CASE WHEN T15._Folder IS NOT NULL THEN 0x00000000 END ELSE T1.Q_001_F_000_RTRef END,
CASE WHEN T1.Q_001_F_000_TYPE = 0x08 AND T1.Q_001_F_000_RTRef = 0x00000054 THEN CASE WHEN T14._Folder IS NOT NULL THEN 0x00000000000000000000000000000000 END WHEN T1.Q_001_F_000_TYPE = 0x08 AND T1.Q_001_F_000_RTRef = 0x0000005B THEN CASE WHEN T15._Folder IS NOT NULL THEN 0x00000000000000000000000000000000 END ELSE T1.Q_001_F_000_RRRef END,
CASE WHEN T1.Q_001_F_000_TYPE = 0x08 AND T1.Q_001_F_000_RTRef = 0x00000054 THEN CASE WHEN T14._Description IS NOT NULL THEN 0x05 END WHEN T1.Q_001_F_000_TYPE = 0x08 AND T1.Q_001_F_000_RTRef = 0x0000005B THEN CASE WHEN T15._Description IS NOT NULL THEN 0x05 END ELSE T1.Q_001_F_000_TYPE END,
CASE WHEN T1.Q_001_F_000_TYPE = 0x08 AND T1.Q_001_F_000_RTRef = 0x00000054 THEN T14._Description WHEN T1.Q_001_F_000_TYPE = 0x08 AND T1.Q_001_F_000_RTRef = 0x0000005B THEN T15._Description ELSE N'' END,
CASE WHEN T1.Q_001_F_000_TYPE = 0x08 AND T1.Q_001_F_000_RTRef = 0x00000054 THEN CASE WHEN T14._Description IS NOT NULL THEN 0x00000000 END WHEN T1.Q_001_F_000_TYPE = 0x08 AND T1.Q_001_F_000_RTRef = 0x0000005B THEN CASE WHEN T15._Description IS NOT NULL THEN 0x00000000 END ELSE T1.Q_001_F_000_RTRef END,
CASE WHEN T1.Q_001_F_000_TYPE = 0x08 AND T1.Q_001_F_000_RTRef = 0x00000054 THEN CASE WHEN T14._Description IS NOT NULL THEN 0x00000000000000000000000000000000 END WHEN T1.Q_001_F_000_TYPE = 0x08 AND T1.Q_001_F_000_RTRef = 0x0000005B THEN CASE WHEN T15._Description IS NOT NULL THEN 0x00000000000000000000000000000000 END ELSE T1.Q_001_F_000_RRRef END,
CASE WHEN T1.Q_001_F_000_TYPE = 0x08 AND T1.Q_001_F_000_RTRef = 0x00000054 THEN CASE WHEN T14._IDRRef IS NOT NULL THEN 0x08 END WHEN T1.Q_001_F_000_TYPE = 0x08 AND T1.Q_001_F_000_RTRef = 0x0000005B THEN CASE WHEN T15._IDRRef IS NOT NULL THEN 0x08 END ELSE T1.Q_001_F_000_TYPE END,
CASE WHEN T1.Q_001_F_000_TYPE = 0x08 AND T1.Q_001_F_000_RTRef = 0x00000054 THEN CASE WHEN T14._IDRRef IS NOT NULL THEN 0x00000054 END WHEN T1.Q_001_F_000_TYPE = 0x08 AND T1.Q_001_F_000_RTRef = 0x0000005B THEN CASE WHEN T15._IDRRef IS NOT NULL THEN 0x0000005B END ELSE T1.Q_001_F_000_RTRef END,
CASE WHEN T1.Q_001_F_000_TYPE = 0x08 AND T1.Q_001_F_000_RTRef = 0x00000054 THEN T14._IDRRef WHEN T1.Q_001_F_000_TYPE = 0x08 AND T1.Q_001_F_000_RTRef = 0x0000005B THEN T15._IDRRef ELSE T1.Q_001_F_000_RRRef END,
CASE WHEN T1.Q_001_F_000_TYPE = 0x08 AND T1.Q_001_F_000_RTRef = 0x00000054 THEN CASE WHEN T14._ParentIDRRef IS NOT NULL THEN 0x00000054 END WHEN T1.Q_001_F_000_TYPE = 0x08 AND T1.Q_001_F_000_RTRef = 0x0000005B THEN CASE WHEN T15._ParentIDRRef IS NOT NULL THEN 0x0000005B END ELSE CAST(NULL AS BINARY(4)) END,
CASE WHEN T1.Q_001_F_000_TYPE = 0x08 AND T1.Q_001_F_000_RTRef = 0x00000054 THEN T14._ParentIDRRef WHEN T1.Q_001_F_000_TYPE = 0x08 AND T1.Q_001_F_000_RTRef = 0x0000005B THEN T15._ParentIDRRef ELSE CAST(NULL AS BINARY(16)) END
FROM (SELECT
T2.Q_001_F_004_TYPE AS Q_001_F_000_TYPE,
T2.Q_001_F_004_RTRef AS Q_001_F_000_RTRef,
T2.Q_001_F_004_RRRef AS Q_001_F_000_RRRef,
CAST(SUM(T2.Q_001_F_010_) AS NUMERIC(27, 3)) AS Q_001_F_001_,
CAST(SUM(T2.Q_001_F_011_) AS NUMERIC(38, 8)) AS Q_001_F_002_,
CAST(SUM(T2.Q_001_F_012_) AS NUMERIC(37, 6)) AS Q_001_F_003_,
CAST(SUM(T2.Q_001_F_013_) AS NUMERIC(28, 2)) AS Q_001_F_004_,
CAST(SUM(T2.Q_001_F_014_) AS NUMERIC(27, 2)) AS Q_001_F_005_,
CAST(SUM(T2.Q_001_F_015_) AS NUMERIC(27, 2)) AS Q_001_F_006_,
CAST(SUM(T2.Q_001_F_018_) AS NUMERIC(27, 2)) AS Q_001_F_007_,
CAST(SUM(T2.Q_001_F_017_) AS NUMERIC(27, 2)) AS Q_001_F_008_,
CAST(SUM(T2.Q_001_F_016_) AS NUMERIC(28, 2)) AS Q_001_F_009_,
(CAST(SUM(T2.Q_001_F_015_) AS NUMERIC(27, 2)) - CAST(SUM(T2.Q_001_F_018_) AS NUMERIC(27, 2))) AS Q_001_F_010_,
(CAST(SUM(T2.Q_001_F_013_) AS NUMERIC(28, 2)) - CAST(SUM(T2.Q_001_F_016_) AS NUMERIC(28, 2))) AS Q_001_F_011_,
(100.0 * CAST(CASE WHEN (CAST(SUM(T2.Q_001_F_018_) AS NUMERIC(27, 2)) <> 0.0) THEN (CAST(((CAST(SUM(T2.Q_001_F_015_) AS NUMERIC(27, 2)) - CAST(SUM(T2.Q_001_F_018_) AS NUMERIC(27, 2)))) AS NUMERIC(34, 8)) / CAST(SUM(T2.Q_001_F_018_) AS NUMERIC(27, 2))) ELSE 0.0 END AS NUMERIC(34, 8))) AS Q_001_F_012_,
(100.0 * CAST(CASE WHEN (CAST(SUM(T2.Q_001_F_016_) AS NUMERIC(28, 2)) <> 0.0) THEN (CAST(((CAST(SUM(T2.Q_001_F_013_) AS NUMERIC(28, 2)) - CAST(SUM(T2.Q_001_F_016_) AS NUMERIC(28, 2)))) AS NUMERIC(35, 8)) / CAST(SUM(T2.Q_001_F_016_) AS NUMERIC(28, 2))) ELSE 0.0 END AS NUMERIC(34, 8))) AS Q_001_F_013_,
(100.0 * CAST(CASE WHEN (CAST(SUM(T2.Q_001_F_015_) AS NUMERIC(27, 2)) <> 0.0) THEN (CAST(((CAST(SUM(T2.Q_001_F_015_) AS NUMERIC(27, 2)) - CAST(SUM(T2.Q_001_F_018_) AS NUMERIC(27, 2)))) AS NUMERIC(34, 8)) / CAST(SUM(T2.Q_001_F_015_) AS NUMERIC(27, 2))) ELSE 0.0 END AS NUMERIC(34, 8))) AS Q_001_F_014_,
(100.0 * CAST(CASE WHEN (CAST(SUM(T2.Q_001_F_013_) AS NUMERIC(28, 2)) <> 0.0) THEN (CAST(((CAST(SUM(T2.Q_001_F_013_) AS NUMERIC(28, 2)) - CAST(SUM(T2.Q_001_F_016_) AS NUMERIC(28, 2)))) AS NUMERIC(35, 8)) / CAST(SUM(T2.Q_001_F_013_) AS NUMERIC(28, 2))) ELSE 0.0 END AS NUMERIC(34, 8))) AS Q_001_F_015_
FROM (SELECT
T3.Fld11890_TYPE AS Q_001_F_000_TYPE,
T3.Fld11890_RTRef AS Q_001_F_000_RTRef,
T3.Fld11890_RRRef AS Q_001_F_000_RRRef,
T3.Fld11891RRef AS Q_001_F_001RRef,
T3.Fld11892RRef AS Q_001_F_002RRef,
T3.Fld11888RRef AS Q_001_F_003RRef,
T3.Fld11885_TYPE AS Q_001_F_004_TYPE,
T3.Fld11885_RTRef AS Q_001_F_004_RTRef,
T3.Fld11885_RRRef AS Q_001_F_004_RRRef,
T3.Fld11886RRef AS Q_001_F_005RRef,
T3.Fld11887_TYPE AS Q_001_F_006_TYPE,
T3.Fld11887_RTRef AS Q_001_F_006_RTRef,
T3.Fld11887_RRRef AS Q_001_F_006_RRRef,
T3.Fld11893RRef AS Q_001_F_007RRef,
T3.RecorderTRef AS Q_001_F_008TRef,
T3.RecorderRRef AS Q_001_F_008RRef,
T3.Period_ AS Q_001_F_009_,
T3.Fld11895Turnover_ AS Q_001_F_010_,
((T3.Fld11895Turnover_ * ISNULL(CAST(CASE WHEN T3.Fld11885_TYPE = 0x08 AND T3.Fld11885_RTRef = 0x00000054 THEN T12._Fld952 ELSE CAST(NULL AS NUMERIC(10, 3)) END AS NUMERIC(10, 3)),?)) / ISNULL(CAST(CASE WHEN T3.Fld11885_TYPE = 0x08 AND T3.Fld11885_RTRef = 0x00000054 THEN T13._Fld952 ELSE CAST(NULL AS NUMERIC(10, 3)) END AS NUMERIC(10, 3)),?)) AS Q_001_F_011_,
(T3.Fld11895Turnover_ * ISNULL(CAST(CASE WHEN T3.Fld11885_TYPE = 0x08 AND T3.Fld11885_RTRef = 0x00000054 THEN T12._Fld952 ELSE CAST(NULL AS NUMERIC(10, 3)) END AS NUMERIC(10, 3)),?)) AS Q_001_F_012_,
(T3.Fld11897Turnover_ - T3.Fld11896Turnover_) AS Q_001_F_013_,
T3.Fld11896Turnover_ AS Q_001_F_014_,
T3.Fld11897Turnover_ AS Q_001_F_015_,
(ISNULL(CAST(T7.Q_001_F_004_ AS NUMERIC(21, 2)),?) - ISNULL(CAST(T7.Q_001_F_005_ AS NUMERIC(21, 2)),?)) AS Q_001_F_016_,
ISNULL(CAST(T7.Q_001_F_005_ AS NUMERIC(21, 2)),?) AS Q_001_F_017_,
ISNULL(CAST(T7.Q_001_F_004_ AS NUMERIC(21, 2)),?) AS Q_001_F_018_
FROM (SELECT
T4._Period AS Period_,
T4._RecorderTRef AS RecorderTRef,
T4._RecorderRRef AS RecorderRRef,
T4._Fld11885_TYPE AS Fld11885_TYPE,
T4._Fld11885_RTRef AS Fld11885_RTRef,
T4._Fld11885_RRRef AS Fld11885_RRRef,
T4._Fld11886RRef AS Fld11886RRef,
T4._Fld11887_TYPE AS Fld11887_TYPE,
T4._Fld11887_RTRef AS Fld11887_RTRef,
T4._Fld11887_RRRef AS Fld11887_RRRef,
T4._Fld11890_TYPE AS Fld11890_TYPE,
T4._Fld11890_RTRef AS Fld11890_RTRef,
T4._Fld11890_RRRef AS Fld11890_RRRef,
T4._Fld11891RRef AS Fld11891RRef,
T4._Fld11892RRef AS Fld11892RRef,
T4._Fld11888RRef AS Fld11888RRef,
T4._Fld11893RRef AS Fld11893RRef,
CAST(SUM(T4._Fld11897) AS NUMERIC(21, 2)) AS Fld11897Turnover_,
CAST(SUM(T4._Fld11896) AS NUMERIC(21, 2)) AS Fld11896Turnover_,
CAST(SUM(T4._Fld11895) AS NUMERIC(21, 3)) AS Fld11895Turnover_
FROM dbo._AccumRg11884 T4 WITH(NOLOCK)
LEFT OUTER JOIN dbo._Reference84 T5 WITH(NOLOCK)
ON T4._Fld11885_TYPE = 0x08 AND T4._Fld11885_RTRef = 0x00000054 AND T4._Fld11885_RRRef = T5._IDRRef
LEFT OUTER JOIN dbo._Reference85 T6 WITH(NOLOCK)
ON T5._Fld1301RRef = T6._IDRRef
WHERE T4._Period >= ? AND T4._Period <= ? AND T4._Active = 0x01 AND ((CASE WHEN T4._Fld11885_TYPE = 0x08 AND T4._Fld11885_RTRef = 0x00000054 THEN T5._Fld1301RRef ELSE CAST(NULL AS BINARY(16)) END IN (?, ?, ?, ?, ?, ?, ?, ?, ?, ?, ?, ?, ?, ?, ?, ?, ?, ?, ?, ?, ?, ?, ?, ?)) AND (CASE WHEN T4._Fld11885_TYPE = 0x08 AND T4._Fld11885_RTRef = 0x00000054 THEN T6._Fld13198RRef ELSE CAST(NULL AS BINARY(16)) END = ?))
GROUP BY T4._Period,
T4._RecorderTRef,
T4._RecorderRRef,
T4._Fld11885_TYPE,
T4._Fld11885_RTRef,
T4._Fld11885_RRRef,
T4._Fld11886RRef,
T4._Fld11887_TYPE,
T4._Fld11887_RTRef,
T4._Fld11887_RRRef,
T4._Fld11890_TYPE,
T4._Fld11890_RTRef,
T4._Fld11890_RRRef,
T4._Fld11891RRef,
T4._Fld11892RRef,
T4._Fld11888RRef,
T4._Fld11893RRef
HAVING (CAST(SUM(T4._Fld11897) AS NUMERIC(21, 2))) <> 0.0 OR (CAST(SUM(T4._Fld11896) AS NUMERIC(21, 2))) <> 0.0 OR (CAST(SUM(T4._Fld11895) AS NUMERIC(21, 3))) <> 0.0) T3
LEFT OUTER JOIN (SELECT
T8._Fld11915RRef AS Q_001_F_000RRef,
T8._Fld11916RRef AS Q_001_F_001RRef,
T8._Fld11917_TYPE AS Q_001_F_002_TYPE,
T8._Fld11917_RTRef AS Q_001_F_002_RTRef,
T8._Fld11917_RRRef AS Q_001_F_002_RRRef,
CASE WHEN (T8._Fld11925_TYPE <> 0x01) THEN T8._Fld11925_TYPE ELSE 0x08 END AS Q_001_F_003_TYPE,
CASE WHEN (T8._Fld11925_TYPE <> 0x01) THEN T8._Fld11925_RTRef ELSE T8._RecorderTRef END AS Q_001_F_003_RTRef,
CASE WHEN (T8._Fld11925_TYPE <> 0x01) THEN T8._Fld11925_RRRef ELSE T8._RecorderRRef END AS Q_001_F_003_RRRef,
CAST(SUM(T8._Fld11922) AS NUMERIC(21, 2)) AS Q_001_F_004_,
CAST(SUM(T8._Fld11923) AS NUMERIC(21, 2)) AS Q_001_F_005_
FROM dbo._AccumRg11914 T8 WITH(NOLOCK)
LEFT OUTER JOIN dbo._Reference84 T9 WITH(NOLOCK)
ON T8._Fld11915RRef = T9._IDRRef
LEFT OUTER JOIN dbo._Reference85 T10 WITH(NOLOCK)
ON T9._Fld1301RRef = T10._IDRRef
WHERE (T8._Period >= ?) AND (T8._Period <= ?) AND (T10._Fld13198RRef = ?)
GROUP BY T8._Fld11915RRef,
T8._Fld11916RRef,
T8._Fld11917_TYPE,
T8._Fld11917_RTRef,
T8._Fld11917_RRRef,
CASE WHEN (T8._Fld11925_TYPE <> 0x01) THEN T8._Fld11925_TYPE ELSE 0x08 END,
CASE WHEN (T8._Fld11925_TYPE <> 0x01) THEN T8._Fld11925_RTRef ELSE T8._RecorderTRef END,
CASE WHEN (T8._Fld11925_TYPE <> 0x01) THEN T8._Fld11925_RRRef ELSE T8._RecorderRRef END) T7
ON (0x08 = T3.Fld11885_TYPE AND 0x00000054 = T3.Fld11885_RTRef AND T7.Q_001_F_000RRef = T3.Fld11885_RRRef) AND (T7.Q_001_F_001RRef = T3.Fld11886RRef) AND (T7.Q_001_F_002_TYPE = T3.Fld11887_TYPE AND T7.Q_001_F_002_RTRef = T3.Fld11887_RTRef AND T7.Q_001_F_002_RRRef = T3.Fld11887_RRRef) AND (T7.Q_001_F_003_TYPE = 0x08 AND T7.Q_001_F_003_RTRef = T3.RecorderTRef AND T7.Q_001_F_003_RRRef = T3.RecorderRRef)
LEFT OUTER JOIN dbo._Reference84 T11 WITH(NOLOCK)
ON T3.Fld11885_TYPE = 0x08 AND T3.Fld11885_RTRef = 0x00000054 AND T3.Fld11885_RRRef = T11._IDRRef
LEFT OUTER JOIN dbo._Reference58 T12 WITH(NOLOCK)
ON T11._Fld1299RRef = T12._IDRRef
LEFT OUTER JOIN dbo._Reference58 T13 WITH(NOLOCK)
ON T11._Fld1297RRef = T13._IDRRef) T2
GROUP BY T2.Q_001_F_004_TYPE,
T2.Q_001_F_004_RTRef,
T2.Q_001_F_004_RRRef
HAVING (CAST(SUM(T2.Q_001_F_010_) AS NUMERIC(27, 3)) <> 0.0) OR (CAST(SUM(T2.Q_001_F_015_) AS NUMERIC(27, 2)) <> 0.0) OR (CAST(SUM(T2.Q_001_F_018_) AS NUMERIC(27, 2)) <> 0.0)) T1
LEFT OUTER JOIN dbo._Reference84 T14 WITH(NOLOCK)
ON T1.Q_001_F_000_TYPE = 0x08 AND T1.Q_001_F_000_RTRef = 0x00000054 AND T1.Q_001_F_000_RRRef = T14._IDRRef
LEFT OUTER JOIN dbo._Reference91 T15 WITH(NOLOCK)
ON T1.Q_001_F_000_TYPE = 0x08 AND T1.Q_001_F_000_RTRef = 0x0000005B AND T1.Q_001_F_000_RRRef = T15._IDRRef
ORDER BY (T1.Q_001_F_006_) DESC, (CASE WHEN T1.Q_001_F_000_TYPE = 0x08 AND T1.Q_001_F_000_RTRef = 0x00000054 THEN CASE WHEN T14._Folder IS NOT NULL THEN 0x02 END WHEN T1.Q_001_F_000_TYPE = 0x08 AND T1.Q_001_F_000_RTRef = 0x0000005B THEN CASE WHEN T15._Folder IS NOT NULL THEN 0x02 END ELSE T1.Q_001_F_000_TYPE END), (CASE WHEN T1.Q_001_F_000_TYPE = 0x08 AND T1.Q_001_F_000_RTRef = 0x00000054 THEN T14._Folder WHEN T1.Q_001_F_000_TYPE = 0x08 AND T1.Q_001_F_000_RTRef = 0x0000005B THEN T15._Folder ELSE 0x00 END), (CASE WHEN T1.Q_001_F_000_TYPE = 0x08 AND T1.Q_001_F_000_RTRef = 0x00000054 THEN CASE WHEN T14._Folder IS NOT NULL THEN 0x00000000 END WHEN T1.Q_001_F_000_TYPE = 0x08 AND T1.Q_001_F_000_RTRef = 0x0000005B THEN CASE WHEN T15._Folder IS NOT NULL THEN 0x00000000 END ELSE T1.Q_001_F_000_RTRef END), (CASE WHEN T1.Q_001_F_000_TYPE = 0x08 AND T1.Q_001_F_000_RTRef = 0x00000054 THEN CASE WHEN T14._Folder IS NOT NULL THEN 0x00000000000000000000000000000000 END WHEN T1.Q_001_F_000_TYPE = 0x08 AND T1.Q_001_F_000_RTRef = 0x0000005B THEN CASE WHEN T15._Folder IS NOT NULL THEN 0x00000000000000000000000000000000 END ELSE T1.Q_001_F_000_RRRef END), (CASE WHEN T1.Q_001_F_000_TYPE = 0x08 AND T1.Q_001_F_000_RTRef = 0x00000054 THEN CASE WHEN T14._Description IS NOT NULL THEN 0x05 END WHEN T1.Q_001_F_000_TYPE = 0x08 AND T1.Q_001_F_000_RTRef = 0x0000005B THEN CASE WHEN T15._Description IS NOT NULL THEN 0x05 END ELSE T1.Q_001_F_000_TYPE END), (CASE WHEN T1.Q_001_F_000_TYPE = 0x08 AND T1.Q_001_F_000_RTRef = 0x00000054 THEN T14._Description WHEN T1.Q_001_F_000_TYPE = 0x08 AND T1.Q_001_F_000_RTRef = 0x0000005B THEN T15._Description ELSE N'' END), (CASE WHEN T1.Q_001_F_000_TYPE = 0x08 AND T1.Q_001_F_000_RTRef = 0x00000054 THEN CASE WHEN T14._Description IS NOT NULL THEN 0x00000000 END WHEN T1.Q_001_F_000_TYPE = 0x08 AND T1.Q_001_F_000_RTRef = 0x0000005B THEN CASE WHEN T15._Description IS NOT NULL THEN 0x00000000 END ELSE T1.Q_001_F_000_RTRef END), (CASE WHEN T1.Q_001_F_000_TYPE = 0x08 AND T1.Q_001_F_000_RTRef = 0x00000054 THEN CASE WHEN T14._Description IS NOT NULL THEN 0x00000000000000000000000000000000 END WHEN T1.Q_001_F_000_TYPE = 0x08 AND T1.Q_001_F_000_RTRef = 0x0000005B THEN CASE WHEN T15._Description IS NOT NULL THEN 0x00000000000000000000000000000000 END ELSE T1.Q_001_F_000_RRRef END), (CASE WHEN T1.Q_001_F_000_TYPE = 0x08 AND T1.Q_001_F_000_RTRef = 0x00000054 THEN CASE WHEN T14._IDRRef IS NOT NULL THEN 0x08 END WHEN T1.Q_001_F_000_TYPE = 0x08 AND T1.Q_001_F_000_RTRef = 0x0000005B THEN CASE WHEN T15._IDRRef IS NOT NULL THEN 0x08 END ELSE T1.Q_001_F_000_TYPE END), (CASE WHEN T1.Q_001_F_000_TYPE = 0x08 AND T1.Q_001_F_000_RTRef = 0x00000054 THEN CASE WHEN T14._IDRRef IS NOT NULL THEN 0x00000054 END WHEN T1.Q_001_F_000_TYPE = 0x08 AND T1.Q_001_F_000_RTRef = 0x0000005B THEN CASE WHEN T15._IDRRef IS NOT NULL THEN 0x0000005B END ELSE T1.Q_001_F_000_RTRef END), (CASE WHEN T1.Q_001_F_000_TYPE = 0x08 AND T1.Q_001_F_000_RTRef = 0x00000054 THEN T14._IDRRef WHEN T1.Q_001_F_000_TYPE = 0x08 AND T1.Q_001_F_000_RTRef = 0x0000005B THEN T15._IDRRef ELSE T1.Q_001_F_000_RRRef END)
p_0: 1N
p_1: 1N
p_2: 1N
p_3: 0N
p_4: 0N
p_5: 0N
p_6: 0N
p_7: 40230407000000
p_8: 40230407235959
p_9: 0x996590E6BAD53EC511DF826DB2076AE2
p_10: 0x94BA2C768A5D355111E5D5EBB3105762
p_11: 0xAD2D2C768A5D355111E67BBCD2F493D7
p_12: 0xA217005056B6DBD711E8A21450778ECB
p_13: 0x85E390E6BAD53EC511DFEA44A0978191
p_14: 0x85E390E6BAD53EC511DFEA4676C74049
p_15: 0x85E390E6BAD53EC511DFEA4676C74058
p_16: 0x8E270022649B083E11E014D319AECDFF
p_17: 0x97110022649B083E11E01D3F1F970150
p_18: 0x97110022649B083E11E01D3F1F970152
p_19: 0x8C3A0022649B083E11E0327500E5FDD2
p_20: 0x9EF868B599C9809D11E067E5D44278A3
p_21: 0xA47468B599C9809D11E11EF1D4E507EB
p_22: 0xA0FA68B599C9809D11E159189A0B4BB6
p_23: 0xB37668B599C9809D11E16E5CF1B5781A
p_24: 0x89F92C768A5D355311E4CEF6C190D86A
p_25: 0x9FFE2C768A5D355311E48C12B89DDEB0
p_26: 0x89F92C768A5D355311E4CC53E834B477
p_27: 0xA0E32C768A5D355111E623B967A80EDC
p_28: 0xA21C005056B6DBD711E90F3ED016A5FC
p_29: 0xA239005056B6DBD711EB56516E45317A
p_30: 0xA23F005056B6DBD711EBCCCD9A27332F
p_31: 0xA23A005056B6DBD711EB8E0981A5EDDB
p_32: 0x89F92C768A5D355311E4CEF6C190D851
p_33: 0x80CB1866DAF0891511E7E958C7886B42
p_34: 40230407000000
p_35: 40230407235959
p_36: 0x80CB1866DAF0891511E7E958C7886B42
",Rows=93,RowsAffected=-1
00:36.769004-0,Context,2,process=rphost,p:processName=astoffice,OSThread=4288,t:clientID=25,t:applicationName=1CV8,t:computerName=ast12manit7n,t:connectID=3073,SessionID=5028,Usr=Рахимов Назымбек,AppID=1CV8,Context='
Отчет.ВаловаяПрибыль.Форма.Форма.Форма : 55 : ОбновитьОтчет();
	Отчет.ВаловаяПрибыль.Форма.Форма.Форма : 8 : СформироватьОтчет(ЭлементыФормы.ПолеТабличногоДокументаРезультат);
		Отчет.ВаловаяПрибыль.МодульОбъекта : 985 : УниверсальныйОтчет.СформироватьОтчет(ТабличныйДокумент);
			Отчет.УниверсальныйОтчет.МодульОбъекта : 86 : ПостроительОтчета.Вывести(ТабличныйДокумент);'
00:45.816015-1921992,DBMSSQL,4,process=rphost,p:processName=astoffice,OSThread=4288,t:clientID=187,t:applicationName=1CV8,t:computerName=RDS3,t:connectID=3283,SessionID=7818,Usr=Есимова Арайлым,DBMS=DBMSSQL,DataBase=ASTSQLOFFICE2\AstOffice,Trans=0,dbpid=105,Sql="SELECT
0x0000009D,
T1._IDRRef,
T2._Date_Time,
0x08,
?,
0x0000009D,
T1._IDRRef,
T1._Number,
T1._Date_Time,
CAST(NULL AS BINARY(16)),
CAST(NULL AS BINARY(1)),
CAST(NULL AS BINARY(1)),
CAST(? AS NUMERIC(2, 0)),
CAST(NULL AS BINARY(1)),
CAST(NULL AS BINARY(1)),
CAST(NULL AS NUMERIC(38,8)),
CAST(NULL AS DATETIME),
CAST(NULL AS NVARCHAR),
CAST(NULL AS VARBINARY),
CAST(NULL AS BINARY(4)),
CAST(NULL AS BINARY(16)),
T1._Fld2154,
T1._Fld2133RRef,
T1._Posted,
T1._Marked,
?
FROM dbo._Document157 T1 WITH(NOLOCK)
LEFT OUTER JOIN dbo._Document157 T2 WITH(NOLOCK)
ON T1._IDRRef = T2._IDRRef
WHERE (T1._Fld2137_TYPE = 0x08 AND T1._Fld2137_RTRef = 0x000000B3 AND T1._Fld2137_RRRef = ?)
UNION ALL SELECT
0x000000A6,
T3._IDRRef,
T4._Date_Time,
0x08,
?,
0x000000A6,
T3._IDRRef,
T3._Number,
T3._Date_Time,
CAST(NULL AS BINARY(16)),
CAST(NULL AS BINARY(1)),
CAST(NULL AS BINARY(1)),
CAST(? AS NUMERIC(2, 0)),
CAST(NULL AS BINARY(1)),
CAST(NULL AS BINARY(1)),
CAST(NULL AS NUMERIC(38,8)),
CAST(NULL AS DATETIME),
CAST(NULL AS NVARCHAR),
CAST(NULL AS VARBINARY),
CAST(NULL AS BINARY(4)),
CAST(NULL AS BINARY(16)),
CAST(NULL AS NUMERIC(15, 2)),
CAST(NULL AS BINARY(16)),
T3._Posted,
T3._Marked,
?
FROM dbo._Document166 T3 WITH(NOLOCK)
LEFT OUTER JOIN dbo._Document166 T4 WITH(NOLOCK)
ON T3._IDRRef = T4._IDRRef
WHERE (T3._Fld2555_TYPE = 0x08 AND T3._Fld2555_RTRef = 0x000000B3 AND T3._Fld2555_RRRef = ?)
UNION ALL SELECT
0x000000A8,
T5._IDRRef,
T6._Date_Time,
0x08,
?,
0x000000A8,
T5._IDRRef,
T5._Number,
T5._Date_Time,
CAST(NULL AS BINARY(16)),
CAST(NULL AS BINARY(1)),
CAST(NULL AS BINARY(1)),
CAST(? AS NUMERIC(2, 0)),
CAST(NULL AS BINARY(1)),
CAST(NULL AS BINARY(1)),
CAST(NULL AS NUMERIC(38,8)),
CAST(NULL AS DATETIME),
CAST(NULL AS NVARCHAR),
CAST(NULL AS VARBINARY),
CAST(NULL AS BINARY(4)),
CAST(NULL AS BINARY(16)),
T5._Fld2623,
T5._Fld2599RRef,
T5._Posted,
T5._Marked,
?
FROM dbo._Document168 T5 WITH(NOLOCK)
LEFT OUTER JOIN dbo._Document168 T6 WITH(NOLOCK)
ON T5._IDRRef = T6._IDRRef
WHERE (T5._Fld2606_TYPE = 0x08 AND T5._Fld2606_RTRef = 0x000000B3 AND T5._Fld2606_RRRef = ?)
UNION ALL SELECT
0x000000B3,
T7._IDRRef,
T8._Date_Time,
0x05,
T7._Fld15927,
0x00000000,
0x00000000000000000000000000000000,
T7._Number,
T7._Date_Time,
T7._Fld15919RRef,
T7._Posted,
T7._Marked,
CAST(? AS NUMERIC(2, 0)),
CAST(NULL AS BINARY(1)),
CAST(NULL AS BINARY(1)),
CAST(NULL AS NUMERIC(38,8)),
CAST(NULL AS DATETIME),
CAST(NULL AS NVARCHAR),
CAST(NULL AS VARBINARY),
CAST(NULL AS BINARY(4)),
CAST(NULL AS BINARY(16)),
T7._Fld3269,
T7._Fld3242RRef,
T7._Posted,
T7._Marked,
?
FROM dbo._Document179 T7 WITH(NOLOCK)
LEFT OUTER JOIN dbo._Document179 T8 WITH(NOLOCK)
ON T7._IDRRef = T8._IDRRef
WHERE (T7._Fld3251_TYPE = 0x08 AND T7._Fld3251_RTRef = 0x000000B3 AND T7._Fld3251_RRRef = ?)
UNION ALL SELECT
0x000000B4,
T9._IDRRef,
T10._Date_Time,
0x08,
?,
0x000000B4,
T9._IDRRef,
T9._Number,
T9._Date_Time,
CAST(NULL AS BINARY(16)),
CAST(NULL AS BINARY(1)),
CAST(NULL AS BINARY(1)),
CAST(? AS NUMERIC(2, 0)),
CAST(NULL AS BINARY(1)),
CAST(NULL AS BINARY(1)),
CAST(NULL AS NUMERIC(38,8)),
CAST(NULL AS DATETIME),
CAST(NULL AS NVARCHAR),
CAST(NULL AS VARBINARY),
CAST(NULL AS BINARY(4)),
CAST(NULL AS BINARY(16)),
T9._Fld3363,
T9._Fld3342RRef,
T9._Posted,
T9._Marked,
?
FROM dbo._Document180 T9 WITH(NOLOCK)
LEFT OUTER JOIN dbo._Document180 T10 WITH(NOLOCK)
ON T9._IDRRef = T10._IDRRef
WHERE (T9._Fld3347_TYPE = 0x08 AND T9._Fld3347_RTRef = 0x000000B3 AND T9._Fld3347_RRRef = ?)
UNION ALL SELECT
0x000000D0,
T11._IDRRef,
T12._Date_Time,
0x08,
?,
0x000000D0,
T11._IDRRef,
T11._Number,
T11._Date_Time,
CAST(NULL AS BINARY(16)),
CAST(NULL AS BINARY(1)),
CAST(NULL AS BINARY(1)),
CAST(? AS NUMERIC(2, 0)),
CAST(NULL AS BINARY(1)),
CAST(NULL AS BINARY(1)),
CAST(NULL AS NUMERIC(38,8)),
CAST(NULL AS DATETIME),
CAST(NULL AS NVARCHAR),
CAST(NULL AS VARBINARY),
CAST(NULL AS BINARY(4)),
CAST(NULL AS BINARY(16)),
CAST(NULL AS NUMERIC(15, 2)),
CAST(NULL AS BINARY(16)),
T11._Posted,
T11._Marked,
?
FROM dbo._Document208 T11 WITH(NOLOCK)
LEFT OUTER JOIN dbo._Document208 T12 WITH(NOLOCK)
ON T11._IDRRef = T12._IDRRef
WHERE (T11._Fld4110_TYPE = 0x08 AND T11._Fld4110_RTRef = 0x000000B3 AND T11._Fld4110_RRRef = ?)
UNION ALL SELECT
0x000000D4,
T13._IDRRef,
T14._Date_Time,
0x08,
?,
0x000000D4,
T13._IDRRef,
T13._Number,
T13._Date_Time,
CAST(NULL AS BINARY(16)),
CAST(NULL AS BINARY(1)),
CAST(NULL AS BINARY(1)),
CAST(? AS NUMERIC(2, 0)),
CAST(NULL AS BINARY(1)),
CAST(NULL AS BINARY(1)),
CAST(NULL AS NUMERIC(38,8)),
CAST(NULL AS DATETIME),
CAST(NULL AS NVARCHAR),
CAST(NULL AS VARBINARY),
CAST(NULL AS BINARY(4)),
CAST(NULL AS BINARY(16)),
T13._Fld4262,
CAST(NULL AS BINARY(16)),
T13._Posted,
T13._Marked,
?
FROM dbo._Document212 T13 WITH(NOLOCK)
LEFT OUTER JOIN dbo._Document212 T14 WITH(NOLOCK)
ON T13._IDRRef = T14._IDRRef
WHERE (T13._Fld4248_TYPE = 0x08 AND T13._Fld4248_RTRef = 0x000000B3 AND T13._Fld4248_RRRef = ?)
UNION ALL SELECT
0x00003532,
T15._IDRRef,
T16._Date_Time,
0x08,
?,
0x00003532,
T15._IDRRef,
T15._Number,
T15._Date_Time,
CAST(NULL AS BINARY(16)),
CAST(NULL AS BINARY(1)),
CAST(NULL AS BINARY(1)),
CAST(? AS NUMERIC(2, 0)),
CAST(NULL AS BINARY(1)),
CAST(NULL AS BINARY(1)),
CAST(NULL AS NUMERIC(38,8)),
CAST(NULL AS DATETIME),
CAST(NULL AS NVARCHAR),
CAST(NULL AS VARBINARY),
CAST(NULL AS BINARY(4)),
CAST(NULL AS BINARY(16)),
CAST(NULL AS NUMERIC(15, 2)),
CAST(NULL AS BINARY(16)),
T15._Posted,
T15._Marked,
?
FROM dbo._Document13618 T15 WITH(NOLOCK)
LEFT OUTER JOIN dbo._Document13618 T16 WITH(NOLOCK)
ON T15._IDRRef = T16._IDRRef
WHERE (T15._Fld16131_TYPE = 0x08 AND T15._Fld16131_RTRef = 0x000000B3 AND T15._Fld16131_RRRef = ?)
UNION ALL SELECT
0x0000327A,
T17._IDRRef,
T18._Date_Time,
0x08,
?,
0x0000327A,
T17._IDRRef,
T17._Number,
T17._Date_Time,
CAST(NULL AS BINARY(16)),
CAST(NULL AS BINARY(1)),
CAST(NULL AS BINARY(1)),
CAST(? AS NUMERIC(2, 0)),
CAST(NULL AS BINARY(1)),
CAST(NULL AS BINARY(1)),
CAST(NULL AS NUMERIC(38,8)),
CAST(NULL AS DATETIME),
CAST(NULL AS NVARCHAR),
CAST(NULL AS VARBINARY),
CAST(NULL AS BINARY(4)),
CAST(NULL AS BINARY(16)),
CAST(NULL AS NUMERIC(15, 2)),
CAST(NULL AS BINARY(16)),
T17._Posted,
T17._Marked,
?
FROM dbo._Document12922 T17 WITH(NOLOCK)
LEFT OUTER JOIN dbo._Document12922 T18 WITH(NOLOCK)
ON T17._IDRRef = T18._IDRRef
WHERE (T17._Fld12930_TYPE = 0x08 AND T17._Fld12930_RTRef = 0x000000B3 AND T17._Fld12930_RRRef = ?)
UNION ALL SELECT
0x00003325,
T19._IDRRef,
T20._Date_Time,
0x08,
?,
0x00003325,
T19._IDRRef,
T19._Number,
T19._Date_Time,
CAST(NULL AS BINARY(16)),
CAST(NULL AS BINARY(1)),
CAST(NULL AS BINARY(1)),
CAST(? AS NUMERIC(2, 0)),
CAST(NULL AS BINARY(1)),
CAST(NULL AS BINARY(1)),
CAST(NULL AS NUMERIC(38,8)),
CAST(NULL AS DATETIME),
CAST(NULL AS NVARCHAR),
CAST(NULL AS VARBINARY),
CAST(NULL AS BINARY(4)),
CAST(NULL AS BINARY(16)),
T19._Fld13113,
CAST(NULL AS BINARY(16)),
T19._Posted,
T19._Marked,
?
FROM dbo._Document13093 T19 WITH(NOLOCK)
LEFT OUTER JOIN dbo._Document13093 T20 WITH(NOLOCK)
ON T19._IDRRef = T20._IDRRef
WHERE (T19._Fld13105_TYPE = 0x08 AND T19._Fld13105_RTRef = 0x000000B3 AND T19._Fld13105_RRRef = ?)
UNION ALL SELECT
0x0000327B,
T21._Document12923_IDRRef,
T22._Date_Time,
CASE WHEN T22._IDRRef IS NOT NULL THEN 0x08 END,
CASE WHEN T22._IDRRef IS NOT NULL THEN ? END,
CASE WHEN T22._IDRRef IS NOT NULL THEN 0x0000327B END,
T22._IDRRef,
T22._Number,
T22._Date_Time,
CAST(NULL AS BINARY(16)),
CAST(NULL AS BINARY(1)),
CAST(NULL AS BINARY(1)),
?,
CAST(NULL AS BINARY(1)),
CAST(NULL AS BINARY(1)),
CAST(NULL AS NUMERIC(38,8)),
CAST(NULL AS DATETIME),
CAST(NULL AS NVARCHAR),
CAST(NULL AS VARBINARY),
CAST(NULL AS BINARY(4)),
CAST(NULL AS BINARY(16)),
CAST(NULL AS NUMERIC(15, 2)),
CAST(NULL AS BINARY(16)),
T22._Posted,
T22._Marked,
?
FROM dbo._Document12923_VT12954 T21 WITH(NOLOCK)
LEFT OUTER JOIN dbo._Document12923 T22 WITH(NOLOCK)
ON T21._Document12923_IDRRef = T22._IDRRef
WHERE (T21._Fld12956_TYPE = 0x08 AND T21._Fld12956_RTRef = 0x000000B3 AND T21._Fld12956_RRRef = ?)
UNION ALL SELECT
0x00000139,
T23._IDRRef,
T24._Date_Time,
0x08,
?,
0x00000139,
T23._IDRRef,
T23._Number,
T23._Date_Time,
CAST(NULL AS BINARY(16)),
CAST(NULL AS BINARY(1)),
CAST(NULL AS BINARY(1)),
?,
CAST(NULL AS BINARY(1)),
CAST(NULL AS BINARY(1)),
CAST(NULL AS NUMERIC(38,8)),
CAST(NULL AS DATETIME),
CAST(NULL AS NVARCHAR),
CAST(NULL AS VARBINARY),
CAST(NULL AS BINARY(4)),
CAST(NULL AS BINARY(16)),
T23._Fld9080,
T23._Fld24774RRef,
T23._Posted,
T23._Marked,
?
FROM dbo._Document313 T23 WITH(NOLOCK)
LEFT OUTER JOIN dbo._Document313 T24 WITH(NOLOCK)
ON T23._IDRRef = T24._IDRRef
WHERE (T23._Fld9076_TYPE = 0x08 AND T23._Fld9076_RTRef = 0x000000B3 AND T23._Fld9076_RRRef = ?)
UNION ALL SELECT
0x00003E0C,
T25._Document15884_IDRRef,
T26._Date_Time,
CASE WHEN T26._IDRRef IS NOT NULL THEN 0x08 END,
CASE WHEN T26._IDRRef IS NOT NULL THEN ? END,
CASE WHEN T26._IDRRef IS NOT NULL THEN 0x00003E0C END,
T26._IDRRef,
T26._Number,
T26._Date_Time,
CAST(NULL AS BINARY(16)),
CAST(NULL AS BINARY(1)),
CAST(NULL AS BINARY(1)),
?,
CAST(NULL AS BINARY(1)),
CAST(NULL AS BINARY(1)),
CAST(NULL AS NUMERIC(38,8)),
CAST(NULL AS DATETIME),
CAST(NULL AS NVARCHAR),
CAST(NULL AS VARBINARY),
CAST(NULL AS BINARY(4)),
CAST(NULL AS BINARY(16)),
CAST(NULL AS NUMERIC(15, 2)),
CAST(NULL AS BINARY(16)),
T26._Posted,
T26._Marked,
?
FROM dbo._Document15884_VT15886 T25 WITH(NOLOCK)
LEFT OUTER JOIN dbo._Document15884 T26 WITH(NOLOCK)
ON T25._Document15884_IDRRef = T26._IDRRef
WHERE (T25._Fld15894_TYPE = 0x08 AND T25._Fld15894_RTRef = 0x000000B3 AND T25._Fld15894_RRRef = ?)
UNION ALL SELECT
0x00003E0C,
T27._Document15884_IDRRef,
T28._Date_Time,
CASE WHEN T28._IDRRef IS NOT NULL THEN 0x08 END,
CASE WHEN T28._IDRRef IS NOT NULL THEN ? END,
CASE WHEN T28._IDRRef IS NOT NULL THEN 0x00003E0C END,
T28._IDRRef,
T28._Number,
T28._Date_Time,
CAST(NULL AS BINARY(16)),
CAST(NULL AS BINARY(1)),
CAST(NULL AS BINARY(1)),
?,
CAST(NULL AS BINARY(1)),
CAST(NULL AS BINARY(1)),
CAST(NULL AS NUMERIC(38,8)),
CAST(NULL AS DATETIME),
CAST(NULL AS NVARCHAR),
CAST(NULL AS VARBINARY),
CAST(NULL AS BINARY(4)),
CAST(NULL AS BINARY(16)),
CAST(NULL AS NUMERIC(15, 2)),
CAST(NULL AS BINARY(16)),
T28._Posted,
T28._Marked,
?
FROM dbo._Document15884_VT15898 T27 WITH(NOLOCK)
LEFT OUTER JOIN dbo._Document15884 T28 WITH(NOLOCK)
ON T27._Document15884_IDRRef = T28._IDRRef
WHERE (T27._Fld15906_TYPE = 0x08 AND T27._Fld15906_RTRef = 0x000000B3 AND T27._Fld15906_RRRef = ?)
UNION ALL SELECT
0x000000E0,
T29._IDRRef,
T30._Date_Time,
0x08,
?,
0x000000E0,
T29._IDRRef,
T29._Number,
T29._Date_Time,
CAST(NULL AS BINARY(16)),
CAST(NULL AS BINARY(1)),
CAST(NULL AS BINARY(1)),
?,
CAST(NULL AS BINARY(1)),
CAST(NULL AS BINARY(1)),
CAST(NULL AS NUMERIC(38,8)),
CAST(NULL AS DATETIME),
CAST(NULL AS NVARCHAR),
CAST(NULL AS VARBINARY),
CAST(NULL AS BINARY(4)),
CAST(NULL AS BINARY(16)),
T29._Fld4616,
T29._Fld4600RRef,
T29._Posted,
T29._Marked,
?
FROM dbo._Document224 T29 WITH(NOLOCK)
LEFT OUTER JOIN dbo._Document224 T30 WITH(NOLOCK)
ON T29._IDRRef = T30._IDRRef
WHERE (T29._Fld4605_TYPE = 0x08 AND T29._Fld4605_RTRef = 0x000000B3 AND T29._Fld4605_RRRef = ?)
UNION ALL SELECT
0x000000E6,
T31._IDRRef,
T32._Date_Time,
0x08,
?,
0x000000E6,
T31._IDRRef,
T31._Number,
T31._Date_Time,
CAST(NULL AS BINARY(16)),
CAST(NULL AS BINARY(1)),
CAST(NULL AS BINARY(1)),
?,
CAST(NULL AS BINARY(1)),
CAST(NULL AS BINARY(1)),
CAST(NULL AS NUMERIC(38,8)),
CAST(NULL AS DATETIME),
CAST(NULL AS NVARCHAR),
CAST(NULL AS VARBINARY),
CAST(NULL AS BINARY(4)),
CAST(NULL AS BINARY(16)),
T31._Fld4835,
T31._Fld4804RRef,
T31._Posted,
T31._Marked,
?
FROM dbo._Document230 T31 WITH(NOLOCK)
LEFT OUTER JOIN dbo._Document230 T32 WITH(NOLOCK)
ON T31._IDRRef = T32._IDRRef
WHERE (T31._Fld4810_TYPE = 0x08 AND T31._Fld4810_RTRef = 0x000000B3 AND T31._Fld4810_RRRef = ?)
UNION ALL SELECT
0x000000EF,
T33._IDRRef,
T34._Date_Time,
0x08,
?,
0x000000EF,
T33._IDRRef,
T33._Number,
T33._Date_Time,
CAST(NULL AS BINARY(16)),
CAST(NULL AS BINARY(1)),
CAST(NULL AS BINARY(1)),
?,
CAST(NULL AS BINARY(1)),
CAST(NULL AS BINARY(1)),
CAST(NULL AS NUMERIC(38,8)),
CAST(NULL AS DATETIME),
CAST(NULL AS NVARCHAR),
CAST(NULL AS VARBINARY),
CAST(NULL AS BINARY(4)),
CAST(NULL AS BINARY(16)),
CAST(NULL AS NUMERIC(15, 2)),
CAST(NULL AS BINARY(16)),
T33._Posted,
T33._Marked,
?
FROM dbo._Document239 T33 WITH(NOLOCK)
LEFT OUTER JOIN dbo._Document239 T34 WITH(NOLOCK)
ON T33._IDRRef = T34._IDRRef
WHERE (T33._Fld5437_TYPE = 0x08 AND T33._Fld5437_RTRef = 0x000000B3 AND T33._Fld5437_RRRef = ?)
UNION ALL SELECT
0x000000F6,
T35._IDRRef,
T36._Date_Time,
0x08,
?,
0x000000F6,
T35._IDRRef,
T35._Number,
T35._Date_Time,
CAST(NULL AS BINARY(16)),
CAST(NULL AS BINARY(1)),
CAST(NULL AS BINARY(1)),
?,
CAST(NULL AS BINARY(1)),
CAST(NULL AS BINARY(1)),
CAST(NULL AS NUMERIC(38,8)),
CAST(NULL AS DATETIME),
CAST(NULL AS NVARCHAR),
CAST(NULL AS VARBINARY),
CAST(NULL AS BINARY(4)),
CAST(NULL AS BINARY(16)),
T35._Fld5675,
T35._Fld5658RRef,
T35._Posted,
T35._Marked,
?
FROM dbo._Document246 T35 WITH(NOLOCK)
LEFT OUTER JOIN dbo._Document246 T36 WITH(NOLOCK)
ON T35._IDRRef = T36._IDRRef
WHERE (T35._Fld5663_TYPE = 0x08 AND T35._Fld5663_RTRef = 0x000000B3 AND T35._Fld5663_RRRef = ?)
UNION ALL SELECT
0x000000F8,
T37._IDRRef,
T38._Date_Time,
0x08,
?,
0x000000F8,
T37._IDRRef,
T37._Number,
T37._Date_Time,
CAST(NULL AS BINARY(16)),
CAST(NULL AS BINARY(1)),
CAST(NULL AS BINARY(1)),
?,
CAST(NULL AS BINARY(1)),
CAST(NULL AS BINARY(1)),
CAST(NULL AS NUMERIC(38,8)),
CAST(NULL AS DATETIME),
CAST(NULL AS NVARCHAR),
CAST(NULL AS VARBINARY),
CAST(NULL AS BINARY(4)),
CAST(NULL AS BINARY(16)),
T37._Fld5759,
T37._Fld5732RRef,
T37._Posted,
T37._Marked,
?
FROM dbo._Document248 T37 WITH(NOLOCK)
LEFT OUTER JOIN dbo._Document248 T38 WITH(NOLOCK)
ON T37._IDRRef = T38._IDRRef
WHERE (T37._Fld5737_TYPE = 0x08 AND T37._Fld5737_RTRef = 0x000000B3 AND T37._Fld5737_RRRef = ?)
UNION ALL SELECT
0x000000FA,
T39._IDRRef,
T40._Date_Time,
0x08,
?,
0x000000FA,
T39._IDRRef,
T39._Number,
T39._Date_Time,
CAST(NULL AS BINARY(16)),
CAST(NULL AS BINARY(1)),
CAST(NULL AS BINARY(1)),
?,
CAST(NULL AS BINARY(1)),
CAST(NULL AS BINARY(1)),
CAST(NULL AS NUMERIC(38,8)),
CAST(NULL AS DATETIME),
CAST(NULL AS NVARCHAR),
CAST(NULL AS VARBINARY),
CAST(NULL AS BINARY(4)),
CAST(NULL AS BINARY(16)),
T39._Fld5967,
T39._Fld5936RRef,
T39._Posted,
T39._Marked,
?
FROM dbo._Document250 T39 WITH(NOLOCK)
LEFT OUTER JOIN dbo._Document250 T40 WITH(NOLOCK)
ON T39._IDRRef = T40._IDRRef
WHERE (T39._Fld5943_TYPE = 0x08 AND T39._Fld5943_RTRef = 0x000000B3 AND T39._Fld5943_RRRef = ?)
UNION ALL SELECT
0x00000104,
T41._IDRRef,
T42._Date_Time,
0x08,
?,
0x00000104,
T41._IDRRef,
T41._Number,
T41._Date_Time,
CAST(NULL AS BINARY(16)),
CAST(NULL AS BINARY(1)),
CAST(NULL AS BINARY(1)),
?,
CAST(NULL AS BINARY(1)),
CAST(NULL AS BINARY(1)),
CAST(NULL AS NUMERIC(38,8)),
CAST(NULL AS DATETIME),
CAST(NULL AS NVARCHAR),
CAST(NULL AS VARBINARY),
CAST(NULL AS BINARY(4)),
CAST(NULL AS BINARY(16)),
T41._Fld6793,
T41._Fld6758RRef,
T41._Posted,
T41._Marked,
?
FROM dbo._Document260 T41 WITH(NOLOCK)
LEFT OUTER JOIN dbo._Document260 T42 WITH(NOLOCK)
ON T41._IDRRef = T42._IDRRef
WHERE (T41._Fld6766_TYPE = 0x08 AND T41._Fld6766_RTRef = 0x000000B3 AND T41._Fld6766_RRRef = ?)
UNION ALL SELECT
0x00000107,
T43._IDRRef,
T44._Date_Time,
0x08,
?,
0x00000107,
T43._IDRRef,
T43._Number,
T43._Date_Time,
CAST(NULL AS BINARY(16)),
CAST(NULL AS BINARY(1)),
CAST(NULL AS BINARY(1)),
?,
CAST(NULL AS BINARY(1)),
CAST(NULL AS BINARY(1)),
CAST(NULL AS NUMERIC(38,8)),
CAST(NULL AS DATETIME),
CAST(NULL AS NVARCHAR),
CAST(NULL AS VARBINARY),
CAST(NULL AS BINARY(4)),
CAST(NULL AS BINARY(16)),
T43._Fld6940,
T43._Fld6906RRef,
T43._Posted,
T43._Marked,
?
FROM dbo._Document263 T43 WITH(NOLOCK)
LEFT OUTER JOIN dbo._Document263 T44 WITH(NOLOCK)
ON T43._IDRRef = T44._IDRRef
WHERE (T43._Fld6913_TYPE = 0x08 AND T43._Fld6913_RTRef = 0x000000B3 AND T43._Fld6913_RRRef = ?)
UNION ALL SELECT
0x0000010D,
T45._IDRRef,
T46._Date_Time,
0x08,
?,
0x0000010D,
T45._IDRRef,
T45._Number,
T45._Date_Time,
CAST(NULL AS BINARY(16)),
CAST(NULL AS BINARY(1)),
CAST(NULL AS BINARY(1)),
?,
CAST(NULL AS BINARY(1)),
CAST(NULL AS BINARY(1)),
CAST(NULL AS NUMERIC(38,8)),
CAST(NULL AS DATETIME),
CAST(NULL AS NVARCHAR),
CAST(NULL AS VARBINARY),
CAST(NULL AS BINARY(4)),
CAST(NULL AS BINARY(16)),
T45._Fld7219,
T45._Fld7188RRef,
T45._Posted,
T45._Marked,
?
FROM dbo._Document269 T45 WITH(NOLOCK)
LEFT OUTER JOIN dbo._Document269 T46 WITH(NOLOCK)
ON T45._IDRRef = T46._IDRRef
WHERE (T45._Fld7198_TYPE = 0x08 AND T45._Fld7198_RTRef = 0x000000B3 AND T45._Fld7198_RRRef = ?)
UNION ALL SELECT
0x00000114,
T47._IDRRef,
T48._Date_Time,
0x08,
?,
0x00000114,
T47._IDRRef,
T47._Number,
T47._Date_Time,
CAST(NULL AS BINARY(16)),
CAST(NULL AS BINARY(1)),
CAST(NULL AS BINARY(1)),
?,
CAST(NULL AS BINARY(1)),
CAST(NULL AS BINARY(1)),
CAST(NULL AS NUMERIC(38,8)),
CAST(NULL AS DATETIME),
CAST(NULL AS NVARCHAR),
CAST(NULL AS VARBINARY),
CAST(NULL AS BINARY(4)),
CAST(NULL AS BINARY(16)),
CAST(NULL AS NUMERIC(15, 2)),
CAST(NULL AS BINARY(16)),
T47._Posted,
T47._Marked,
?
FROM dbo._Document276 T47 WITH(NOLOCK)
LEFT OUTER JOIN dbo._Document276 T48 WITH(NOLOCK)
ON T47._IDRRef = T48._IDRRef
WHERE (T47._Fld7771_TYPE = 0x08 AND T47._Fld7771_RTRef = 0x000000B3 AND T47._Fld7771_RRRef = ?)
UNION ALL SELECT
0x00000116,
T49._IDRRef,
T50._Date_Time,
0x08,
?,
0x00000116,
T49._IDRRef,
T49._Number,
T49._Date_Time,
CAST(NULL AS BINARY(16)),
CAST(NULL AS BINARY(1)),
CAST(NULL AS BINARY(1)),
?,
CAST(NULL AS BINARY(1)),
CAST(NULL AS BINARY(1)),
CAST(NULL AS NUMERIC(38,8)),
CAST(NULL AS DATETIME),
CAST(NULL AS NVARCHAR),
CAST(NULL AS VARBINARY),
CAST(NULL AS BINARY(4)),
CAST(NULL AS BINARY(16)),
CAST(NULL AS NUMERIC(15, 2)),
CAST(NULL AS BINARY(16)),
T49._Posted,
T49._Marked,
?
FROM dbo._Document278 T49 WITH(NOLOCK)
LEFT OUTER JOIN dbo._Document278 T50 WITH(NOLOCK)
ON T49._IDRRef = T50._IDRRef
WHERE (T49._Fld7881_TYPE = 0x08 AND T49._Fld7881_RTRef = 0x000000B3 AND T49._Fld7881_RRRef = ?)
UNION ALL SELECT
0x0000011C,
T51._IDRRef,
T52._Date_Time,
0x08,
?,
0x0000011C,
T51._IDRRef,
T51._Number,
T51._Date_Time,
CAST(NULL AS BINARY(16)),
CAST(NULL AS BINARY(1)),
CAST(NULL AS BINARY(1)),
?,
CAST(NULL AS BINARY(1)),
CAST(NULL AS BINARY(1)),
CAST(NULL AS NUMERIC(38,8)),
CAST(NULL AS DATETIME),
CAST(NULL AS NVARCHAR),
CAST(NULL AS VARBINARY),
CAST(NULL AS BINARY(4)),
CAST(NULL AS BINARY(16)),
CAST(NULL AS NUMERIC(15, 2)),
CAST(NULL AS BINARY(16)),
T51._Posted,
T51._Marked,
?
FROM dbo._Document284 T51 WITH(NOLOCK)
LEFT OUTER JOIN dbo._Document284 T52 WITH(NOLOCK)
ON T51._IDRRef = T52._IDRRef
WHERE (T51._Fld8119_TYPE = 0x08 AND T51._Fld8119_RTRef = 0x000000B3 AND T51._Fld8119_RRRef = ?)
UNION ALL SELECT
0x0000011D,
T53._IDRRef,
T54._Date_Time,
0x08,
?,
0x0000011D,
T53._IDRRef,
T53._Number,
T53._Date_Time,
CAST(NULL AS BINARY(16)),
CAST(NULL AS BINARY(1)),
CAST(NULL AS BINARY(1)),
?,
CAST(NULL AS BINARY(1)),
CAST(NULL AS BINARY(1)),
CAST(NULL AS NUMERIC(38,8)),
CAST(NULL AS DATETIME),
CAST(NULL AS NVARCHAR),
CAST(NULL AS VARBINARY),
CAST(NULL AS BINARY(4)),
CAST(NULL AS BINARY(16)),
T53._Fld8153,
T53._Fld8128RRef,
T53._Posted,
T53._Marked,
?
FROM dbo._Document285 T53 WITH(NOLOCK)
LEFT OUTER JOIN dbo._Document285 T54 WITH(NOLOCK)
ON T53._IDRRef = T54._IDRRef
WHERE (T53._Fld8135_TYPE = 0x08 AND T53._Fld8135_RTRef = 0x000000B3 AND T53._Fld8135_RRRef = ?)
UNION ALL SELECT
0x00000132,
T55._IDRRef,
T56._Date_Time,
0x08,
?,
0x00000132,
T55._IDRRef,
T55._Number,
T55._Date_Time,
CAST(NULL AS BINARY(16)),
CAST(NULL AS BINARY(1)),
CAST(NULL AS BINARY(1)),
?,
CAST(NULL AS BINARY(1)),
CAST(NULL AS BINARY(1)),
CAST(NULL AS NUMERIC(38,8)),
CAST(NULL AS DATETIME),
CAST(NULL AS NVARCHAR),
CAST(NULL AS VARBINARY),
CAST(NULL AS BINARY(4)),
CAST(NULL AS BINARY(16)),
T55._Fld8886,
CAST(NULL AS BINARY(16)),
T55._Posted,
T55._Marked,
?
FROM dbo._Document306 T55 WITH(NOLOCK)
LEFT OUTER JOIN dbo._Document306 T56 WITH(NOLOCK)
ON T55._IDRRef = T56._IDRRef
WHERE (T55._Fld8877_TYPE = 0x08 AND T55._Fld8877_RTRef = 0x000000B3 AND T55._Fld8877_RRRef = ?)
UNION ALL SELECT
0x00004FBC,
T57._IDRRef,
T58._Date_Time,
0x08,
?,
0x00004FBC,
T57._IDRRef,
T57._Number,
T57._Date_Time,
CAST(NULL AS BINARY(16)),
CAST(NULL AS BINARY(1)),
CAST(NULL AS BINARY(1)),
?,
CAST(NULL AS BINARY(1)),
CAST(NULL AS BINARY(1)),
CAST(NULL AS NUMERIC(38,8)),
CAST(NULL AS DATETIME),
CAST(NULL AS NVARCHAR),
CAST(NULL AS VARBINARY),
CAST(NULL AS BINARY(4)),
CAST(NULL AS BINARY(16)),
CAST(NULL AS NUMERIC(15, 2)),
CAST(NULL AS BINARY(16)),
T57._Posted,
T57._Marked,
?
FROM dbo._Document20412 T57 WITH(NOLOCK)
LEFT OUTER JOIN dbo._Document20412 T58 WITH(NOLOCK)
ON T57._IDRRef = T58._IDRRef
WHERE (T57._Fld20416_TYPE = 0x08 AND T57._Fld20416_RTRef = 0x000000B3 AND T57._Fld20416_RRRef = ?)
UNION ALL SELECT
0x00005492,
T59._IDRRef,
T60._Date_Time,
0x08,
?,
0x00005492,
T59._IDRRef,
T59._Number,
T59._Date_Time,
CAST(NULL AS BINARY(16)),
CAST(NULL AS BINARY(1)),
CAST(NULL AS BINARY(1)),
?,
CAST(NULL AS BINARY(1)),
CAST(NULL AS BINARY(1)),
CAST(NULL AS NUMERIC(38,8)),
CAST(NULL AS DATETIME),
CAST(NULL AS NVARCHAR),
CAST(NULL AS VARBINARY),
CAST(NULL AS BINARY(4)),
CAST(NULL AS BINARY(16)),
CAST(NULL AS NUMERIC(15, 2)),
CAST(NULL AS BINARY(16)),
T59._Posted,
T59._Marked,
?
FROM dbo._Document21650 T59 WITH(NOLOCK)
LEFT OUTER JOIN dbo._Document21650 T60 WITH(NOLOCK)
ON T59._IDRRef = T60._IDRRef
WHERE (T59._Fld21654_TYPE = 0x08 AND T59._Fld21654_RTRef = 0x000000B3 AND T59._Fld21654_RRRef = ?)
UNION ALL SELECT
0x000056EF,
T61._IDRRef,
T62._Date_Time,
0x08,
?,
0x000056EF,
T61._IDRRef,
T61._Number,
T61._Date_Time,
CAST(NULL AS BINARY(16)),
CAST(NULL AS BINARY(1)),
CAST(NULL AS BINARY(1)),
?,
CAST(NULL AS BINARY(1)),
CAST(NULL AS BINARY(1)),
CAST(NULL AS NUMERIC(38,8)),
CAST(NULL AS DATETIME),
CAST(NULL AS NVARCHAR),
CAST(NULL AS VARBINARY),
CAST(NULL AS BINARY(4)),
CAST(NULL AS BINARY(16)),
T61._Fld22412,
T61._Fld22409RRef,
T61._Posted,
T61._Marked,
?
FROM dbo._Document22255 T61 WITH(NOLOCK)
LEFT OUTER JOIN dbo._Document22255 T62 WITH(NOLOCK)
ON T61._IDRRef = T62._IDRRef
WHERE (T61._Fld22414_TYPE = 0x08 AND T61._Fld22414_RTRef = 0x000000B3 AND T61._Fld22414_RRRef = ?)
UNION ALL SELECT
0x000056F0,
T63._IDRRef,
T64._Date_Time,
0x08,
?,
0x000056F0,
T63._IDRRef,
T63._Number,
T63._Date_Time,
CAST(NULL AS BINARY(16)),
CAST(NULL AS BINARY(1)),
CAST(NULL AS BINARY(1)),
?,
CAST(NULL AS BINARY(1)),
CAST(NULL AS BINARY(1)),
CAST(NULL AS NUMERIC(38,8)),
CAST(NULL AS DATETIME),
CAST(NULL AS NVARCHAR),
CAST(NULL AS VARBINARY),
CAST(NULL AS BINARY(4)),
CAST(NULL AS BINARY(16)),
T63._Fld22430,
T63._Fld22426RRef,
T63._Posted,
T63._Marked,
?
FROM dbo._Document22256 T63 WITH(NOLOCK)
LEFT OUTER JOIN dbo._Document22256 T64 WITH(NOLOCK)
ON T63._IDRRef = T64._IDRRef
WHERE (T63._Fld22432_TYPE = 0x08 AND T63._Fld22432_RTRef = 0x000000B3 AND T63._Fld22432_RRRef = ?)
UNION ALL SELECT
0x0000599D,
T65._IDRRef,
T66._Date_Time,
0x08,
?,
0x0000599D,
T65._IDRRef,
T65._Number,
T65._Date_Time,
CAST(NULL AS BINARY(16)),
CAST(NULL AS BINARY(1)),
CAST(NULL AS BINARY(1)),
?,
CAST(NULL AS BINARY(1)),
CAST(NULL AS BINARY(1)),
CAST(NULL AS NUMERIC(38,8)),
CAST(NULL AS DATETIME),
CAST(NULL AS NVARCHAR),
CAST(NULL AS VARBINARY),
CAST(NULL AS BINARY(4)),
CAST(NULL AS BINARY(16)),
CAST(NULL AS NUMERIC(15, 2)),
CAST(NULL AS BINARY(16)),
T65._Posted,
T65._Marked,
?
FROM dbo._Document22941 T65 WITH(NOLOCK)
LEFT OUTER JOIN dbo._Document22941 T66 WITH(NOLOCK)
ON T65._IDRRef = T66._IDRRef
WHERE (T65._Fld22958_TYPE = 0x08 AND T65._Fld22958_RTRef = 0x000000B3 AND T65._Fld22958_RRRef = ?)
UNION ALL SELECT
0x00005A39,
T67._IDRRef,
T68._Date_Time,
0x08,
?,
0x00005A39,
T67._IDRRef,
T67._Number,
T67._Date_Time,
CAST(NULL AS BINARY(16)),
CAST(NULL AS BINARY(1)),
CAST(NULL AS BINARY(1)),
?,
CAST(NULL AS BINARY(1)),
CAST(NULL AS BINARY(1)),
CAST(NULL AS NUMERIC(38,8)),
CAST(NULL AS DATETIME),
CAST(NULL AS NVARCHAR),
CAST(NULL AS VARBINARY),
CAST(NULL AS BINARY(4)),
CAST(NULL AS BINARY(16)),
CAST(NULL AS NUMERIC(15, 2)),
CAST(NULL AS BINARY(16)),
T67._Posted,
T67._Marked,
?
FROM dbo._Document23097 T67 WITH(NOLOCK)
LEFT OUTER JOIN dbo._Document23097 T68 WITH(NOLOCK)
ON T67._IDRRef = T68._IDRRef
WHERE (T67._Fld23102_TYPE = 0x08 AND T67._Fld23102_RTRef = 0x000000B3 AND T67._Fld23102_RRRef = ?)
ORDER BY 3
p_0: ''
p_1: 0N
p_2: 'АктОбОказанииПроизводственныхУслуг'
p_3: 0xB6CD005056B63BCB11EDCD9D58964A06
p_4: ''
p_5: 1N
p_6: 'ВнутреннийЗаказ'
p_7: 0xB6CD005056B63BCB11EDCD9D58964A06
p_8: ''
p_9: 2N
p_10: 'ВозвратТоваровОтПокупателя'
p_11: 0xB6CD005056B63BCB11EDCD9D58964A06
p_12: 3N
p_13: 'ЗаказПокупателя'
p_14: 0xB6CD005056B63BCB11EDCD9D58964A06
p_15: ''
p_16: 4N
p_17: 'ЗаказПоставщику'
p_18: 0xB6CD005056B63BCB11EDCD9D58964A06
p_19: ''
p_20: 5N
p_21: 'КомплектацияНоменклатуры'
p_22: 0xB6CD005056B63BCB11EDCD9D58964A06
p_23: ''
p_24: 6N
p_25: 'КорректировкаЗаказаПокупателя'
p_26: 0xB6CD005056B63BCB11EDCD9D58964A06
p_27: ''
p_28: 7N
p_29: 'ма_КонвертацияБуферногоНоминала'
p_30: 0xB6CD005056B63BCB11EDCD9D58964A06
p_31: ''
p_32: 8N
p_33: 'мчт_ЗаданиеНаДоставку'
p_34: 0xB6CD005056B63BCB11EDCD9D58964A06
p_35: ''
p_36: 9N
p_37: 'мчт_ОплатаККМ'
p_38: 0xB6CD005056B63BCB11EDCD9D58964A06
p_39: ''
p_40: 10N
p_41: 'мчт_РеестрДоставки'
p_42: 0xB6CD005056B63BCB11EDCD9D58964A06
p_43: ''
p_44: 11N
p_45: 'мчт_РозничнаяОплата'
p_46: 0xB6CD005056B63BCB11EDCD9D58964A06
p_47: ''
p_48: 12N
p_49: 'мчт_фактПоАкции'
p_50: 0xB6CD005056B63BCB11EDCD9D58964A06
p_51: ''
p_52: 12N
p_53: 'мчт_фактПоАкции'
p_54: 0xB6CD005056B63BCB11EDCD9D58964A06
p_55: ''
p_56: 13N
p_57: 'ОплатаОтПокупателяПлатежнойКартой'
p_58: 0xB6CD005056B63BCB11EDCD9D58964A06
p_59: ''
p_60: 14N
p_61: 'ОтчетКомиссионераОПродажах'
p_62: 0xB6CD005056B63BCB11EDCD9D58964A06
p_63: ''
p_64: 15N
p_65: 'ПеремещениеТоваров'
p_66: 0xB6CD005056B63BCB11EDCD9D58964A06
p_67: ''
p_68: 16N
p_69: 'ПланируемоеПоступлениеДенежныхСредств'
p_70: 0xB6CD005056B63BCB11EDCD9D58964A06
p_71: ''
p_72: 17N
p_73: 'ПлатежноеПоручениеВходящее'
p_74: 0xB6CD005056B63BCB11EDCD9D58964A06
p_75: ''
p_76: 18N
p_77: 'ПлатежныйОрдерПоступлениеДенежныхСредств'
p_78: 0xB6CD005056B63BCB11EDCD9D58964A06
p_79: ''
p_80: 19N
p_81: 'ПриходныйКассовыйОрдер'
p_82: 0xB6CD005056B63BCB11EDCD9D58964A06
p_83: ''
p_84: 20N
p_85: 'РасходныйКассовыйОрдер'
p_86: 0xB6CD005056B63BCB11EDCD9D58964A06
p_87: ''
p_88: 21N
p_89: 'РеализацияТоваровУслуг'
p_90: 0xB6CD005056B63BCB11EDCD9D58964A06
p_91: ''
p_92: 22N
p_93: 'РезервированиеТоваров'
p_94: 0xB6CD005056B63BCB11EDCD9D58964A06
p_95: ''
p_96: 23N
p_97: 'Событие'
p_98: 0xB6CD005056B63BCB11EDCD9D58964A06
p_99: ''
p_100: 24N
p_101: 'Сторнирование'
p_102: 0xB6CD005056B63BCB11EDCD9D58964A06
p_103: ''
p_104: 25N
p_105: 'СчетНаОплатуПокупателю'
p_106: 0xB6CD005056B63BCB11EDCD9D58964A06
p_107: ''
p_108: 26N
p_109: 'ЧекККМ'
p_110: 0xB6CD005056B63BCB11EDCD9D58964A06
p_111: ''
p_112: 27N
p_113: 'мчт_ЗаданиеОрдер'
p_114: 0xB6CD005056B63BCB11EDCD9D58964A06
p_115: ''
p_116: 28N
p_117: 'мчт_ФискальныйЧек'
p_118: 0xB6CD005056B63BCB11EDCD9D58964A06
p_119: ''
p_120: 29N
p_121: 'ЗаявкаНаУменьшениеСуммыПлатежа'
p_122: 0xB6CD005056B63BCB11EDCD9D58964A06
p_123: ''
p_124: 30N
p_125: 'ЗаявкаНаПоступление'
p_126: 0xB6CD005056B63BCB11EDCD9D58964A06
p_127: ''
p_128: 31N
p_129: 'мчт_ЗаданиеНаДоставкуРСД'
p_130: 0xB6CD005056B63BCB11EDCD9D58964A06
p_131: ''
p_132: 32N
p_133: 'мчт_ЗаданиеНаДоставкуПВЗ'
p_134: 0xB6CD005056B63BCB11EDCD9D58964A06
",Rows=4,RowsAffected=-1
00:45.816025-0,Context,2,process=rphost,p:processName=astoffice,OSThread=4288,t:clientID=187,t:applicationName=1CV8,t:computerName=RDS3,t:connectID=3283,SessionID=7818,Usr=Есимова Арайлым,Context='
Документ.ЗаказПокупателя.Форма.ФормаДокумента.Форма : 4451 : РаботаСДиалогами.ПоказатьСтруктуруПодчиненностиДокумента(Ссылка);
	ОбщийМодуль.РаботаСДиалогами.Модуль : 6173 : ФормаСтруктурыПодчиненности.Открыть();
		ОбщаяФорма.ФормаСтруктурыПодчиненности.Форма : 443 : ВывестиДеревоДокументов();
			ОбщаяФорма.ФормаСтруктурыПодчиненности.Форма : 16 : ВывестиПодчиненныеДокументы(мДерево);
				ОбщаяФорма.ФормаСтруктурыПодчиненности.Форма : 402 : Выборка = Запрос.Выполнить().Выбрать();'
00:53.272004-2312984,DBMSSQL,4,process=rphost,p:processName=astoffice,OSThread=4288,t:clientID=187,t:applicationName=1CV8,t:computerName=RDS3,t:connectID=3283,SessionID=7818,Usr=Есимова Арайлым,DBMS=DBMSSQL,DataBase=ASTSQLOFFICE2\AstOffice,Trans=0,dbpid=105,Sql="SELECT
0x00003532,
T1._IDRRef,
T2._Date_Time,
0x00003532,
T1._IDRRef,
T1._Number,
T1._Date_Time,
?,
CAST(NULL AS BINARY(1)),
CAST(NULL AS BINARY(1)),
CAST(NULL AS NUMERIC(38,8)),
CAST(NULL AS DATETIME),
CAST(NULL AS NVARCHAR),
CAST(NULL AS VARBINARY),
CAST(NULL AS BINARY(4)),
CAST(NULL AS BINARY(16)),
CAST(NULL AS NUMERIC(15, 2)),
CAST(NULL AS BINARY(16)),
T1._Posted,
T1._Marked,
?
FROM dbo._Document13618 T1 WITH(NOLOCK)
LEFT OUTER JOIN dbo._Document13618 T2 WITH(NOLOCK)
ON T1._IDRRef = T2._IDRRef
WHERE (T1._Fld16131_TYPE = 0x08 AND T1._Fld16131_RTRef = 0x00005492 AND T1._Fld16131_RRRef = ?)
UNION ALL SELECT
0x00003E0C,
T3._Document15884_IDRRef,
T4._Date_Time,
CASE WHEN T4._IDRRef IS NOT NULL THEN 0x00003E0C END,
T4._IDRRef,
T4._Number,
T4._Date_Time,
?,
CAST(NULL AS BINARY(1)),
CAST(NULL AS BINARY(1)),
CAST(NULL AS NUMERIC(38,8)),
CAST(NULL AS DATETIME),
CAST(NULL AS NVARCHAR),
CAST(NULL AS VARBINARY),
CAST(NULL AS BINARY(4)),
CAST(NULL AS BINARY(16)),
CAST(NULL AS NUMERIC(15, 2)),
CAST(NULL AS BINARY(16)),
T4._Posted,
T4._Marked,
?
FROM dbo._Document15884_VT15886 T3 WITH(NOLOCK)
LEFT OUTER JOIN dbo._Document15884 T4 WITH(NOLOCK)
ON T3._Document15884_IDRRef = T4._IDRRef
WHERE (T3._Fld15894_TYPE = 0x08 AND T3._Fld15894_RTRef = 0x00005492 AND T3._Fld15894_RRRef = ?)
UNION ALL SELECT
0x00003E0C,
T5._Document15884_IDRRef,
T6._Date_Time,
CASE WHEN T6._IDRRef IS NOT NULL THEN 0x00003E0C END,
T6._IDRRef,
T6._Number,
T6._Date_Time,
?,
CAST(NULL AS BINARY(1)),
CAST(NULL AS BINARY(1)),
CAST(NULL AS NUMERIC(38,8)),
CAST(NULL AS DATETIME),
CAST(NULL AS NVARCHAR),
CAST(NULL AS VARBINARY),
CAST(NULL AS BINARY(4)),
CAST(NULL AS BINARY(16)),
CAST(NULL AS NUMERIC(15, 2)),
CAST(NULL AS BINARY(16)),
T6._Posted,
T6._Marked,
?
FROM dbo._Document15884_VT15898 T5 WITH(NOLOCK)
LEFT OUTER JOIN dbo._Document15884 T6 WITH(NOLOCK)
ON T5._Document15884_IDRRef = T6._IDRRef
WHERE (T5._Fld15906_TYPE = 0x08 AND T5._Fld15906_RTRef = 0x00005492 AND T5._Fld15906_RRRef = ?)
UNION ALL SELECT
0x0000011C,
T7._IDRRef,
T8._Date_Time,
0x0000011C,
T7._IDRRef,
T7._Number,
T7._Date_Time,
?,
CAST(NULL AS BINARY(1)),
CAST(NULL AS BINARY(1)),
CAST(NULL AS NUMERIC(38,8)),
CAST(NULL AS DATETIME),
CAST(NULL AS NVARCHAR),
CAST(NULL AS VARBINARY),
CAST(NULL AS BINARY(4)),
CAST(NULL AS BINARY(16)),
CAST(NULL AS NUMERIC(15, 2)),
CAST(NULL AS BINARY(16)),
T7._Posted,
T7._Marked,
?
FROM dbo._Document284 T7 WITH(NOLOCK)
LEFT OUTER JOIN dbo._Document284 T8 WITH(NOLOCK)
ON T7._IDRRef = T8._IDRRef
WHERE (T7._Fld8119_TYPE = 0x08 AND T7._Fld8119_RTRef = 0x00005492 AND T7._Fld8119_RRRef = ?)
UNION ALL SELECT
0x00005492,
T9._IDRRef,
T10._Date_Time,
0x00005492,
T9._IDRRef,
T9._Number,
T9._Date_Time,
?,
CAST(NULL AS BINARY(1)),
CAST(NULL AS BINARY(1)),
CAST(NULL AS NUMERIC(38,8)),
CAST(NULL AS DATETIME),
CAST(NULL AS NVARCHAR),
CAST(NULL AS VARBINARY),
CAST(NULL AS BINARY(4)),
CAST(NULL AS BINARY(16)),
CAST(NULL AS NUMERIC(15, 2)),
CAST(NULL AS BINARY(16)),
T9._Posted,
T9._Marked,
?
FROM dbo._Document21650 T9 WITH(NOLOCK)
LEFT OUTER JOIN dbo._Document21650 T10 WITH(NOLOCK)
ON T9._IDRRef = T10._IDRRef
WHERE (T9._Fld21654_TYPE = 0x08 AND T9._Fld21654_RTRef = 0x00005492 AND T9._Fld21654_RRRef = ?)
UNION ALL SELECT
0x000056EF,
T11._IDRRef,
T12._Date_Time,
0x000056EF,
T11._IDRRef,
T11._Number,
T11._Date_Time,
?,
CAST(NULL AS BINARY(1)),
CAST(NULL AS BINARY(1)),
CAST(NULL AS NUMERIC(38,8)),
CAST(NULL AS DATETIME),
CAST(NULL AS NVARCHAR),
CAST(NULL AS VARBINARY),
CAST(NULL AS BINARY(4)),
CAST(NULL AS BINARY(16)),
T11._Fld22412,
T11._Fld22409RRef,
T11._Posted,
T11._Marked,
?
FROM dbo._Document22255 T11 WITH(NOLOCK)
LEFT OUTER JOIN dbo._Document22255 T12 WITH(NOLOCK)
ON T11._IDRRef = T12._IDRRef
WHERE (T11._Fld22414_TYPE = 0x08 AND T11._Fld22414_RTRef = 0x00005492 AND T11._Fld22414_RRRef = ?)
UNION ALL SELECT
0x000056F0,
T13._IDRRef,
T14._Date_Time,
0x000056F0,
T13._IDRRef,
T13._Number,
T13._Date_Time,
?,
CAST(NULL AS BINARY(1)),
CAST(NULL AS BINARY(1)),
CAST(NULL AS NUMERIC(38,8)),
CAST(NULL AS DATETIME),
CAST(NULL AS NVARCHAR),
CAST(NULL AS VARBINARY),
CAST(NULL AS BINARY(4)),
CAST(NULL AS BINARY(16)),
T13._Fld22430,
T13._Fld22426RRef,
T13._Posted,
T13._Marked,
?
FROM dbo._Document22256 T13 WITH(NOLOCK)
LEFT OUTER JOIN dbo._Document22256 T14 WITH(NOLOCK)
ON T13._IDRRef = T14._IDRRef
WHERE (T13._Fld22432_TYPE = 0x08 AND T13._Fld22432_RTRef = 0x00005492 AND T13._Fld22432_RRRef = ?)
ORDER BY 3
p_0: 0N
p_1: 'ма_КонвертацияБуферногоНоминала'
p_2: 0xB6CD005056B63BCB11EDD3667225FC57
p_3: 1N
p_4: 'мчт_фактПоАкции'
p_5: 0xB6CD005056B63BCB11EDD3667225FC57
p_6: 1N
p_7: 'мчт_фактПоАкции'
p_8: 0xB6CD005056B63BCB11EDD3667225FC57
p_9: 2N
p_10: 'Сторнирование'
p_11: 0xB6CD005056B63BCB11EDD3667225FC57
p_12: 3N
p_13: 'мчт_ФискальныйЧек'
p_14: 0xB6CD005056B63BCB11EDD3667225FC57
p_15: 4N
p_16: 'ЗаявкаНаУменьшениеСуммыПлатежа'
p_17: 0xB6CD005056B63BCB11EDD3667225FC57
p_18: 5N
p_19: 'ЗаявкаНаПоступление'
p_20: 0xB6CD005056B63BCB11EDD3667225FC57
",Rows=0,RowsAffected=0
00:53.272009-0,Context,2,process=rphost,p:processName=astoffice,OSThread=4288,t:clientID=187,t:applicationName=1CV8,t:computerName=RDS3,t:connectID=3283,SessionID=7818,Usr=Есимова Арайлым,Context='
Документ.ЗаказПокупателя.Форма.ФормаДокумента.Форма : 4451 : РаботаСДиалогами.ПоказатьСтруктуруПодчиненностиДокумента(Ссылка);
	ОбщийМодуль.РаботаСДиалогами.Модуль : 6173 : ФормаСтруктурыПодчиненности.Открыть();
		ОбщаяФорма.ФормаСтруктурыПодчиненности.Форма : 443 : ВывестиДеревоДокументов();
			ОбщаяФорма.ФормаСтруктурыПодчиненности.Форма : 16 : ВывестиПодчиненныеДокументы(мДерево);
				ОбщаяФорма.ФормаСтруктурыПодчиненности.Форма : 416 : ВывестиПодчиненныеДокументы(НоваяСтрока);
					ОбщаяФорма.ФормаСтруктурыПодчиненности.Форма : 402 : Выборка = Запрос.Выполнить().Выбрать();'
04:19.776001-1046976,DBMSSQL,4,process=rphost,p:processName=astoffice,OSThread=12916,t:clientID=358,t:applicationName=1CV8,t:computerName=AST12TSDAST,t:connectID=5397,SessionID=18450,Usr=Максутова Айгерим,DBMS=DBMSSQL,DataBase=ASTSQLOFFICE2\AstOffice,Trans=0,dbpid=81,Sql='INSERT INTO #tt3 WITH(TABLOCK) (_Q_001_F_000, _Q_001_F_001RRef, _Q_001_F_002RRef, _Q_001_F_003RRef, _Q_001_F_004RRef, _Q_001_F_005, _Q_001_F_006, _Q_001_F_007, _Q_001_F_008) SELECT
T1._Q_001_F_000,
T1._Q_001_F_001RRef,
T1._Q_001_F_002RRef,
T1._Q_001_F_003RRef,
T1._Q_001_F_004RRef,
CASE WHEN (T6._Fld12929RRef = ?) THEN ? ELSE CASE WHEN EXISTS(SELECT
1
FROM #tt2 T7 WITH(NOLOCK)
LEFT OUTER JOIN dbo._Document12922 T8 WITH(NOLOCK)
ON T7._Q_001_F_004RRef = T8._IDRRef
WHERE (0x08 = T8._Fld12930_TYPE AND 0x0000327A = T8._Fld12930_RTRef AND T1._Q_001_F_004RRef = T8._Fld12930_RRRef)) THEN ? ELSE ? END END,
CASE WHEN (T6._Fld12929RRef = ?) THEN CASE WHEN (T1._Q_001_F_005 > ?) THEN (T1._Q_001_F_005 - ?) ELSE ? END ELSE CASE WHEN EXISTS(SELECT
1
FROM #tt2 T9 WITH(NOLOCK)
LEFT OUTER JOIN dbo._Document12922 T10 WITH(NOLOCK)
ON T9._Q_001_F_004RRef = T10._IDRRef
WHERE (0x08 = T10._Fld12930_TYPE AND 0x0000327A = T10._Fld12930_RTRef AND T1._Q_001_F_004RRef = T10._Fld12930_RRRef)) THEN T1._Q_001_F_005 ELSE CASE WHEN (T1._Q_001_F_005 > ?) THEN (T1._Q_001_F_005 - ?) ELSE ? END END END,
CASE WHEN T1._Q_001_F_006 = 0x01 THEN ISNULL(CAST(T5._Fld14618 AS NUMERIC(10, 0)),?) ELSE ISNULL(CAST(T5._Fld21749 AS NUMERIC(5, 0)),?) END,
CASE WHEN T1._Q_001_F_006 = 0x01 THEN ISNULL(CAST(T5._Fld14619 AS NUMERIC(10, 0)),?) ELSE ? END
FROM #tt2 T1 WITH(NOLOCK)
LEFT OUTER JOIN dbo._Reference14571 T2 WITH(NOLOCK)
ON T1._Q_001_F_001RRef = T2._IDRRef
LEFT OUTER JOIN dbo._Reference14614 T3 WITH(NOLOCK)
ON T1._Q_001_F_003RRef = T3._IDRRef
LEFT OUTER JOIN dbo._Reference14614 T4 WITH(NOLOCK)
ON T3._ParentIDRRef = T4._IDRRef
LEFT OUTER JOIN dbo._Reference14613_VT14615 T5 WITH(NOLOCK)
ON (T2._Fld14622RRef = T5._Reference14613_IDRRef) AND ((T1._Q_001_F_003RRef = T5._Fld14617RRef) OR (T3._ParentIDRRef = T5._Fld14617RRef) OR (T4._ParentIDRRef = T5._Fld14617RRef))
LEFT OUTER JOIN dbo._Document12922 T6 WITH(NOLOCK)
ON T1._Q_001_F_004RRef = T6._IDRRef
p_0: 0xB3AF765B256DD8A2450C8275EA90493A
p_1: 1N
p_2: 0N
p_3: 1N
p_4: 0xB3AF765B256DD8A2450C8275EA90493A
p_5: 1N
p_6: 1N
p_7: 0N
p_8: 1N
p_9: 1N
p_10: 0N
p_11: 0N
p_12: 0N
p_13: 0N
p_14: 0N
',Rows=0,RowsAffected=0
04:19.776014-0,Context,2,process=rphost,p:processName=astoffice,OSThread=12916,t:clientID=358,t:applicationName=1CV8,t:computerName=AST12TSDAST,t:connectID=5397,SessionID=18450,Usr=Максутова Айгерим,Context='
ВнешняяОбработка.мчт_ПечатьРеестраИсполненияДоставки.Форма.Форма.Форма : 4 : ТабДокумент = ПечатьРеестра();
	ВнешняяОбработка.мчт_ПечатьРеестраИсполненияДоставки.МодульОбъекта : 299 : ВыборкаЗаданиеНаДоставку = Запрос.Выполнить().Выбрать();//ОбходРезультатаЗапроса.ПоГруппировкам);'
